<?xml version="1.0" encoding="UTF-8"?>
<coverage generated="1781106262693" clover="3.2.0">
  <project timestamp="1781106262693" name="All files">
    <metrics statements="652" coveredstatements="647" conditionals="507" coveredconditionals="460" methods="74" coveredmethods="73" elements="1233" coveredelements="1180" complexity="0" loc="652" ncloc="652" packages="2" files="13" classes="13"/>
    <package name="src">
      <metrics statements="594" coveredstatements="589" conditionals="493" coveredconditionals="446" methods="62" coveredmethods="61"/>
      <file name="apply.ts" path="/home/user/ProtoPulse/packages/graph/src/apply.ts">
        <metrics statements="135" coveredstatements="135" conditionals="110" coveredconditionals="110" methods="9" coveredmethods="9"/>
        <line num="22" count="403" type="stmt"/>
        <line num="23" count="403" type="stmt"/>
        <line num="28" count="73" type="stmt"/>
        <line num="29" count="73" type="cond" truecount="2" falsecount="0"/>
        <line num="30" count="3" type="stmt"/>
        <line num="31" count="3" type="stmt"/>
        <line num="33" count="73" type="stmt"/>
        <line num="37" count="3077" type="stmt"/>
        <line num="38" count="3077" type="stmt"/>
        <line num="39" count="3077" type="stmt"/>
        <line num="41" count="3077" type="cond" truecount="22" falsecount="0"/>
        <line num="43" count="557" type="cond" truecount="2" falsecount="0"/>
        <line num="44" count="463" type="stmt"/>
        <line num="45" count="339" type="cond" truecount="2" falsecount="0"/>
        <line num="47" count="461" type="stmt"/>
        <line num="56" count="557" type="stmt"/>
        <line num="60" count="214" type="stmt"/>
        <line num="61" count="214" type="cond" truecount="2" falsecount="0"/>
        <line num="63" count="113" type="stmt"/>
        <line num="64" count="68" type="stmt"/>
        <line num="65" count="98" type="stmt"/>
        <line num="66" count="68" type="cond" truecount="4" falsecount="0"/>
        <line num="68" count="113" type="stmt"/>
        <line num="69" count="113" type="stmt"/>
        <line num="70" count="113" type="stmt"/>
        <line num="71" count="113" type="stmt"/>
        <line num="75" count="22" type="stmt"/>
        <line num="76" count="22" type="cond" truecount="2" falsecount="0"/>
        <line num="77" count="21" type="cond" truecount="4" falsecount="0"/>
        <line num="78" count="5" type="stmt"/>
        <line num="79" count="12" type="cond" truecount="2" falsecount="0"/>
        <line num="81" count="4" type="stmt"/>
        <line num="83" count="20" type="cond" truecount="2" falsecount="0"/>
        <line num="84" count="13" type="cond" truecount="2" falsecount="0"/>
        <line num="85" count="11" type="stmt"/>
        <line num="87" count="20" type="cond" truecount="2" falsecount="0"/>
        <line num="88" count="20" type="cond" truecount="2" falsecount="0"/>
        <line num="89" count="20" type="stmt"/>
        <line num="93" count="1135" type="stmt"/>
        <line num="94" count="1135" type="cond" truecount="2" falsecount="0"/>
        <line num="95" count="285" type="stmt"/>
        <line num="97" count="850" type="stmt"/>
        <line num="98" count="850" type="cond" truecount="2" falsecount="0"/>
        <line num="99" count="58" type="stmt"/>
        <line num="103" count="792" type="cond" truecount="2" falsecount="0"/>
        <line num="104" count="390" type="stmt"/>
        <line num="105" count="390" type="cond" truecount="2" falsecount="0"/>
        <line num="106" count="319" type="stmt"/>
        <line num="107" count="319" type="stmt"/>
        <line num="109" count="402" type="cond" truecount="2" falsecount="0"/>
        <line num="110" count="1" type="stmt"/>
        <line num="112" count="401" type="cond" truecount="2" falsecount="0"/>
        <line num="113" count="399" type="stmt"/>
        <line num="119" count="399" type="stmt"/>
        <line num="120" count="399" type="stmt"/>
        <line num="124" count="220" type="stmt"/>
        <line num="125" count="220" type="cond" truecount="2" falsecount="0"/>
        <line num="126" count="59" type="stmt"/>
        <line num="127" count="46" type="cond" truecount="2" falsecount="0"/>
        <line num="128" count="46" type="stmt"/>
        <line num="132" count="224" type="stmt"/>
        <line num="133" count="224" type="stmt"/>
        <line num="134" count="224" type="cond" truecount="2" falsecount="0"/>
        <line num="135" count="21" type="cond" truecount="2" falsecount="0"/>
        <line num="136" count="9" type="cond" truecount="2" falsecount="0"/>
        <line num="137" count="6" type="stmt"/>
        <line num="138" count="5" type="stmt"/>
        <line num="139" count="5" type="cond" truecount="2" falsecount="0"/>
        <line num="140" count="3" type="cond" truecount="2" falsecount="0"/>
        <line num="141" count="3" type="stmt"/>
        <line num="142" count="3" type="stmt"/>
        <line num="144" count="5" type="stmt"/>
        <line num="145" count="5" type="stmt"/>
        <line num="149" count="7" type="stmt"/>
        <line num="150" count="7" type="cond" truecount="2" falsecount="0"/>
        <line num="151" count="6" type="cond" truecount="2" falsecount="0"/>
        <line num="152" count="5" type="stmt"/>
        <line num="153" count="5" type="stmt"/>
        <line num="154" count="6" type="cond" truecount="2" falsecount="0"/>
        <line num="156" count="9" type="stmt"/>
        <line num="157" count="4" type="stmt"/>
        <line num="163" count="4" type="stmt"/>
        <line num="164" count="4" type="cond" truecount="2" falsecount="0"/>
        <line num="165" count="4" type="stmt"/>
        <line num="169" count="112" type="stmt"/>
        <line num="170" count="112" type="cond" truecount="2" falsecount="0"/>
        <line num="171" count="111" type="stmt"/>
        <line num="172" count="111" type="stmt"/>
        <line num="176" count="9" type="stmt"/>
        <line num="177" count="9" type="cond" truecount="2" falsecount="0"/>
        <line num="178" count="8" type="stmt"/>
        <line num="179" count="8" type="stmt"/>
        <line num="183" count="15" type="cond" truecount="2" falsecount="0"/>
        <line num="184" count="14" type="stmt"/>
        <line num="189" count="15" type="stmt"/>
        <line num="193" count="6" type="cond" truecount="2" falsecount="0"/>
        <line num="194" count="5" type="stmt"/>
        <line num="195" count="5" type="stmt"/>
        <line num="200" count="501" type="cond" truecount="2" falsecount="0"/>
        <line num="201" count="100" type="stmt"/>
        <line num="203" count="401" type="cond" truecount="4" falsecount="0"/>
        <line num="204" count="1" type="stmt"/>
        <line num="206" count="400" type="stmt"/>
        <line num="211" count="400" type="stmt"/>
        <line num="215" count="6" type="cond" truecount="2" falsecount="0"/>
        <line num="216" count="1" type="stmt"/>
        <line num="218" count="5" type="stmt"/>
        <line num="219" count="5" type="stmt"/>
        <line num="223" count="27" type="cond" truecount="2" falsecount="0"/>
        <line num="224" count="26" type="cond" truecount="2" falsecount="0"/>
        <line num="225" count="23" type="stmt"/>
        <line num="226" count="26" type="stmt"/>
        <line num="232" count="3" type="stmt"/>
        <line num="235" count="1" type="stmt"/>
        <line num="238" count="1" type="stmt"/>
        <line num="239" count="1" type="stmt"/>
        <line num="243" count="12" type="stmt"/>
        <line num="244" count="12" type="stmt"/>
        <line num="249" count="5" type="stmt"/>
        <line num="250" count="5" type="stmt"/>
        <line num="251" count="5" type="stmt"/>
        <line num="252" count="14" type="stmt"/>
        <line num="253" count="14" type="cond" truecount="2" falsecount="0"/>
        <line num="254" count="13" type="stmt"/>
        <line num="257" count="4" type="stmt"/>
        <line num="258" count="4" type="stmt"/>
        <line num="259" count="4" type="stmt"/>
        <line num="260" count="4" type="stmt"/>
        <line num="261" count="4" type="stmt"/>
        <line num="262" count="4" type="stmt"/>
        <line num="263" count="4" type="stmt"/>
        <line num="264" count="4" type="stmt"/>
        <line num="265" count="4" type="stmt"/>
        <line num="266" count="4" type="stmt"/>
        <line num="267" count="4" type="stmt"/>
      </file>
      <file name="branch.ts" path="/home/user/ProtoPulse/packages/graph/src/branch.ts">
        <metrics statements="24" coveredstatements="24" conditionals="10" coveredconditionals="10" methods="9" coveredmethods="9"/>
        <line num="22" count="2" type="stmt"/>
        <line num="25" count="14" type="stmt"/>
        <line num="28" count="14" type="cond" truecount="2" falsecount="0"/>
        <line num="29" count="4" type="stmt"/>
        <line num="31" count="10" type="stmt"/>
        <line num="40" count="2" type="stmt"/>
        <line num="44" count="2" type="stmt"/>
        <line num="48" count="89" type="stmt"/>
        <line num="49" count="89" type="cond" truecount="2" falsecount="0"/>
        <line num="50" count="88" type="stmt"/>
        <line num="54" count="57" type="stmt"/>
        <line num="62" count="8" type="cond" truecount="2" falsecount="0"/>
        <line num="63" count="7" type="stmt"/>
        <line num="64" count="7" type="stmt"/>
        <line num="69" count="7" type="stmt"/>
        <line num="70" count="7" type="stmt"/>
        <line num="75" count="22" type="stmt"/>
        <line num="76" count="22" type="cond" truecount="2" falsecount="0"/>
        <line num="77" count="6" type="stmt"/>
        <line num="78" count="6" type="stmt"/>
        <line num="83" count="2" type="stmt"/>
        <line num="84" count="2" type="cond" truecount="2" falsecount="0"/>
        <line num="85" count="1" type="stmt"/>
        <line num="90" count="7" type="stmt"/>
      </file>
      <file name="diff.ts" path="/home/user/ProtoPulse/packages/graph/src/diff.ts">
        <metrics statements="70" coveredstatements="70" conditionals="75" coveredconditionals="75" methods="7" coveredmethods="7"/>
        <line num="44" count="3" type="stmt"/>
        <line num="65" count="8" type="stmt"/>
        <line num="69" count="134" type="stmt"/>
        <line num="70" count="134" type="cond" truecount="2" falsecount="0"/>
        <line num="71" count="134" type="cond" truecount="6" falsecount="0"/>
        <line num="72" count="134" type="cond" truecount="2" falsecount="0"/>
        <line num="73" count="134" type="cond" truecount="2" falsecount="0"/>
        <line num="74" count="134" type="cond" truecount="2" falsecount="0"/>
        <line num="75" count="134" type="cond" truecount="2" falsecount="0"/>
        <line num="76" count="1" type="stmt"/>
        <line num="78" count="134" type="stmt"/>
        <line num="82" count="47" type="stmt"/>
        <line num="90" count="47" type="stmt"/>
        <line num="91" count="138" type="stmt"/>
        <line num="92" count="138" type="cond" truecount="2" falsecount="0"/>
        <line num="93" count="4" type="stmt"/>
        <line num="94" count="4" type="stmt"/>
        <line num="96" count="134" type="stmt"/>
        <line num="97" count="134" type="cond" truecount="2" falsecount="0"/>
        <line num="99" count="47" type="stmt"/>
        <line num="100" count="139" type="cond" truecount="2" falsecount="0"/>
        <line num="104" count="47" type="stmt"/>
        <line num="105" count="47" type="stmt"/>
        <line num="106" count="47" type="stmt"/>
        <line num="107" count="138" type="stmt"/>
        <line num="108" count="138" type="cond" truecount="2" falsecount="0"/>
        <line num="109" count="4" type="stmt"/>
        <line num="110" count="4" type="stmt"/>
        <line num="112" count="134" type="stmt"/>
        <line num="114" count="47" type="stmt"/>
        <line num="115" count="137" type="cond" truecount="2" falsecount="0"/>
        <line num="120" count="47" type="stmt"/>
        <line num="121" count="47" type="stmt"/>
        <line num="122" count="47" type="stmt"/>
        <line num="123" count="47" type="stmt"/>
        <line num="124" count="4" type="stmt"/>
        <line num="125" count="4" type="cond" truecount="4" falsecount="0"/>
        <line num="126" count="2" type="stmt"/>
        <line num="127" count="2" type="stmt"/>
        <line num="128" count="2" type="stmt"/>
        <line num="130" count="2" type="stmt"/>
        <line num="133" count="47" type="stmt"/>
        <line num="134" count="3" type="cond" truecount="2" falsecount="0"/>
        <line num="138" count="47" type="stmt"/>
        <line num="139" count="7" type="stmt"/>
        <line num="140" count="7" type="cond" truecount="4" falsecount="0"/>
        <line num="141" count="2" type="stmt"/>
        <line num="143" count="47" type="stmt"/>
        <line num="144" count="8" type="cond" truecount="2" falsecount="0"/>
        <line num="148" count="47" type="stmt"/>
        <line num="149" count="132" type="stmt"/>
        <line num="150" count="132" type="cond" truecount="2" falsecount="0"/>
        <line num="151" count="2" type="stmt"/>
        <line num="152" count="130" type="cond" truecount="2" falsecount="0"/>
        <line num="158" count="5" type="stmt"/>
        <line num="161" count="47" type="stmt"/>
        <line num="162" count="134" type="cond" truecount="2" falsecount="0"/>
        <line num="164" count="47" type="stmt"/>
        <line num="165" count="47" type="stmt"/>
        <line num="166" count="5" type="cond" truecount="2" falsecount="0"/>
        <line num="167" count="5" type="cond" truecount="2" falsecount="0"/>
        <line num="168" count="5" type="cond" truecount="2" falsecount="0"/>
        <line num="171" count="47" type="stmt"/>
        <line num="175" count="136" type="cond" truecount="2" falsecount="0"/>
        <line num="176" count="136" type="stmt"/>
        <line num="177" count="136" type="stmt"/>
        <line num="178" count="267" type="stmt"/>
        <line num="179" count="271" type="stmt"/>
        <line num="180" count="136" type="cond" truecount="4" falsecount="0"/>
        <line num="181" count="14" type="stmt"/>
      </file>
      <file name="ids.ts" path="/home/user/ProtoPulse/packages/graph/src/ids.ts">
        <metrics statements="9" coveredstatements="9" conditionals="1" coveredconditionals="1" methods="4" coveredmethods="4"/>
        <line num="13" count="1" type="stmt"/>
        <line num="14" count="2" type="stmt"/>
        <line num="22" count="3" type="stmt"/>
        <line num="23" count="3" type="stmt"/>
        <line num="25" count="4" type="stmt"/>
        <line num="26" count="4" type="stmt"/>
        <line num="27" count="4" type="stmt"/>
        <line num="28" count="4" type="stmt"/>
        <line num="34" count="1" type="stmt"/>
      </file>
      <file name="invariants.ts" path="/home/user/ProtoPulse/packages/graph/src/invariants.ts">
        <metrics statements="36" coveredstatements="36" conditionals="25" coveredconditionals="25" methods="1" coveredmethods="1"/>
        <line num="28" count="186" type="stmt"/>
        <line num="32" count="186" type="stmt"/>
        <line num="33" count="186" type="stmt"/>
        <line num="34" count="375" type="stmt"/>
        <line num="35" count="708" type="stmt"/>
        <line num="36" count="708" type="stmt"/>
        <line num="37" count="708" type="cond" truecount="2" falsecount="0"/>
        <line num="38" count="1" type="stmt"/>
        <line num="43" count="1" type="stmt"/>
        <line num="45" count="707" type="cond" truecount="4" falsecount="0"/>
        <line num="46" count="2" type="stmt"/>
        <line num="52" count="707" type="stmt"/>
        <line num="53" count="707" type="cond" truecount="2" falsecount="0"/>
        <line num="54" count="1" type="stmt"/>
        <line num="60" count="706" type="stmt"/>
        <line num="66" count="186" type="stmt"/>
        <line num="67" count="186" type="stmt"/>
        <line num="68" count="408" type="stmt"/>
        <line num="69" count="408" type="cond" truecount="2" falsecount="0"/>
        <line num="70" count="1" type="stmt"/>
        <line num="76" count="407" type="stmt"/>
        <line num="81" count="186" type="stmt"/>
        <line num="82" count="18" type="cond" truecount="2" falsecount="0"/>
        <line num="83" count="1" type="stmt"/>
        <line num="92" count="186" type="stmt"/>
        <line num="93" count="323" type="cond" truecount="2" falsecount="0"/>
        <line num="94" count="1" type="stmt"/>
        <line num="103" count="186" type="stmt"/>
        <line num="104" count="323" type="cond" truecount="4" falsecount="0"/>
        <line num="105" count="1" type="stmt"/>
        <line num="112" count="186" type="stmt"/>
        <line num="113" count="18" type="stmt"/>
        <line num="114" count="18" type="cond" truecount="2" falsecount="0"/>
        <line num="120" count="1" type="stmt"/>
        <line num="125" count="1" type="stmt"/>
        <line num="130" count="186" type="stmt"/>
      </file>
      <file name="inverse.ts" path="/home/user/ProtoPulse/packages/graph/src/inverse.ts">
        <metrics statements="85" coveredstatements="85" conditionals="80" coveredconditionals="73" methods="8" coveredmethods="8"/>
        <line num="15" count="39" type="cond" truecount="21" falsecount="1"/>
        <line num="17" count="2" type="stmt"/>
        <line num="20" count="4" type="stmt"/>
        <line num="23" count="3" type="stmt"/>
        <line num="24" count="3" type="cond" truecount="2" falsecount="0"/>
        <line num="26" count="2" type="stmt"/>
        <line num="27" count="2" type="cond" truecount="2" falsecount="0"/>
        <line num="28" count="2" type="cond" truecount="2" falsecount="2"/>
        <line num="29" count="2" type="cond" truecount="2" falsecount="0"/>
        <line num="30" count="2" type="cond" truecount="2" falsecount="0"/>
        <line num="31" count="2" type="stmt"/>
        <line num="35" count="4" type="stmt"/>
        <line num="38" count="3" type="stmt"/>
        <line num="39" count="3" type="cond" truecount="2" falsecount="0"/>
        <line num="40" count="2" type="cond" truecount="2" falsecount="0"/>
        <line num="42" count="1" type="stmt"/>
        <line num="44" count="1" type="stmt"/>
        <line num="48" count="2" type="stmt"/>
        <line num="49" count="2" type="stmt"/>
        <line num="50" count="2" type="cond" truecount="4" falsecount="0"/>
        <line num="51" count="1" type="stmt"/>
        <line num="56" count="1" type="stmt"/>
        <line num="57" count="1" type="stmt"/>
        <line num="58" count="1" type="stmt"/>
        <line num="62" count="2" type="stmt"/>
        <line num="63" count="2" type="cond" truecount="2" falsecount="0"/>
        <line num="64" count="1" type="stmt"/>
        <line num="68" count="2" type="stmt"/>
        <line num="69" count="2" type="cond" truecount="2" falsecount="0"/>
        <line num="70" count="1" type="stmt"/>
        <line num="74" count="2" type="stmt"/>
        <line num="75" count="2" type="cond" truecount="2" falsecount="0"/>
        <line num="76" count="1" type="stmt"/>
        <line num="80" count="1" type="stmt"/>
        <line num="83" count="2" type="stmt"/>
        <line num="84" count="2" type="cond" truecount="2" falsecount="0"/>
        <line num="85" count="1" type="stmt"/>
        <line num="97" count="3" type="stmt"/>
        <line num="98" count="3" type="cond" truecount="2" falsecount="0"/>
        <line num="99" count="1" type="stmt"/>
        <line num="111" count="2" type="stmt"/>
        <line num="112" count="2" type="cond" truecount="2" falsecount="0"/>
        <line num="113" count="1" type="stmt"/>
        <line num="125" count="2" type="cond" truecount="2" falsecount="0"/>
        <line num="126" count="2" type="stmt"/>
        <line num="130" count="1" type="stmt"/>
        <line num="131" count="1" type="stmt"/>
        <line num="132" count="2" type="cond" truecount="2" falsecount="0"/>
        <line num="134" count="1" type="stmt"/>
        <line num="140" count="1" type="stmt"/>
        <line num="141" count="1" type="stmt"/>
        <line num="142" count="1" type="stmt"/>
        <line num="143" count="4" type="stmt"/>
        <line num="147" count="4" type="stmt"/>
        <line num="149" count="1" type="stmt"/>
        <line num="157" count="3" type="stmt"/>
        <line num="165" count="4" type="stmt"/>
        <line num="169" count="6" type="stmt"/>
        <line num="174" count="2" type="stmt"/>
        <line num="175" count="2" type="cond" truecount="1" falsecount="1"/>
        <line num="176" count="2" type="stmt"/>
        <line num="177" count="2" type="stmt"/>
        <line num="178" count="2" type="stmt"/>
        <line num="179" count="2" type="stmt"/>
        <line num="180" count="2" type="stmt"/>
        <line num="181" count="2" type="stmt"/>
        <line num="185" count="4" type="stmt"/>
        <line num="186" count="4" type="cond" truecount="3" falsecount="1"/>
        <line num="187" count="4" type="stmt"/>
        <line num="195" count="4" type="stmt"/>
        <line num="196" count="4" type="cond" truecount="2" falsecount="0"/>
        <line num="197" count="3" type="stmt"/>
        <line num="207" count="4" type="cond" truecount="4" falsecount="0"/>
        <line num="208" count="1" type="stmt"/>
        <line num="214" count="3" type="stmt"/>
        <line num="215" count="3" type="cond" truecount="1" falsecount="1"/>
        <line num="216" count="3" type="stmt"/>
        <line num="224" count="3" type="stmt"/>
        <line num="225" count="16" type="stmt"/>
        <line num="226" count="9" type="cond" truecount="2" falsecount="0"/>
        <line num="227" count="6" type="stmt"/>
        <line num="228" count="6" type="cond" truecount="2" falsecount="0"/>
        <line num="230" count="5" type="stmt"/>
        <line num="233" count="1" type="stmt"/>
        <line num="236" count="3" type="stmt"/>
      </file>
      <file name="materialize.ts" path="/home/user/ProtoPulse/packages/graph/src/materialize.ts">
        <metrics statements="17" coveredstatements="17" conditionals="11" coveredconditionals="11" methods="1" coveredmethods="1"/>
        <line num="41" count="165" type="cond" truecount="2" falsecount="0"/>
        <line num="42" count="165" type="stmt"/>
        <line num="43" count="165" type="stmt"/>
        <line num="44" count="165" type="cond" truecount="2" falsecount="0"/>
        <line num="46" count="165" type="stmt"/>
        <line num="47" count="165" type="stmt"/>
        <line num="48" count="2933" type="stmt"/>
        <line num="49" count="2933" type="cond" truecount="2" falsecount="0"/>
        <line num="50" count="1093" type="stmt"/>
        <line num="51" count="1093" type="stmt"/>
        <line num="53" count="1840" type="stmt"/>
        <line num="54" count="64" type="stmt"/>
        <line num="56" count="1840" type="cond" truecount="2" falsecount="0"/>
        <line num="57" count="13" type="stmt"/>
        <line num="61" count="165" type="cond" truecount="2" falsecount="0"/>
        <line num="62" count="163" type="stmt"/>
        <line num="65" count="165" type="stmt"/>
      </file>
      <file name="merge.ts" path="/home/user/ProtoPulse/packages/graph/src/merge.ts">
        <metrics statements="115" coveredstatements="110" conditionals="121" coveredconditionals="85" methods="11" coveredmethods="10"/>
        <line num="42" count="15" type="stmt"/>
        <line num="43" count="15" type="stmt"/>
        <line num="44" count="15" type="stmt"/>
        <line num="45" count="15" type="stmt"/>
        <line num="48" count="15" type="stmt"/>
        <line num="49" count="1" type="cond" truecount="1" falsecount="1"/>
        <line num="50" count="1" type="stmt"/>
        <line num="51" count="1" type="cond" truecount="1" falsecount="1"/>
        <line num="52" count="1" type="stmt"/>
        <line num="60" count="1" type="cond" truecount="2" falsecount="2"/>
        <line num="61" count="1" type="stmt"/>
        <line num="67" count="1" type="stmt"/>
        <line num="68" count="1" type="cond" truecount="1" falsecount="1"/>
        <line num="69" count="1" type="stmt"/>
        <line num="80" count="15" type="stmt"/>
        <line num="81" count="15" type="stmt"/>
        <line num="82" count="2" type="cond" truecount="1" falsecount="1"/>
        <line num="83" count="2" type="cond" truecount="4" falsecount="0"/>
        <line num="84" count="1" type="stmt"/>
        <line num="85" count="1" type="stmt"/>
        <line num="87" count="1" type="stmt"/>
        <line num="90" count="15" type="stmt"/>
        <line num="91" count="15" type="stmt"/>
        <line num="92" count="1" type="cond" truecount="2" falsecount="2"/>
        <line num="93" count="1" type="stmt"/>
        <line num="98" count="15" type="stmt"/>
        <line num="99" count="4" type="cond" truecount="2" falsecount="0"/>
        <line num="100" count="3" type="stmt"/>
        <line num="101" count="3" type="cond" truecount="1" falsecount="1"/>
        <line num="102" count="4" type="stmt"/>
        <line num="103" count="4" type="stmt"/>
        <line num="104" count="3" type="stmt"/>
        <line num="105" count="3" type="cond" truecount="4" falsecount="0"/>
        <line num="106" count="1" type="stmt"/>
        <line num="115" count="1" type="stmt"/>
        <line num="117" count="2" type="cond" truecount="2" falsecount="0"/>
        <line num="118" count="1" type="cond" truecount="2" falsecount="2"/>
        <line num="119" count="1" type="cond" truecount="1" falsecount="3"/>
        <line num="120" count="1" type="cond" truecount="0" falsecount="2"/>
        <line num="121" count="0" type="stmt"/>
        <line num="125" count="0" type="stmt"/>
        <line num="136" count="3" type="cond" truecount="2" falsecount="0"/>
        <line num="137" count="1" type="stmt"/>
        <line num="144" count="15" type="stmt"/>
        <line num="145" count="15" type="cond" truecount="2" falsecount="0"/>
        <line num="146" count="15" type="cond" truecount="2" falsecount="0"/>
        <line num="147" count="15" type="stmt"/>
        <line num="148" count="15" type="stmt"/>
        <line num="149" count="266" type="stmt"/>
        <line num="151" count="15" type="stmt"/>
        <line num="152" count="92" type="cond" truecount="1" falsecount="1"/>
        <line num="153" count="92" type="cond" truecount="2" falsecount="0"/>
        <line num="154" count="86" type="cond" truecount="2" falsecount="0"/>
        <line num="155" count="92" type="cond" truecount="2" falsecount="0"/>
        <line num="156" count="92" type="cond" truecount="1" falsecount="1"/>
        <line num="157" count="92" type="stmt"/>
        <line num="158" count="92" type="stmt"/>
        <line num="159" count="92" type="cond" truecount="2" falsecount="0"/>
        <line num="160" count="4" type="cond" truecount="2" falsecount="0"/>
        <line num="161" count="1" type="cond" truecount="1" falsecount="1"/>
        <line num="163" count="1" type="stmt"/>
        <line num="164" count="1" type="stmt"/>
        <line num="167" count="3" type="cond" truecount="1" falsecount="1"/>
        <line num="168" count="92" type="cond" truecount="3" falsecount="1"/>
        <line num="169" count="0" type="stmt"/>
        <line num="171" count="3" type="cond" truecount="2" falsecount="0"/>
        <line num="172" count="3" type="cond" truecount="1" falsecount="1"/>
        <line num="173" count="3" type="stmt"/>
        <line num="174" count="3" type="stmt"/>
        <line num="179" count="3" type="cond" truecount="5" falsecount="0"/>
        <line num="180" count="1" type="stmt"/>
        <line num="181" count="1" type="cond" truecount="1" falsecount="1"/>
        <line num="182" count="0" type="stmt"/>
        <line num="189" count="15" type="stmt"/>
        <line num="190" count="2" type="cond" truecount="1" falsecount="1"/>
        <line num="191" count="2" type="stmt"/>
        <line num="192" count="2" type="cond" truecount="4" falsecount="0"/>
        <line num="193" count="1" type="stmt"/>
        <line num="202" count="1" type="stmt"/>
        <line num="204" count="1" type="cond" truecount="1" falsecount="1"/>
        <line num="208" count="15" type="stmt"/>
        <line num="209" count="1" type="cond" truecount="1" falsecount="1"/>
        <line num="210" count="1" type="stmt"/>
        <line num="211" count="1" type="cond" truecount="1" falsecount="1"/>
        <line num="212" count="1" type="stmt"/>
        <line num="219" count="15" type="stmt"/>
        <line num="220" count="2" type="cond" truecount="1" falsecount="1"/>
        <line num="221" count="2" type="cond" truecount="2" falsecount="0"/>
        <line num="222" count="1" type="stmt"/>
        <line num="231" count="1" type="stmt"/>
        <line num="233" count="1" type="stmt"/>
        <line num="237" count="15" type="stmt"/>
        <line num="238" count="2" type="cond" truecount="1" falsecount="1"/>
        <line num="239" count="2" type="cond" truecount="2" falsecount="0"/>
        <line num="240" count="1" type="stmt"/>
        <line num="241" count="1" type="cond" truecount="1" falsecount="1"/>
        <line num="242" count="1" type="stmt"/>
        <line num="244" count="15" type="stmt"/>
        <line num="245" count="1" type="cond" truecount="1" falsecount="1"/>
        <line num="246" count="1" type="cond" truecount="1" falsecount="1"/>
        <line num="247" count="1" type="cond" truecount="1" falsecount="1"/>
        <line num="248" count="1" type="stmt"/>
        <line num="251" count="1" type="stmt"/>
        <line num="255" count="15" type="stmt"/>
        <line num="259" count="4" type="cond" truecount="2" falsecount="0"/>
        <line num="263" count="5" type="cond" truecount="1" falsecount="1"/>
        <line num="267" count="1" type="stmt"/>
        <line num="271" count="0" type="stmt"/>
        <line num="275" count="1" type="stmt"/>
        <line num="276" count="2" type="stmt"/>
        <line num="277" count="2" type="stmt"/>
        <line num="278" count="6" type="stmt"/>
        <line num="279" count="12" type="cond" truecount="2" falsecount="0"/>
        <line num="282" count="2" type="stmt"/>
        <line num="284" count="1" type="stmt"/>
      </file>
      <file name="ops.ts" path="/home/user/ProtoPulse/packages/graph/src/ops.ts">
        <metrics statements="37" coveredstatements="37" conditionals="6" coveredconditionals="6" methods="3" coveredmethods="3"/>
        <line num="24" count="7" type="stmt"/>
        <line num="25" count="7" type="stmt"/>
        <line num="26" count="7" type="stmt"/>
        <line num="32" count="7" type="stmt"/>
        <line num="33" count="7" type="stmt"/>
        <line num="34" count="7" type="stmt"/>
        <line num="36" count="7" type="stmt"/>
        <line num="41" count="7" type="stmt"/>
        <line num="71" count="7" type="stmt"/>
        <line num="73" count="7" type="stmt"/>
        <line num="82" count="7" type="stmt"/>
        <line num="84" count="7" type="stmt"/>
        <line num="99" count="7" type="stmt"/>
        <line num="106" count="7" type="stmt"/>
        <line num="108" count="7" type="stmt"/>
        <line num="114" count="7" type="stmt"/>
        <line num="121" count="7" type="stmt"/>
        <line num="122" count="7" type="stmt"/>
        <line num="124" count="7" type="stmt"/>
        <line num="130" count="7" type="stmt"/>
        <line num="134" count="7" type="stmt"/>
        <line num="141" count="7" type="stmt"/>
        <line num="149" count="7" type="stmt"/>
        <line num="151" count="7" type="stmt"/>
        <line num="159" count="7" type="stmt"/>
        <line num="167" count="7" type="stmt"/>
        <line num="174" count="7" type="stmt"/>
        <line num="185" count="7" type="stmt"/>
        <line num="186" count="7" type="stmt"/>
        <line num="191" count="7" type="stmt"/>
        <line num="222" count="7" type="stmt"/>
        <line num="224" count="3" type="stmt"/>
        <line num="230" count="7" type="stmt"/>
        <line num="277" count="7" type="stmt"/>
        <line num="294" count="1158" type="stmt"/>
        <line num="299" count="2859" type="cond" truecount="2" falsecount="0"/>
        <line num="300" count="4" type="cond" truecount="4" falsecount="0"/>
      </file>
      <file name="types.ts" path="/home/user/ProtoPulse/packages/graph/src/types.ts">
        <metrics statements="20" coveredstatements="20" conditionals="10" coveredconditionals="10" methods="6" coveredmethods="6"/>
        <line num="17" count="8" type="stmt"/>
        <line num="19" count="8" type="stmt"/>
        <line num="32" count="2" type="stmt"/>
        <line num="36" count="1959" type="stmt"/>
        <line num="37" count="1959" type="cond" truecount="2" falsecount="0"/>
        <line num="38" count="1958" type="stmt"/>
        <line num="170" count="170" type="stmt"/>
        <line num="184" count="58" type="stmt"/>
        <line num="189" count="329" type="cond" truecount="2" falsecount="0"/>
        <line num="190" count="328" type="stmt"/>
        <line num="191" count="328" type="stmt"/>
        <line num="192" count="328" type="stmt"/>
        <line num="193" count="334" type="stmt"/>
        <line num="194" count="334" type="stmt"/>
        <line num="195" count="334" type="cond" truecount="4" falsecount="0"/>
        <line num="196" count="209" type="stmt"/>
        <line num="198" count="328" type="stmt"/>
        <line num="203" count="1333" type="stmt"/>
        <line num="204" count="1630" type="cond" truecount="2" falsecount="0"/>
        <line num="206" count="972" type="stmt"/>
      </file>
      <file name="value-parser.ts" path="/home/user/ProtoPulse/packages/graph/src/value-parser.ts">
        <metrics statements="46" coveredstatements="46" conditionals="44" coveredconditionals="40" methods="3" coveredmethods="3"/>
        <line num="25" count="1" type="stmt"/>
        <line num="37" count="1" type="stmt"/>
        <line num="46" count="1" type="stmt"/>
        <line num="56" count="1" type="stmt"/>
        <line num="59" count="14" type="stmt"/>
        <line num="60" count="42" type="cond" truecount="2" falsecount="0"/>
        <line num="62" count="1" type="stmt"/>
        <line num="69" count="40" type="stmt"/>
        <line num="70" count="40" type="cond" truecount="2" falsecount="0"/>
        <line num="73" count="38" type="stmt"/>
        <line num="74" count="38" type="cond" truecount="2" falsecount="0"/>
        <line num="75" count="8" type="stmt"/>
        <line num="76" count="8" type="stmt"/>
        <line num="77" count="8" type="cond" truecount="2" falsecount="0"/>
        <line num="78" count="1" type="stmt"/>
        <line num="80" count="7" type="stmt"/>
        <line num="81" count="7" type="cond" truecount="1" falsecount="1"/>
        <line num="84" count="7" type="cond" truecount="2" falsecount="0"/>
        <line num="85" count="8" type="stmt"/>
        <line num="89" count="30" type="stmt"/>
        <line num="90" count="30" type="cond" truecount="2" falsecount="0"/>
        <line num="91" count="28" type="stmt"/>
        <line num="92" count="28" type="stmt"/>
        <line num="93" count="28" type="cond" truecount="1" falsecount="1"/>
        <line num="97" count="28" type="stmt"/>
        <line num="98" count="28" type="stmt"/>
        <line num="99" count="28" type="cond" truecount="2" falsecount="0"/>
        <line num="100" count="16" type="stmt"/>
        <line num="101" count="16" type="cond" truecount="1" falsecount="1"/>
        <line num="102" count="16" type="stmt"/>
        <line num="105" count="28" type="cond" truecount="2" falsecount="0"/>
        <line num="106" count="40" type="cond" truecount="4" falsecount="0"/>
        <line num="107" count="1" type="stmt"/>
        <line num="109" count="27" type="cond" truecount="2" falsecount="0"/>
        <line num="110" count="14" type="stmt"/>
        <line num="111" count="14" type="cond" truecount="2" falsecount="0"/>
        <line num="112" count="11" type="stmt"/>
        <line num="115" count="24" type="stmt"/>
        <line num="116" count="24" type="cond" truecount="5" falsecount="0"/>
        <line num="117" count="1" type="stmt"/>
        <line num="119" count="23" type="stmt"/>
        <line num="126" count="14" type="cond" truecount="1" falsecount="1"/>
        <line num="127" count="14" type="stmt"/>
        <line num="128" count="14" type="cond" truecount="4" falsecount="0"/>
        <line num="129" count="4" type="cond" truecount="2" falsecount="0"/>
        <line num="131" count="3" type="stmt"/>
      </file>
    </package>
    <package name="src.store">
      <metrics statements="58" coveredstatements="58" conditionals="14" coveredconditionals="14" methods="12" coveredmethods="12"/>
      <file name="fs-store.ts" path="/home/user/ProtoPulse/packages/graph/src/store/fs-store.ts">
        <metrics statements="43" coveredstatements="43" conditionals="10" coveredconditionals="10" methods="5" coveredmethods="5"/>
        <line num="24" count="1" type="stmt"/>
        <line num="26" count="1" type="stmt"/>
        <line num="49" count="14" type="stmt"/>
        <line num="53" count="6" type="stmt"/>
        <line num="54" count="6" type="cond" truecount="2" falsecount="0"/>
        <line num="55" count="1" type="stmt"/>
        <line num="57" count="5" type="stmt"/>
        <line num="59" count="5" type="stmt"/>
        <line num="60" count="5" type="stmt"/>
        <line num="61" count="7" type="stmt"/>
        <line num="62" count="7" type="stmt"/>
        <line num="63" count="7" type="cond" truecount="2" falsecount="0"/>
        <line num="64" count="6" type="stmt"/>
        <line num="65" count="7" type="stmt"/>
        <line num="67" count="6" type="stmt"/>
        <line num="68" count="7" type="stmt"/>
        <line num="71" count="7" type="stmt"/>
        <line num="73" count="5" type="cond" truecount="2" falsecount="0"/>
        <line num="74" count="1" type="stmt"/>
        <line num="76" count="4" type="stmt"/>
        <line num="80" count="5" type="stmt"/>
        <line num="81" count="5" type="stmt"/>
        <line num="88" count="5" type="stmt"/>
        <line num="89" count="7" type="stmt"/>
        <line num="90" count="7" type="stmt"/>
        <line num="91" count="7" type="stmt"/>
        <line num="93" count="7" type="stmt"/>
        <line num="94" count="7" type="stmt"/>
        <line num="95" count="7" type="stmt"/>
        <line num="96" count="7" type="stmt"/>
        <line num="97" count="8" type="stmt"/>
        <line num="98" count="8" type="stmt"/>
        <line num="99" count="8" type="stmt"/>
        <line num="100" count="8" type="stmt"/>
        <line num="101" count="8" type="stmt"/>
        <line num="103" count="7" type="stmt"/>
        <line num="104" count="24" type="stmt"/>
        <line num="105" count="24" type="cond" truecount="4" falsecount="0"/>
        <line num="106" count="24" type="stmt"/>
        <line num="107" count="24" type="stmt"/>
        <line num="109" count="7" type="stmt"/>
        <line num="111" count="5" type="stmt"/>
        <line num="112" count="5" type="stmt"/>
      </file>
      <file name="serialize.ts" path="/home/user/ProtoPulse/packages/graph/src/store/serialize.ts">
        <metrics statements="15" coveredstatements="15" conditionals="4" coveredconditionals="4" methods="7" coveredmethods="7"/>
        <line num="17" count="37" type="cond" truecount="2" falsecount="0"/>
        <line num="21" count="11" type="stmt"/>
        <line num="22" count="11" type="stmt"/>
        <line num="23" count="64" type="stmt"/>
        <line num="24" count="64" type="cond" truecount="2" falsecount="0"/>
        <line num="25" count="51" type="stmt"/>
        <line num="27" count="10" type="stmt"/>
        <line num="45" count="13" type="stmt"/>
        <line num="66" count="2" type="stmt"/>
        <line num="88" count="2" type="stmt"/>
        <line num="90" count="2" type="stmt"/>
        <line num="95" count="2" type="stmt"/>
        <line num="109" count="2" type="stmt"/>
        <line num="118" count="1" type="stmt"/>
        <line num="122" count="2" type="stmt"/>
      </file>
    </package>
  </project>
</coverage>
