<?xml version="1.0" encoding="UTF-8"?>
<coverage generated="1781112424304" clover="3.2.0">
  <project timestamp="1781112424304" name="All files">
    <metrics statements="795" coveredstatements="790" conditionals="641" coveredconditionals="588" methods="83" coveredmethods="82" elements="1519" coveredelements="1460" complexity="0" loc="795" ncloc="795" packages="2" files="13" classes="13"/>
    <package name="src">
      <metrics statements="737" coveredstatements="732" conditionals="627" coveredconditionals="574" methods="71" coveredmethods="70"/>
      <file name="apply.ts" path="/home/user/ProtoPulse/packages/graph/src/apply.ts">
        <metrics statements="171" coveredstatements="171" conditionals="142" coveredconditionals="142" methods="10" coveredmethods="10"/>
        <line num="22" count="508" type="stmt"/>
        <line num="23" count="508" type="stmt"/>
        <line num="28" count="76" type="stmt"/>
        <line num="29" count="76" type="cond" truecount="2" falsecount="0"/>
        <line num="30" count="3" type="stmt"/>
        <line num="31" count="3" type="stmt"/>
        <line num="33" count="76" type="stmt"/>
        <line num="34" count="4" type="cond" truecount="2" falsecount="0"/>
        <line num="35" count="3" type="stmt"/>
        <line num="36" count="3" type="stmt"/>
        <line num="39" count="76" type="stmt"/>
        <line num="40" count="4" type="cond" truecount="2" falsecount="0"/>
        <line num="41" count="3" type="stmt"/>
        <line num="42" count="3" type="stmt"/>
        <line num="45" count="76" type="stmt"/>
        <line num="49" count="3713" type="stmt"/>
        <line num="50" count="3713" type="stmt"/>
        <line num="51" count="3713" type="stmt"/>
        <line num="53" count="3713" type="cond" truecount="26" falsecount="0"/>
        <line num="55" count="663" type="cond" truecount="2" falsecount="0"/>
        <line num="56" count="569" type="stmt"/>
        <line num="57" count="447" type="cond" truecount="2" falsecount="0"/>
        <line num="59" count="567" type="stmt"/>
        <line num="68" count="663" type="stmt"/>
        <line num="72" count="218" type="stmt"/>
        <line num="73" count="218" type="cond" truecount="2" falsecount="0"/>
        <line num="75" count="117" type="stmt"/>
        <line num="76" count="80" type="stmt"/>
        <line num="77" count="120" type="stmt"/>
        <line num="78" count="80" type="cond" truecount="4" falsecount="0"/>
        <line num="80" count="117" type="stmt"/>
        <line num="81" count="117" type="stmt"/>
        <line num="82" count="117" type="stmt"/>
        <line num="83" count="117" type="stmt"/>
        <line num="87" count="22" type="stmt"/>
        <line num="88" count="22" type="cond" truecount="2" falsecount="0"/>
        <line num="89" count="21" type="cond" truecount="4" falsecount="0"/>
        <line num="90" count="5" type="stmt"/>
        <line num="91" count="12" type="cond" truecount="2" falsecount="0"/>
        <line num="93" count="4" type="stmt"/>
        <line num="95" count="20" type="cond" truecount="2" falsecount="0"/>
        <line num="96" count="13" type="cond" truecount="2" falsecount="0"/>
        <line num="97" count="11" type="stmt"/>
        <line num="99" count="20" type="cond" truecount="2" falsecount="0"/>
        <line num="100" count="20" type="cond" truecount="2" falsecount="0"/>
        <line num="101" count="20" type="stmt"/>
        <line num="105" count="1338" type="stmt"/>
        <line num="106" count="1338" type="cond" truecount="2" falsecount="0"/>
        <line num="107" count="285" type="stmt"/>
        <line num="109" count="1053" type="stmt"/>
        <line num="110" count="1053" type="cond" truecount="2" falsecount="0"/>
        <line num="111" count="58" type="stmt"/>
        <line num="115" count="995" type="cond" truecount="2" falsecount="0"/>
        <line num="116" count="489" type="stmt"/>
        <line num="117" count="489" type="cond" truecount="2" falsecount="0"/>
        <line num="118" count="418" type="stmt"/>
        <line num="119" count="418" type="stmt"/>
        <line num="121" count="506" type="cond" truecount="2" falsecount="0"/>
        <line num="122" count="1" type="stmt"/>
        <line num="124" count="505" type="cond" truecount="2" falsecount="0"/>
        <line num="125" count="503" type="stmt"/>
        <line num="131" count="503" type="stmt"/>
        <line num="132" count="503" type="stmt"/>
        <line num="136" count="222" type="stmt"/>
        <line num="137" count="222" type="cond" truecount="2" falsecount="0"/>
        <line num="138" count="61" type="stmt"/>
        <line num="139" count="48" type="cond" truecount="2" falsecount="0"/>
        <line num="140" count="48" type="stmt"/>
        <line num="144" count="226" type="stmt"/>
        <line num="145" count="226" type="stmt"/>
        <line num="146" count="226" type="cond" truecount="2" falsecount="0"/>
        <line num="147" count="23" type="cond" truecount="2" falsecount="0"/>
        <line num="148" count="11" type="cond" truecount="2" falsecount="0"/>
        <line num="149" count="7" type="stmt"/>
        <line num="150" count="7" type="stmt"/>
        <line num="151" count="7" type="cond" truecount="2" falsecount="0"/>
        <line num="152" count="3" type="cond" truecount="2" falsecount="0"/>
        <line num="153" count="3" type="stmt"/>
        <line num="154" count="3" type="stmt"/>
        <line num="157" count="7" type="stmt"/>
        <line num="158" count="3" type="cond" truecount="2" falsecount="0"/>
        <line num="160" count="7" type="stmt"/>
        <line num="161" count="3" type="cond" truecount="2" falsecount="0"/>
        <line num="163" count="7" type="stmt"/>
        <line num="164" count="7" type="stmt"/>
        <line num="168" count="8" type="stmt"/>
        <line num="169" count="8" type="cond" truecount="2" falsecount="0"/>
        <line num="170" count="7" type="cond" truecount="2" falsecount="0"/>
        <line num="171" count="6" type="stmt"/>
        <line num="172" count="6" type="stmt"/>
        <line num="173" count="8" type="cond" truecount="2" falsecount="0"/>
        <line num="175" count="13" type="stmt"/>
        <line num="176" count="5" type="stmt"/>
        <line num="182" count="5" type="stmt"/>
        <line num="183" count="5" type="cond" truecount="2" falsecount="0"/>
        <line num="184" count="5" type="stmt"/>
        <line num="188" count="147" type="stmt"/>
        <line num="189" count="147" type="cond" truecount="2" falsecount="0"/>
        <line num="190" count="146" type="stmt"/>
        <line num="191" count="146" type="stmt"/>
        <line num="195" count="12" type="stmt"/>
        <line num="196" count="12" type="cond" truecount="2" falsecount="0"/>
        <line num="197" count="11" type="stmt"/>
        <line num="198" count="11" type="stmt"/>
        <line num="202" count="15" type="cond" truecount="2" falsecount="0"/>
        <line num="203" count="14" type="stmt"/>
        <line num="208" count="15" type="stmt"/>
        <line num="212" count="6" type="cond" truecount="2" falsecount="0"/>
        <line num="213" count="5" type="stmt"/>
        <line num="214" count="5" type="stmt"/>
        <line num="219" count="599" type="cond" truecount="2" falsecount="0"/>
        <line num="220" count="100" type="stmt"/>
        <line num="222" count="499" type="cond" truecount="4" falsecount="0"/>
        <line num="223" count="1" type="stmt"/>
        <line num="225" count="498" type="stmt"/>
        <line num="230" count="498" type="stmt"/>
        <line num="234" count="6" type="cond" truecount="2" falsecount="0"/>
        <line num="235" count="1" type="stmt"/>
        <line num="237" count="5" type="stmt"/>
        <line num="238" count="5" type="stmt"/>
        <line num="242" count="27" type="cond" truecount="2" falsecount="0"/>
        <line num="243" count="26" type="cond" truecount="2" falsecount="0"/>
        <line num="244" count="23" type="stmt"/>
        <line num="245" count="26" type="stmt"/>
        <line num="250" count="70" type="cond" truecount="2" falsecount="0"/>
        <line num="251" count="2" type="stmt"/>
        <line num="253" count="68" type="cond" truecount="4" falsecount="0"/>
        <line num="254" count="1" type="stmt"/>
        <line num="256" count="67" type="stmt"/>
        <line num="262" count="67" type="stmt"/>
        <line num="266" count="4" type="cond" truecount="2" falsecount="0"/>
        <line num="267" count="1" type="stmt"/>
        <line num="269" count="3" type="stmt"/>
        <line num="270" count="3" type="stmt"/>
        <line num="274" count="47" type="cond" truecount="2" falsecount="0"/>
        <line num="275" count="46" type="cond" truecount="2" falsecount="0"/>
        <line num="276" count="45" type="stmt"/>
        <line num="281" count="90" type="stmt"/>
        <line num="283" count="45" type="stmt"/>
        <line num="287" count="12" type="cond" truecount="2" falsecount="0"/>
        <line num="288" count="11" type="stmt"/>
        <line num="289" count="11" type="stmt"/>
        <line num="293" count="43" type="cond" truecount="2" falsecount="0"/>
        <line num="294" count="42" type="cond" truecount="2" falsecount="0"/>
        <line num="295" count="41" type="stmt"/>
        <line num="303" count="41" type="stmt"/>
        <line num="307" count="9" type="cond" truecount="2" falsecount="0"/>
        <line num="308" count="8" type="stmt"/>
        <line num="309" count="8" type="stmt"/>
        <line num="313" count="1" type="stmt"/>
        <line num="316" count="1" type="stmt"/>
        <line num="317" count="1" type="stmt"/>
        <line num="321" count="12" type="stmt"/>
        <line num="322" count="12" type="stmt"/>
        <line num="327" count="5" type="stmt"/>
        <line num="328" count="5" type="stmt"/>
        <line num="329" count="5" type="stmt"/>
        <line num="330" count="14" type="stmt"/>
        <line num="331" count="14" type="cond" truecount="2" falsecount="0"/>
        <line num="332" count="13" type="stmt"/>
        <line num="335" count="4" type="stmt"/>
        <line num="336" count="4" type="stmt"/>
        <line num="337" count="4" type="stmt"/>
        <line num="338" count="4" type="stmt"/>
        <line num="339" count="4" type="stmt"/>
        <line num="340" count="4" type="stmt"/>
        <line num="341" count="4" type="stmt"/>
        <line num="342" count="4" type="stmt"/>
        <line num="343" count="4" type="stmt"/>
        <line num="344" count="4" type="stmt"/>
        <line num="345" count="4" type="stmt"/>
      </file>
      <file name="branch.ts" path="/home/user/ProtoPulse/packages/graph/src/branch.ts">
        <metrics statements="24" coveredstatements="24" conditionals="10" coveredconditionals="10" methods="9" coveredmethods="9"/>
        <line num="22" count="2" type="stmt"/>
        <line num="25" count="14" type="stmt"/>
        <line num="28" count="14" type="cond" truecount="2" falsecount="0"/>
        <line num="29" count="4" type="stmt"/>
        <line num="31" count="10" type="stmt"/>
        <line num="40" count="2" type="stmt"/>
        <line num="44" count="2" type="stmt"/>
        <line num="48" count="89" type="stmt"/>
        <line num="49" count="89" type="cond" truecount="2" falsecount="0"/>
        <line num="50" count="88" type="stmt"/>
        <line num="54" count="57" type="stmt"/>
        <line num="62" count="8" type="cond" truecount="2" falsecount="0"/>
        <line num="63" count="7" type="stmt"/>
        <line num="64" count="7" type="stmt"/>
        <line num="69" count="7" type="stmt"/>
        <line num="70" count="7" type="stmt"/>
        <line num="75" count="22" type="stmt"/>
        <line num="76" count="22" type="cond" truecount="2" falsecount="0"/>
        <line num="77" count="6" type="stmt"/>
        <line num="78" count="6" type="stmt"/>
        <line num="83" count="2" type="stmt"/>
        <line num="84" count="2" type="cond" truecount="2" falsecount="0"/>
        <line num="85" count="1" type="stmt"/>
        <line num="90" count="7" type="stmt"/>
      </file>
      <file name="diff.ts" path="/home/user/ProtoPulse/packages/graph/src/diff.ts">
        <metrics statements="89" coveredstatements="89" conditionals="99" coveredconditionals="99" methods="8" coveredmethods="8"/>
        <line num="54" count="5" type="stmt"/>
        <line num="82" count="8" type="stmt"/>
        <line num="86" count="185" type="stmt"/>
        <line num="87" count="185" type="cond" truecount="2" falsecount="0"/>
        <line num="88" count="185" type="cond" truecount="6" falsecount="0"/>
        <line num="89" count="185" type="cond" truecount="2" falsecount="0"/>
        <line num="90" count="185" type="cond" truecount="2" falsecount="0"/>
        <line num="91" count="185" type="cond" truecount="2" falsecount="0"/>
        <line num="92" count="185" type="cond" truecount="2" falsecount="0"/>
        <line num="93" count="1" type="stmt"/>
        <line num="95" count="185" type="stmt"/>
        <line num="99" count="64" type="stmt"/>
        <line num="116" count="64" type="stmt"/>
        <line num="117" count="190" type="stmt"/>
        <line num="118" count="190" type="cond" truecount="2" falsecount="0"/>
        <line num="119" count="5" type="stmt"/>
        <line num="120" count="5" type="stmt"/>
        <line num="122" count="185" type="stmt"/>
        <line num="123" count="185" type="cond" truecount="2" falsecount="0"/>
        <line num="125" count="64" type="stmt"/>
        <line num="126" count="190" type="cond" truecount="2" falsecount="0"/>
        <line num="130" count="64" type="stmt"/>
        <line num="131" count="64" type="stmt"/>
        <line num="132" count="64" type="stmt"/>
        <line num="133" count="189" type="stmt"/>
        <line num="134" count="189" type="cond" truecount="2" falsecount="0"/>
        <line num="135" count="4" type="stmt"/>
        <line num="136" count="4" type="stmt"/>
        <line num="138" count="185" type="stmt"/>
        <line num="140" count="64" type="stmt"/>
        <line num="141" count="188" type="cond" truecount="2" falsecount="0"/>
        <line num="146" count="64" type="stmt"/>
        <line num="147" count="64" type="stmt"/>
        <line num="148" count="64" type="stmt"/>
        <line num="149" count="64" type="stmt"/>
        <line num="150" count="4" type="stmt"/>
        <line num="151" count="4" type="cond" truecount="4" falsecount="0"/>
        <line num="152" count="2" type="stmt"/>
        <line num="153" count="2" type="stmt"/>
        <line num="154" count="2" type="stmt"/>
        <line num="156" count="2" type="stmt"/>
        <line num="159" count="64" type="stmt"/>
        <line num="160" count="3" type="cond" truecount="2" falsecount="0"/>
        <line num="164" count="64" type="stmt"/>
        <line num="165" count="7" type="stmt"/>
        <line num="166" count="7" type="cond" truecount="4" falsecount="0"/>
        <line num="167" count="2" type="stmt"/>
        <line num="169" count="64" type="stmt"/>
        <line num="170" count="8" type="cond" truecount="2" falsecount="0"/>
        <line num="174" count="64" type="stmt"/>
        <line num="175" count="183" type="stmt"/>
        <line num="176" count="183" type="cond" truecount="2" falsecount="0"/>
        <line num="177" count="2" type="stmt"/>
        <line num="178" count="181" type="cond" truecount="2" falsecount="0"/>
        <line num="184" count="5" type="stmt"/>
        <line num="187" count="64" type="stmt"/>
        <line num="188" count="185" type="cond" truecount="2" falsecount="0"/>
        <line num="190" count="64" type="stmt"/>
        <line num="191" count="64" type="stmt"/>
        <line num="192" count="5" type="cond" truecount="2" falsecount="0"/>
        <line num="193" count="5" type="cond" truecount="2" falsecount="0"/>
        <line num="194" count="5" type="cond" truecount="2" falsecount="0"/>
        <line num="198" count="64" type="stmt"/>
        <line num="199" count="23" type="stmt"/>
        <line num="200" count="23" type="cond" truecount="2" falsecount="0"/>
        <line num="201" count="5" type="stmt"/>
        <line num="202" count="18" type="cond" truecount="2" falsecount="0"/>
        <line num="209" count="8" type="stmt"/>
        <line num="212" count="64" type="stmt"/>
        <line num="213" count="22" type="cond" truecount="2" falsecount="0"/>
        <line num="215" count="64" type="stmt"/>
        <line num="216" count="64" type="stmt"/>
        <line num="218" count="64" type="stmt"/>
        <line num="229" count="128" type="stmt"/>
        <line num="230" count="27" type="stmt"/>
        <line num="231" count="27" type="cond" truecount="2" falsecount="0"/>
        <line num="232" count="6" type="stmt"/>
        <line num="233" count="21" type="cond" truecount="2" falsecount="0"/>
        <line num="234" count="5" type="stmt"/>
        <line num="235" count="5" type="stmt"/>
        <line num="238" count="128" type="stmt"/>
        <line num="239" count="28" type="cond" truecount="2" falsecount="0"/>
        <line num="244" count="187" type="cond" truecount="2" falsecount="0"/>
        <line num="245" count="187" type="stmt"/>
        <line num="246" count="187" type="stmt"/>
        <line num="247" count="369" type="stmt"/>
        <line num="248" count="373" type="stmt"/>
        <line num="249" count="187" type="cond" truecount="4" falsecount="0"/>
        <line num="250" count="14" type="stmt"/>
      </file>
      <file name="ids.ts" path="/home/user/ProtoPulse/packages/graph/src/ids.ts">
        <metrics statements="9" coveredstatements="9" conditionals="1" coveredconditionals="1" methods="4" coveredmethods="4"/>
        <line num="13" count="1" type="stmt"/>
        <line num="14" count="2" type="stmt"/>
        <line num="22" count="3" type="stmt"/>
        <line num="23" count="3" type="stmt"/>
        <line num="25" count="4" type="stmt"/>
        <line num="26" count="4" type="stmt"/>
        <line num="27" count="4" type="stmt"/>
        <line num="28" count="4" type="stmt"/>
        <line num="34" count="1" type="stmt"/>
      </file>
      <file name="invariants.ts" path="/home/user/ProtoPulse/packages/graph/src/invariants.ts">
        <metrics statements="54" coveredstatements="54" conditionals="43" coveredconditionals="43" methods="2" coveredmethods="2"/>
        <line num="28" count="229" type="stmt"/>
        <line num="32" count="229" type="stmt"/>
        <line num="33" count="229" type="stmt"/>
        <line num="34" count="488" type="stmt"/>
        <line num="35" count="926" type="stmt"/>
        <line num="36" count="926" type="stmt"/>
        <line num="37" count="926" type="cond" truecount="2" falsecount="0"/>
        <line num="38" count="1" type="stmt"/>
        <line num="43" count="1" type="stmt"/>
        <line num="45" count="925" type="cond" truecount="4" falsecount="0"/>
        <line num="46" count="2" type="stmt"/>
        <line num="52" count="925" type="stmt"/>
        <line num="53" count="925" type="cond" truecount="2" falsecount="0"/>
        <line num="54" count="1" type="stmt"/>
        <line num="60" count="924" type="stmt"/>
        <line num="66" count="229" type="stmt"/>
        <line num="67" count="229" type="stmt"/>
        <line num="68" count="523" type="stmt"/>
        <line num="69" count="523" type="cond" truecount="2" falsecount="0"/>
        <line num="70" count="1" type="stmt"/>
        <line num="76" count="522" type="stmt"/>
        <line num="81" count="229" type="stmt"/>
        <line num="82" count="18" type="cond" truecount="2" falsecount="0"/>
        <line num="83" count="1" type="stmt"/>
        <line num="90" count="229" type="stmt"/>
        <line num="91" count="38" type="cond" truecount="2" falsecount="0"/>
        <line num="92" count="1" type="stmt"/>
        <line num="99" count="229" type="stmt"/>
        <line num="100" count="36" type="cond" truecount="2" falsecount="0"/>
        <line num="101" count="1" type="stmt"/>
        <line num="110" count="229" type="stmt"/>
        <line num="111" count="428" type="cond" truecount="2" falsecount="0"/>
        <line num="112" count="1" type="stmt"/>
        <line num="119" count="229" type="stmt"/>
        <line num="120" count="52" type="cond" truecount="2" falsecount="0"/>
        <line num="121" count="1" type="stmt"/>
        <line num="130" count="229" type="stmt"/>
        <line num="131" count="428" type="cond" truecount="4" falsecount="0"/>
        <line num="132" count="1" type="stmt"/>
        <line num="139" count="229" type="stmt"/>
        <line num="140" count="18" type="stmt"/>
        <line num="141" count="18" type="cond" truecount="2" falsecount="0"/>
        <line num="147" count="1" type="stmt"/>
        <line num="152" count="1" type="stmt"/>
        <line num="156" count="229" type="stmt"/>
        <line num="157" count="52" type="cond" truecount="4" falsecount="0"/>
        <line num="158" count="1" type="stmt"/>
        <line num="165" count="229" type="stmt"/>
        <line num="166" count="76" type="cond" truecount="4" falsecount="0"/>
        <line num="167" count="1" type="stmt"/>
        <line num="174" count="229" type="stmt"/>
        <line num="175" count="36" type="cond" truecount="4" falsecount="0"/>
        <line num="176" count="1" type="stmt"/>
        <line num="184" count="229" type="stmt"/>
      </file>
      <file name="inverse.ts" path="/home/user/ProtoPulse/packages/graph/src/inverse.ts">
        <metrics statements="120" coveredstatements="120" conditionals="104" coveredconditionals="95" methods="13" coveredmethods="13"/>
        <line num="15" count="54" type="cond" truecount="26" falsecount="0"/>
        <line num="17" count="2" type="stmt"/>
        <line num="20" count="6" type="stmt"/>
        <line num="23" count="3" type="stmt"/>
        <line num="24" count="3" type="cond" truecount="2" falsecount="0"/>
        <line num="26" count="2" type="stmt"/>
        <line num="27" count="2" type="cond" truecount="2" falsecount="0"/>
        <line num="28" count="2" type="cond" truecount="2" falsecount="2"/>
        <line num="29" count="2" type="cond" truecount="2" falsecount="0"/>
        <line num="30" count="2" type="cond" truecount="2" falsecount="0"/>
        <line num="31" count="2" type="stmt"/>
        <line num="35" count="4" type="stmt"/>
        <line num="38" count="4" type="stmt"/>
        <line num="39" count="4" type="cond" truecount="2" falsecount="0"/>
        <line num="40" count="3" type="cond" truecount="2" falsecount="0"/>
        <line num="42" count="2" type="stmt"/>
        <line num="44" count="1" type="stmt"/>
        <line num="48" count="3" type="stmt"/>
        <line num="49" count="3" type="stmt"/>
        <line num="50" count="3" type="cond" truecount="4" falsecount="0"/>
        <line num="51" count="2" type="stmt"/>
        <line num="56" count="2" type="stmt"/>
        <line num="57" count="2" type="stmt"/>
        <line num="60" count="2" type="stmt"/>
        <line num="61" count="2" type="stmt"/>
        <line num="65" count="2" type="stmt"/>
        <line num="66" count="2" type="cond" truecount="2" falsecount="0"/>
        <line num="67" count="1" type="stmt"/>
        <line num="71" count="2" type="stmt"/>
        <line num="72" count="2" type="cond" truecount="2" falsecount="0"/>
        <line num="73" count="1" type="stmt"/>
        <line num="77" count="2" type="stmt"/>
        <line num="78" count="2" type="cond" truecount="2" falsecount="0"/>
        <line num="79" count="1" type="stmt"/>
        <line num="83" count="1" type="stmt"/>
        <line num="86" count="2" type="stmt"/>
        <line num="87" count="2" type="cond" truecount="2" falsecount="0"/>
        <line num="88" count="1" type="stmt"/>
        <line num="100" count="3" type="stmt"/>
        <line num="101" count="3" type="cond" truecount="2" falsecount="0"/>
        <line num="102" count="1" type="stmt"/>
        <line num="114" count="2" type="stmt"/>
        <line num="115" count="2" type="cond" truecount="2" falsecount="0"/>
        <line num="116" count="1" type="stmt"/>
        <line num="128" count="2" type="cond" truecount="2" falsecount="0"/>
        <line num="129" count="2" type="stmt"/>
        <line num="134" count="4" type="stmt"/>
        <line num="135" count="4" type="cond" truecount="2" falsecount="0"/>
        <line num="136" count="2" type="cond" truecount="2" falsecount="0"/>
        <line num="140" count="2" type="stmt"/>
        <line num="153" count="2" type="stmt"/>
        <line num="154" count="2" type="cond" truecount="2" falsecount="0"/>
        <line num="155" count="1" type="stmt"/>
        <line num="168" count="1" type="stmt"/>
        <line num="171" count="2" type="stmt"/>
        <line num="172" count="2" type="cond" truecount="2" falsecount="0"/>
        <line num="173" count="1" type="stmt"/>
        <line num="177" count="1" type="stmt"/>
        <line num="180" count="2" type="stmt"/>
        <line num="181" count="2" type="cond" truecount="2" falsecount="0"/>
        <line num="182" count="1" type="stmt"/>
        <line num="186" count="1" type="stmt"/>
        <line num="187" count="1" type="stmt"/>
        <line num="188" count="2" type="cond" truecount="2" falsecount="0"/>
        <line num="190" count="1" type="stmt"/>
        <line num="196" count="1" type="stmt"/>
        <line num="197" count="1" type="stmt"/>
        <line num="198" count="1" type="stmt"/>
        <line num="199" count="4" type="stmt"/>
        <line num="203" count="4" type="stmt"/>
        <line num="205" count="1" type="stmt"/>
        <line num="210" count="2" type="stmt"/>
        <line num="218" count="4" type="stmt"/>
        <line num="222" count="6" type="stmt"/>
        <line num="226" count="4" type="stmt"/>
        <line num="232" count="8" type="stmt"/>
        <line num="237" count="4" type="stmt"/>
        <line num="250" count="4" type="stmt"/>
        <line num="251" count="4" type="cond" truecount="1" falsecount="1"/>
        <line num="252" count="4" type="stmt"/>
        <line num="253" count="4" type="stmt"/>
        <line num="254" count="4" type="stmt"/>
        <line num="255" count="4" type="stmt"/>
        <line num="256" count="4" type="stmt"/>
        <line num="257" count="4" type="stmt"/>
        <line num="258" count="4" type="stmt"/>
        <line num="262" count="8" type="stmt"/>
        <line num="263" count="8" type="cond" truecount="4" falsecount="0"/>
        <line num="264" count="4" type="stmt"/>
        <line num="269" count="4" type="stmt"/>
        <line num="270" count="4" type="stmt"/>
        <line num="271" count="2" type="cond" truecount="1" falsecount="1"/>
        <line num="273" count="4" type="stmt"/>
        <line num="274" count="2" type="cond" truecount="1" falsecount="1"/>
        <line num="276" count="4" type="stmt"/>
        <line num="282" count="2" type="stmt"/>
        <line num="283" count="2" type="stmt"/>
        <line num="284" count="1" type="cond" truecount="1" falsecount="1"/>
        <line num="286" count="2" type="stmt"/>
        <line num="287" count="1" type="cond" truecount="1" falsecount="1"/>
        <line num="289" count="2" type="stmt"/>
        <line num="297" count="6" type="stmt"/>
        <line num="298" count="6" type="cond" truecount="2" falsecount="0"/>
        <line num="299" count="5" type="stmt"/>
        <line num="309" count="6" type="cond" truecount="4" falsecount="0"/>
        <line num="310" count="1" type="stmt"/>
        <line num="316" count="5" type="stmt"/>
        <line num="317" count="5" type="cond" truecount="1" falsecount="1"/>
        <line num="318" count="5" type="stmt"/>
        <line num="326" count="5" type="stmt"/>
        <line num="327" count="5" type="cond" truecount="2" falsecount="0"/>
        <line num="328" count="2" type="stmt"/>
        <line num="337" count="5" type="stmt"/>
        <line num="338" count="26" type="stmt"/>
        <line num="339" count="15" type="cond" truecount="2" falsecount="0"/>
        <line num="340" count="10" type="stmt"/>
        <line num="341" count="10" type="cond" truecount="2" falsecount="0"/>
        <line num="343" count="8" type="stmt"/>
        <line num="346" count="2" type="stmt"/>
        <line num="349" count="5" type="stmt"/>
      </file>
      <file name="materialize.ts" path="/home/user/ProtoPulse/packages/graph/src/materialize.ts">
        <metrics statements="17" coveredstatements="17" conditionals="11" coveredconditionals="11" methods="1" coveredmethods="1"/>
        <line num="41" count="205" type="cond" truecount="2" falsecount="0"/>
        <line num="42" count="205" type="stmt"/>
        <line num="43" count="205" type="stmt"/>
        <line num="44" count="205" type="cond" truecount="2" falsecount="0"/>
        <line num="46" count="205" type="stmt"/>
        <line num="47" count="205" type="stmt"/>
        <line num="48" count="3504" type="stmt"/>
        <line num="49" count="3504" type="cond" truecount="2" falsecount="0"/>
        <line num="50" count="1093" type="stmt"/>
        <line num="51" count="1093" type="stmt"/>
        <line num="53" count="2411" type="stmt"/>
        <line num="54" count="64" type="stmt"/>
        <line num="56" count="2411" type="cond" truecount="2" falsecount="0"/>
        <line num="57" count="13" type="stmt"/>
        <line num="61" count="205" type="cond" truecount="2" falsecount="0"/>
        <line num="62" count="203" type="stmt"/>
        <line num="65" count="205" type="stmt"/>
      </file>
      <file name="merge.ts" path="/home/user/ProtoPulse/packages/graph/src/merge.ts">
        <metrics statements="145" coveredstatements="140" conditionals="157" coveredconditionals="117" methods="12" coveredmethods="11"/>
        <line num="42" count="18" type="stmt"/>
        <line num="43" count="18" type="stmt"/>
        <line num="44" count="18" type="stmt"/>
        <line num="45" count="18" type="stmt"/>
        <line num="48" count="18" type="stmt"/>
        <line num="49" count="2" type="cond" truecount="1" falsecount="1"/>
        <line num="50" count="2" type="stmt"/>
        <line num="51" count="2" type="cond" truecount="1" falsecount="1"/>
        <line num="52" count="2" type="stmt"/>
        <line num="60" count="2" type="cond" truecount="4" falsecount="0"/>
        <line num="61" count="1" type="stmt"/>
        <line num="67" count="2" type="stmt"/>
        <line num="68" count="2" type="cond" truecount="2" falsecount="0"/>
        <line num="69" count="1" type="stmt"/>
        <line num="77" count="2" type="stmt"/>
        <line num="78" count="2" type="cond" truecount="2" falsecount="0"/>
        <line num="79" count="1" type="stmt"/>
        <line num="91" count="18" type="stmt"/>
        <line num="92" count="18" type="stmt"/>
        <line num="93" count="2" type="cond" truecount="1" falsecount="1"/>
        <line num="94" count="2" type="cond" truecount="4" falsecount="0"/>
        <line num="95" count="1" type="stmt"/>
        <line num="96" count="1" type="stmt"/>
        <line num="98" count="1" type="stmt"/>
        <line num="101" count="18" type="stmt"/>
        <line num="102" count="18" type="stmt"/>
        <line num="103" count="1" type="cond" truecount="2" falsecount="2"/>
        <line num="104" count="1" type="stmt"/>
        <line num="109" count="18" type="stmt"/>
        <line num="110" count="4" type="cond" truecount="2" falsecount="0"/>
        <line num="111" count="3" type="stmt"/>
        <line num="112" count="3" type="cond" truecount="1" falsecount="1"/>
        <line num="113" count="4" type="stmt"/>
        <line num="114" count="4" type="stmt"/>
        <line num="115" count="3" type="stmt"/>
        <line num="116" count="3" type="cond" truecount="4" falsecount="0"/>
        <line num="117" count="1" type="stmt"/>
        <line num="126" count="1" type="stmt"/>
        <line num="128" count="2" type="cond" truecount="2" falsecount="0"/>
        <line num="129" count="1" type="cond" truecount="2" falsecount="2"/>
        <line num="130" count="1" type="cond" truecount="1" falsecount="3"/>
        <line num="131" count="1" type="cond" truecount="0" falsecount="2"/>
        <line num="132" count="0" type="stmt"/>
        <line num="136" count="0" type="stmt"/>
        <line num="147" count="3" type="cond" truecount="2" falsecount="0"/>
        <line num="148" count="1" type="stmt"/>
        <line num="155" count="18" type="stmt"/>
        <line num="156" count="18" type="cond" truecount="2" falsecount="0"/>
        <line num="157" count="18" type="cond" truecount="2" falsecount="0"/>
        <line num="158" count="18" type="stmt"/>
        <line num="159" count="18" type="stmt"/>
        <line num="160" count="320" type="stmt"/>
        <line num="162" count="18" type="stmt"/>
        <line num="163" count="110" type="cond" truecount="1" falsecount="1"/>
        <line num="164" count="110" type="cond" truecount="2" falsecount="0"/>
        <line num="165" count="104" type="cond" truecount="2" falsecount="0"/>
        <line num="166" count="110" type="cond" truecount="2" falsecount="0"/>
        <line num="167" count="110" type="cond" truecount="1" falsecount="1"/>
        <line num="168" count="110" type="stmt"/>
        <line num="169" count="110" type="stmt"/>
        <line num="170" count="110" type="cond" truecount="2" falsecount="0"/>
        <line num="171" count="4" type="cond" truecount="2" falsecount="0"/>
        <line num="172" count="1" type="cond" truecount="1" falsecount="1"/>
        <line num="174" count="1" type="stmt"/>
        <line num="175" count="1" type="stmt"/>
        <line num="178" count="3" type="cond" truecount="1" falsecount="1"/>
        <line num="179" count="110" type="cond" truecount="3" falsecount="1"/>
        <line num="180" count="0" type="stmt"/>
        <line num="182" count="3" type="cond" truecount="2" falsecount="0"/>
        <line num="183" count="3" type="cond" truecount="1" falsecount="1"/>
        <line num="184" count="3" type="stmt"/>
        <line num="185" count="3" type="stmt"/>
        <line num="190" count="3" type="cond" truecount="5" falsecount="0"/>
        <line num="191" count="1" type="stmt"/>
        <line num="192" count="1" type="cond" truecount="1" falsecount="1"/>
        <line num="193" count="0" type="stmt"/>
        <line num="200" count="18" type="stmt"/>
        <line num="201" count="2" type="cond" truecount="1" falsecount="1"/>
        <line num="202" count="2" type="stmt"/>
        <line num="203" count="2" type="cond" truecount="4" falsecount="0"/>
        <line num="204" count="1" type="stmt"/>
        <line num="213" count="1" type="stmt"/>
        <line num="215" count="1" type="cond" truecount="1" falsecount="1"/>
        <line num="219" count="18" type="stmt"/>
        <line num="220" count="1" type="cond" truecount="1" falsecount="1"/>
        <line num="221" count="1" type="stmt"/>
        <line num="222" count="1" type="cond" truecount="1" falsecount="1"/>
        <line num="223" count="1" type="stmt"/>
        <line num="230" count="18" type="stmt"/>
        <line num="231" count="2" type="cond" truecount="1" falsecount="1"/>
        <line num="232" count="2" type="cond" truecount="2" falsecount="0"/>
        <line num="233" count="1" type="stmt"/>
        <line num="242" count="1" type="stmt"/>
        <line num="244" count="1" type="stmt"/>
        <line num="248" count="18" type="stmt"/>
        <line num="249" count="2" type="cond" truecount="1" falsecount="1"/>
        <line num="250" count="2" type="cond" truecount="2" falsecount="0"/>
        <line num="251" count="1" type="stmt"/>
        <line num="252" count="1" type="cond" truecount="1" falsecount="1"/>
        <line num="253" count="1" type="stmt"/>
        <line num="255" count="18" type="stmt"/>
        <line num="256" count="1" type="cond" truecount="1" falsecount="1"/>
        <line num="257" count="1" type="cond" truecount="1" falsecount="1"/>
        <line num="258" count="1" type="cond" truecount="1" falsecount="1"/>
        <line num="259" count="1" type="stmt"/>
        <line num="262" count="1" type="stmt"/>
        <line num="268" count="18" type="stmt"/>
        <line num="269" count="2" type="cond" truecount="1" falsecount="1"/>
        <line num="270" count="2" type="cond" truecount="2" falsecount="0"/>
        <line num="271" count="1" type="stmt"/>
        <line num="272" count="1" type="cond" truecount="1" falsecount="1"/>
        <line num="273" count="1" type="stmt"/>
        <line num="284" count="18" type="stmt"/>
        <line num="285" count="18" type="stmt"/>
        <line num="286" count="3" type="cond" truecount="4" falsecount="0"/>
        <line num="287" count="2" type="stmt"/>
        <line num="289" count="18" type="stmt"/>
        <line num="290" count="2" type="cond" truecount="1" falsecount="1"/>
        <line num="291" count="2" type="stmt"/>
        <line num="292" count="2" type="cond" truecount="3" falsecount="1"/>
        <line num="293" count="2" type="cond" truecount="3" falsecount="1"/>
        <line num="294" count="2" type="stmt"/>
        <line num="300" count="4" type="stmt"/>
        <line num="303" count="18" type="stmt"/>
        <line num="304" count="18" type="stmt"/>
        <line num="305" count="2" type="cond" truecount="4" falsecount="0"/>
        <line num="306" count="1" type="stmt"/>
        <line num="308" count="18" type="stmt"/>
        <line num="309" count="2" type="cond" truecount="1" falsecount="1"/>
        <line num="310" count="2" type="stmt"/>
        <line num="311" count="2" type="cond" truecount="3" falsecount="1"/>
        <line num="312" count="2" type="cond" truecount="3" falsecount="1"/>
        <line num="313" count="2" type="stmt"/>
        <line num="324" count="18" type="stmt"/>
        <line num="328" count="4" type="cond" truecount="2" falsecount="0"/>
        <line num="332" count="5" type="cond" truecount="1" falsecount="1"/>
        <line num="336" count="1" type="stmt"/>
        <line num="340" count="0" type="stmt"/>
        <line num="344" count="1" type="stmt"/>
        <line num="345" count="2" type="stmt"/>
        <line num="346" count="2" type="stmt"/>
        <line num="347" count="6" type="stmt"/>
        <line num="348" count="12" type="cond" truecount="2" falsecount="0"/>
        <line num="351" count="2" type="stmt"/>
        <line num="353" count="1" type="stmt"/>
      </file>
      <file name="ops.ts" path="/home/user/ProtoPulse/packages/graph/src/ops.ts">
        <metrics statements="42" coveredstatements="42" conditionals="6" coveredconditionals="6" methods="3" coveredmethods="3"/>
        <line num="24" count="7" type="stmt"/>
        <line num="25" count="7" type="stmt"/>
        <line num="26" count="7" type="stmt"/>
        <line num="32" count="7" type="stmt"/>
        <line num="33" count="7" type="stmt"/>
        <line num="34" count="7" type="stmt"/>
        <line num="36" count="7" type="stmt"/>
        <line num="41" count="7" type="stmt"/>
        <line num="71" count="7" type="stmt"/>
        <line num="73" count="7" type="stmt"/>
        <line num="82" count="7" type="stmt"/>
        <line num="84" count="7" type="stmt"/>
        <line num="99" count="7" type="stmt"/>
        <line num="106" count="7" type="stmt"/>
        <line num="108" count="7" type="stmt"/>
        <line num="114" count="7" type="stmt"/>
        <line num="121" count="7" type="stmt"/>
        <line num="122" count="7" type="stmt"/>
        <line num="124" count="7" type="stmt"/>
        <line num="130" count="7" type="stmt"/>
        <line num="134" count="7" type="stmt"/>
        <line num="141" count="7" type="stmt"/>
        <line num="149" count="7" type="stmt"/>
        <line num="151" count="7" type="stmt"/>
        <line num="161" count="7" type="stmt"/>
        <line num="163" count="7" type="stmt"/>
        <line num="171" count="7" type="stmt"/>
        <line num="180" count="7" type="stmt"/>
        <line num="182" count="7" type="stmt"/>
        <line num="190" count="7" type="stmt"/>
        <line num="191" count="7" type="stmt"/>
        <line num="200" count="7" type="stmt"/>
        <line num="204" count="7" type="stmt"/>
        <line num="205" count="7" type="stmt"/>
        <line num="210" count="7" type="stmt"/>
        <line num="245" count="7" type="stmt"/>
        <line num="247" count="3" type="stmt"/>
        <line num="253" count="7" type="stmt"/>
        <line num="304" count="7" type="stmt"/>
        <line num="321" count="1158" type="stmt"/>
        <line num="326" count="3390" type="cond" truecount="2" falsecount="0"/>
        <line num="327" count="4" type="cond" truecount="4" falsecount="0"/>
      </file>
      <file name="types.ts" path="/home/user/ProtoPulse/packages/graph/src/types.ts">
        <metrics statements="20" coveredstatements="20" conditionals="10" coveredconditionals="10" methods="6" coveredmethods="6"/>
        <line num="17" count="8" type="stmt"/>
        <line num="19" count="8" type="stmt"/>
        <line num="32" count="2" type="stmt"/>
        <line num="36" count="2412" type="stmt"/>
        <line num="37" count="2412" type="cond" truecount="2" falsecount="0"/>
        <line num="38" count="2411" type="stmt"/>
        <line num="174" count="205" type="stmt"/>
        <line num="188" count="86" type="stmt"/>
        <line num="193" count="432" type="cond" truecount="2" falsecount="0"/>
        <line num="194" count="431" type="stmt"/>
        <line num="195" count="431" type="stmt"/>
        <line num="196" count="431" type="stmt"/>
        <line num="197" count="441" type="stmt"/>
        <line num="198" count="441" type="stmt"/>
        <line num="199" count="441" type="cond" truecount="4" falsecount="0"/>
        <line num="200" count="275" type="stmt"/>
        <line num="202" count="431" type="stmt"/>
        <line num="207" count="1593" type="stmt"/>
        <line num="208" count="2053" type="cond" truecount="2" falsecount="0"/>
        <line num="210" count="1175" type="stmt"/>
      </file>
      <file name="value-parser.ts" path="/home/user/ProtoPulse/packages/graph/src/value-parser.ts">
        <metrics statements="46" coveredstatements="46" conditionals="44" coveredconditionals="40" methods="3" coveredmethods="3"/>
        <line num="25" count="1" type="stmt"/>
        <line num="37" count="1" type="stmt"/>
        <line num="46" count="1" type="stmt"/>
        <line num="56" count="1" type="stmt"/>
        <line num="59" count="14" type="stmt"/>
        <line num="60" count="42" type="cond" truecount="2" falsecount="0"/>
        <line num="62" count="1" type="stmt"/>
        <line num="69" count="40" type="stmt"/>
        <line num="70" count="40" type="cond" truecount="2" falsecount="0"/>
        <line num="73" count="38" type="stmt"/>
        <line num="74" count="38" type="cond" truecount="2" falsecount="0"/>
        <line num="75" count="8" type="stmt"/>
        <line num="76" count="8" type="stmt"/>
        <line num="77" count="8" type="cond" truecount="2" falsecount="0"/>
        <line num="78" count="1" type="stmt"/>
        <line num="80" count="7" type="stmt"/>
        <line num="81" count="7" type="cond" truecount="1" falsecount="1"/>
        <line num="84" count="7" type="cond" truecount="2" falsecount="0"/>
        <line num="85" count="8" type="stmt"/>
        <line num="89" count="30" type="stmt"/>
        <line num="90" count="30" type="cond" truecount="2" falsecount="0"/>
        <line num="91" count="28" type="stmt"/>
        <line num="92" count="28" type="stmt"/>
        <line num="93" count="28" type="cond" truecount="1" falsecount="1"/>
        <line num="97" count="28" type="stmt"/>
        <line num="98" count="28" type="stmt"/>
        <line num="99" count="28" type="cond" truecount="2" falsecount="0"/>
        <line num="100" count="16" type="stmt"/>
        <line num="101" count="16" type="cond" truecount="1" falsecount="1"/>
        <line num="102" count="16" type="stmt"/>
        <line num="105" count="28" type="cond" truecount="2" falsecount="0"/>
        <line num="106" count="40" type="cond" truecount="4" falsecount="0"/>
        <line num="107" count="1" type="stmt"/>
        <line num="109" count="27" type="cond" truecount="2" falsecount="0"/>
        <line num="110" count="14" type="stmt"/>
        <line num="111" count="14" type="cond" truecount="2" falsecount="0"/>
        <line num="112" count="11" type="stmt"/>
        <line num="115" count="24" type="stmt"/>
        <line num="116" count="24" type="cond" truecount="5" falsecount="0"/>
        <line num="117" count="1" type="stmt"/>
        <line num="119" count="23" type="stmt"/>
        <line num="126" count="14" type="cond" truecount="1" falsecount="1"/>
        <line num="127" count="14" type="stmt"/>
        <line num="128" count="14" type="cond" truecount="4" falsecount="0"/>
        <line num="129" count="4" type="cond" truecount="2" falsecount="0"/>
        <line num="131" count="3" type="stmt"/>
      </file>
    </package>
    <package name="src.store">
      <metrics statements="58" coveredstatements="58" conditionals="14" coveredconditionals="14" methods="12" coveredmethods="12"/>
      <file name="fs-store.ts" path="/home/user/ProtoPulse/packages/graph/src/store/fs-store.ts">
        <metrics statements="43" coveredstatements="43" conditionals="10" coveredconditionals="10" methods="5" coveredmethods="5"/>
        <line num="24" count="1" type="stmt"/>
        <line num="26" count="1" type="stmt"/>
        <line num="49" count="14" type="stmt"/>
        <line num="53" count="6" type="stmt"/>
        <line num="54" count="6" type="cond" truecount="2" falsecount="0"/>
        <line num="55" count="1" type="stmt"/>
        <line num="57" count="5" type="stmt"/>
        <line num="59" count="5" type="stmt"/>
        <line num="60" count="5" type="stmt"/>
        <line num="61" count="7" type="stmt"/>
        <line num="62" count="7" type="stmt"/>
        <line num="63" count="7" type="cond" truecount="2" falsecount="0"/>
        <line num="64" count="6" type="stmt"/>
        <line num="65" count="7" type="stmt"/>
        <line num="67" count="6" type="stmt"/>
        <line num="68" count="7" type="stmt"/>
        <line num="71" count="7" type="stmt"/>
        <line num="73" count="5" type="cond" truecount="2" falsecount="0"/>
        <line num="74" count="1" type="stmt"/>
        <line num="76" count="4" type="stmt"/>
        <line num="80" count="5" type="stmt"/>
        <line num="81" count="5" type="stmt"/>
        <line num="88" count="5" type="stmt"/>
        <line num="89" count="7" type="stmt"/>
        <line num="90" count="7" type="stmt"/>
        <line num="91" count="7" type="stmt"/>
        <line num="93" count="7" type="stmt"/>
        <line num="94" count="7" type="stmt"/>
        <line num="95" count="7" type="stmt"/>
        <line num="96" count="7" type="stmt"/>
        <line num="97" count="8" type="stmt"/>
        <line num="98" count="8" type="stmt"/>
        <line num="99" count="8" type="stmt"/>
        <line num="100" count="8" type="stmt"/>
        <line num="101" count="8" type="stmt"/>
        <line num="103" count="7" type="stmt"/>
        <line num="104" count="24" type="stmt"/>
        <line num="105" count="24" type="cond" truecount="4" falsecount="0"/>
        <line num="106" count="24" type="stmt"/>
        <line num="107" count="24" type="stmt"/>
        <line num="109" count="7" type="stmt"/>
        <line num="111" count="5" type="stmt"/>
        <line num="112" count="5" type="stmt"/>
      </file>
      <file name="serialize.ts" path="/home/user/ProtoPulse/packages/graph/src/store/serialize.ts">
        <metrics statements="15" coveredstatements="15" conditionals="4" coveredconditionals="4" methods="7" coveredmethods="7"/>
        <line num="17" count="37" type="cond" truecount="2" falsecount="0"/>
        <line num="21" count="11" type="stmt"/>
        <line num="22" count="11" type="stmt"/>
        <line num="23" count="64" type="stmt"/>
        <line num="24" count="64" type="cond" truecount="2" falsecount="0"/>
        <line num="25" count="51" type="stmt"/>
        <line num="27" count="10" type="stmt"/>
        <line num="45" count="13" type="stmt"/>
        <line num="66" count="2" type="stmt"/>
        <line num="88" count="2" type="stmt"/>
        <line num="90" count="2" type="stmt"/>
        <line num="95" count="2" type="stmt"/>
        <line num="109" count="2" type="stmt"/>
        <line num="118" count="1" type="stmt"/>
        <line num="122" count="2" type="stmt"/>
      </file>
    </package>
  </project>
</coverage>
