{"/home/user/ProtoPulse/packages/graph/src/apply.ts": {"path":"/home/user/ProtoPulse/packages/graph/src/apply.ts","statementMap":{"0":{"start":{"line":22,"column":2},"end":{"line":22,"column":null}},"1":{"start":{"line":23,"column":2},"end":{"line":23,"column":null}},"2":{"start":{"line":28,"column":2},"end":{"line":28,"column":null}},"3":{"start":{"line":29,"column":2},"end":{"line":32,"column":null}},"4":{"start":{"line":30,"column":4},"end":{"line":30,"column":null}},"5":{"start":{"line":31,"column":4},"end":{"line":31,"column":null}},"6":{"start":{"line":33,"column":2},"end":{"line":38,"column":null}},"7":{"start":{"line":34,"column":4},"end":{"line":37,"column":null}},"8":{"start":{"line":35,"column":6},"end":{"line":35,"column":null}},"9":{"start":{"line":36,"column":6},"end":{"line":36,"column":null}},"10":{"start":{"line":39,"column":2},"end":{"line":44,"column":null}},"11":{"start":{"line":40,"column":4},"end":{"line":43,"column":null}},"12":{"start":{"line":41,"column":6},"end":{"line":41,"column":null}},"13":{"start":{"line":42,"column":6},"end":{"line":42,"column":null}},"14":{"start":{"line":45,"column":2},"end":{"line":45,"column":null}},"15":{"start":{"line":49,"column":35},"end":{"line":49,"column":null}},"16":{"start":{"line":50,"column":15},"end":{"line":50,"column":null}},"17":{"start":{"line":50,"column":48},"end":{"line":50,"column":null}},"18":{"start":{"line":51,"column":13},"end":{"line":51,"column":null}},"19":{"start":{"line":51,"column":33},"end":{"line":51,"column":null}},"20":{"start":{"line":53,"column":2},"end":{"line":347,"column":null}},"21":{"start":{"line":55,"column":6},"end":{"line":55,"column":null}},"22":{"start":{"line":55,"column":39},"end":{"line":55,"column":null}},"23":{"start":{"line":56,"column":6},"end":{"line":58,"column":null}},"24":{"start":{"line":57,"column":8},"end":{"line":57,"column":null}},"25":{"start":{"line":57,"column":30},"end":{"line":57,"column":null}},"26":{"start":{"line":59,"column":6},"end":{"line":67,"column":null}},"27":{"start":{"line":68,"column":6},"end":{"line":68,"column":null}},"28":{"start":{"line":72,"column":19},"end":{"line":72,"column":null}},"29":{"start":{"line":73,"column":6},"end":{"line":73,"column":null}},"30":{"start":{"line":73,"column":17},"end":{"line":73,"column":null}},"31":{"start":{"line":75,"column":6},"end":{"line":79,"column":null}},"32":{"start":{"line":76,"column":23},"end":{"line":76,"column":null}},"33":{"start":{"line":77,"column":8},"end":{"line":77,"column":null}},"34":{"start":{"line":77,"column":38},"end":{"line":77,"column":81}},"35":{"start":{"line":78,"column":8},"end":{"line":78,"column":null}},"36":{"start":{"line":78,"column":50},"end":{"line":78,"column":null}},"37":{"start":{"line":80,"column":6},"end":{"line":80,"column":null}},"38":{"start":{"line":81,"column":6},"end":{"line":81,"column":null}},"39":{"start":{"line":82,"column":6},"end":{"line":82,"column":null}},"40":{"start":{"line":83,"column":6},"end":{"line":83,"column":null}},"41":{"start":{"line":87,"column":19},"end":{"line":87,"column":null}},"42":{"start":{"line":88,"column":6},"end":{"line":88,"column":null}},"43":{"start":{"line":88,"column":17},"end":{"line":88,"column":null}},"44":{"start":{"line":89,"column":6},"end":{"line":94,"column":null}},"45":{"start":{"line":90,"column":8},"end":{"line":92,"column":null}},"46":{"start":{"line":91,"column":10},"end":{"line":91,"column":null}},"47":{"start":{"line":91,"column":38},"end":{"line":91,"column":null}},"48":{"start":{"line":93,"column":8},"end":{"line":93,"column":null}},"49":{"start":{"line":95,"column":6},"end":{"line":98,"column":null}},"50":{"start":{"line":96,"column":8},"end":{"line":97,"column":null}},"51":{"start":{"line":96,"column":37},"end":{"line":96,"column":null}},"52":{"start":{"line":97,"column":13},"end":{"line":97,"column":null}},"53":{"start":{"line":99,"column":6},"end":{"line":99,"column":null}},"54":{"start":{"line":99,"column":38},"end":{"line":99,"column":null}},"55":{"start":{"line":100,"column":6},"end":{"line":100,"column":null}},"56":{"start":{"line":100,"column":41},"end":{"line":100,"column":null}},"57":{"start":{"line":101,"column":6},"end":{"line":101,"column":null}},"58":{"start":{"line":105,"column":26},"end":{"line":105,"column":null}},"59":{"start":{"line":106,"column":6},"end":{"line":108,"column":null}},"60":{"start":{"line":107,"column":8},"end":{"line":107,"column":null}},"61":{"start":{"line":109,"column":12},"end":{"line":109,"column":null}},"62":{"start":{"line":110,"column":6},"end":{"line":114,"column":null}},"63":{"start":{"line":111,"column":8},"end":{"line":113,"column":null}},"64":{"start":{"line":115,"column":6},"end":{"line":120,"column":null}},"65":{"start":{"line":116,"column":20},"end":{"line":116,"column":null}},"66":{"start":{"line":117,"column":8},"end":{"line":117,"column":null}},"67":{"start":{"line":117,"column":18},"end":{"line":117,"column":null}},"68":{"start":{"line":118,"column":8},"end":{"line":118,"column":null}},"69":{"start":{"line":119,"column":8},"end":{"line":119,"column":null}},"70":{"start":{"line":121,"column":6},"end":{"line":123,"column":null}},"71":{"start":{"line":122,"column":8},"end":{"line":122,"column":null}},"72":{"start":{"line":124,"column":6},"end":{"line":124,"column":null}},"73":{"start":{"line":124,"column":39},"end":{"line":124,"column":null}},"74":{"start":{"line":125,"column":23},"end":{"line":130,"column":null}},"75":{"start":{"line":131,"column":6},"end":{"line":131,"column":null}},"76":{"start":{"line":132,"column":6},"end":{"line":132,"column":null}},"77":{"start":{"line":136,"column":12},"end":{"line":136,"column":null}},"78":{"start":{"line":137,"column":6},"end":{"line":137,"column":null}},"79":{"start":{"line":137,"column":16},"end":{"line":137,"column":null}},"80":{"start":{"line":138,"column":6},"end":{"line":138,"column":null}},"81":{"start":{"line":138,"column":42},"end":{"line":138,"column":55}},"82":{"start":{"line":139,"column":6},"end":{"line":139,"column":null}},"83":{"start":{"line":139,"column":34},"end":{"line":139,"column":null}},"84":{"start":{"line":140,"column":6},"end":{"line":140,"column":null}},"85":{"start":{"line":144,"column":23},"end":{"line":144,"column":null}},"86":{"start":{"line":145,"column":23},"end":{"line":145,"column":null}},"87":{"start":{"line":146,"column":6},"end":{"line":146,"column":null}},"88":{"start":{"line":146,"column":21},"end":{"line":146,"column":null}},"89":{"start":{"line":147,"column":6},"end":{"line":147,"column":null}},"90":{"start":{"line":147,"column":21},"end":{"line":147,"column":null}},"91":{"start":{"line":148,"column":6},"end":{"line":148,"column":null}},"92":{"start":{"line":148,"column":39},"end":{"line":148,"column":null}},"93":{"start":{"line":149,"column":6},"end":{"line":149,"column":null}},"94":{"start":{"line":149,"column":38},"end":{"line":149,"column":null}},"95":{"start":{"line":150,"column":28},"end":{"line":150,"column":null}},"96":{"start":{"line":151,"column":6},"end":{"line":155,"column":null}},"97":{"start":{"line":152,"column":30},"end":{"line":152,"column":null}},"98":{"start":{"line":153,"column":8},"end":{"line":153,"column":null}},"99":{"start":{"line":154,"column":8},"end":{"line":154,"column":null}},"100":{"start":{"line":157,"column":6},"end":{"line":159,"column":null}},"101":{"start":{"line":158,"column":8},"end":{"line":158,"column":null}},"102":{"start":{"line":158,"column":41},"end":{"line":158,"column":null}},"103":{"start":{"line":160,"column":6},"end":{"line":162,"column":null}},"104":{"start":{"line":161,"column":8},"end":{"line":161,"column":null}},"105":{"start":{"line":161,"column":39},"end":{"line":161,"column":null}},"106":{"start":{"line":163,"column":6},"end":{"line":163,"column":null}},"107":{"start":{"line":164,"column":6},"end":{"line":164,"column":null}},"108":{"start":{"line":168,"column":18},"end":{"line":168,"column":null}},"109":{"start":{"line":169,"column":6},"end":{"line":169,"column":null}},"110":{"start":{"line":169,"column":16},"end":{"line":169,"column":null}},"111":{"start":{"line":170,"column":6},"end":{"line":170,"column":null}},"112":{"start":{"line":170,"column":39},"end":{"line":170,"column":null}},"113":{"start":{"line":171,"column":20},"end":{"line":171,"column":null}},"114":{"start":{"line":172,"column":6},"end":{"line":174,"column":null}},"115":{"start":{"line":173,"column":8},"end":{"line":173,"column":null}},"116":{"start":{"line":173,"column":36},"end":{"line":173,"column":null}},"117":{"start":{"line":175,"column":6},"end":{"line":175,"column":null}},"118":{"start":{"line":175,"column":42},"end":{"line":175,"column":55}},"119":{"start":{"line":176,"column":26},"end":{"line":181,"column":null}},"120":{"start":{"line":182,"column":6},"end":{"line":182,"column":null}},"121":{"start":{"line":183,"column":6},"end":{"line":183,"column":null}},"122":{"start":{"line":183,"column":34},"end":{"line":183,"column":null}},"123":{"start":{"line":184,"column":6},"end":{"line":184,"column":null}},"124":{"start":{"line":188,"column":18},"end":{"line":188,"column":null}},"125":{"start":{"line":189,"column":6},"end":{"line":189,"column":null}},"126":{"start":{"line":189,"column":16},"end":{"line":189,"column":null}},"127":{"start":{"line":190,"column":6},"end":{"line":190,"column":null}},"128":{"start":{"line":191,"column":6},"end":{"line":191,"column":null}},"129":{"start":{"line":195,"column":18},"end":{"line":195,"column":null}},"130":{"start":{"line":196,"column":6},"end":{"line":196,"column":null}},"131":{"start":{"line":196,"column":16},"end":{"line":196,"column":null}},"132":{"start":{"line":197,"column":6},"end":{"line":197,"column":null}},"133":{"start":{"line":198,"column":6},"end":{"line":198,"column":null}},"134":{"start":{"line":202,"column":6},"end":{"line":202,"column":null}},"135":{"start":{"line":202,"column":40},"end":{"line":202,"column":null}},"136":{"start":{"line":203,"column":6},"end":{"line":207,"column":null}},"137":{"start":{"line":208,"column":6},"end":{"line":208,"column":null}},"138":{"start":{"line":212,"column":6},"end":{"line":212,"column":null}},"139":{"start":{"line":212,"column":41},"end":{"line":212,"column":null}},"140":{"start":{"line":213,"column":6},"end":{"line":213,"column":null}},"141":{"start":{"line":214,"column":6},"end":{"line":214,"column":null}},"142":{"start":{"line":219,"column":6},"end":{"line":221,"column":null}},"143":{"start":{"line":220,"column":8},"end":{"line":220,"column":null}},"144":{"start":{"line":222,"column":6},"end":{"line":224,"column":null}},"145":{"start":{"line":223,"column":8},"end":{"line":223,"column":null}},"146":{"start":{"line":225,"column":6},"end":{"line":229,"column":null}},"147":{"start":{"line":230,"column":6},"end":{"line":230,"column":null}},"148":{"start":{"line":234,"column":6},"end":{"line":236,"column":null}},"149":{"start":{"line":235,"column":8},"end":{"line":235,"column":null}},"150":{"start":{"line":237,"column":6},"end":{"line":237,"column":null}},"151":{"start":{"line":238,"column":6},"end":{"line":238,"column":null}},"152":{"start":{"line":242,"column":6},"end":{"line":242,"column":null}},"153":{"start":{"line":242,"column":37},"end":{"line":242,"column":null}},"154":{"start":{"line":243,"column":6},"end":{"line":244,"column":null}},"155":{"start":{"line":243,"column":36},"end":{"line":243,"column":null}},"156":{"start":{"line":244,"column":11},"end":{"line":244,"column":null}},"157":{"start":{"line":244,"column":71},"end":{"line":244,"column":104}},"158":{"start":{"line":245,"column":6},"end":{"line":245,"column":null}},"159":{"start":{"line":250,"column":6},"end":{"line":252,"column":null}},"160":{"start":{"line":251,"column":8},"end":{"line":251,"column":null}},"161":{"start":{"line":253,"column":6},"end":{"line":255,"column":null}},"162":{"start":{"line":254,"column":8},"end":{"line":254,"column":null}},"163":{"start":{"line":256,"column":6},"end":{"line":261,"column":null}},"164":{"start":{"line":262,"column":6},"end":{"line":262,"column":null}},"165":{"start":{"line":266,"column":6},"end":{"line":268,"column":null}},"166":{"start":{"line":267,"column":8},"end":{"line":267,"column":null}},"167":{"start":{"line":269,"column":6},"end":{"line":269,"column":null}},"168":{"start":{"line":270,"column":6},"end":{"line":270,"column":null}},"169":{"start":{"line":274,"column":6},"end":{"line":274,"column":null}},"170":{"start":{"line":274,"column":37},"end":{"line":274,"column":null}},"171":{"start":{"line":275,"column":6},"end":{"line":275,"column":null}},"172":{"start":{"line":275,"column":39},"end":{"line":275,"column":null}},"173":{"start":{"line":276,"column":6},"end":{"line":282,"column":null}},"174":{"start":{"line":281,"column":34},"end":{"line":281,"column":43}},"175":{"start":{"line":283,"column":6},"end":{"line":283,"column":null}},"176":{"start":{"line":287,"column":6},"end":{"line":287,"column":null}},"177":{"start":{"line":287,"column":40},"end":{"line":287,"column":null}},"178":{"start":{"line":288,"column":6},"end":{"line":288,"column":null}},"179":{"start":{"line":289,"column":6},"end":{"line":289,"column":null}},"180":{"start":{"line":293,"column":6},"end":{"line":293,"column":null}},"181":{"start":{"line":293,"column":37},"end":{"line":293,"column":null}},"182":{"start":{"line":294,"column":6},"end":{"line":294,"column":null}},"183":{"start":{"line":294,"column":37},"end":{"line":294,"column":null}},"184":{"start":{"line":295,"column":6},"end":{"line":302,"column":null}},"185":{"start":{"line":303,"column":6},"end":{"line":303,"column":null}},"186":{"start":{"line":307,"column":6},"end":{"line":307,"column":null}},"187":{"start":{"line":307,"column":38},"end":{"line":307,"column":null}},"188":{"start":{"line":308,"column":6},"end":{"line":308,"column":null}},"189":{"start":{"line":309,"column":6},"end":{"line":309,"column":null}},"190":{"start":{"line":313,"column":6},"end":{"line":313,"column":null}},"191":{"start":{"line":316,"column":6},"end":{"line":316,"column":null}},"192":{"start":{"line":317,"column":6},"end":{"line":317,"column":null}},"193":{"start":{"line":321,"column":6},"end":{"line":321,"column":null}},"194":{"start":{"line":322,"column":6},"end":{"line":322,"column":null}},"195":{"start":{"line":327,"column":12},"end":{"line":327,"column":null}},"196":{"start":{"line":328,"column":44},"end":{"line":328,"column":null}},"197":{"start":{"line":329,"column":6},"end":{"line":333,"column":null}},"198":{"start":{"line":330,"column":20},"end":{"line":330,"column":null}},"199":{"start":{"line":331,"column":8},"end":{"line":331,"column":null}},"200":{"start":{"line":331,"column":21},"end":{"line":331,"column":null}},"201":{"start":{"line":332,"column":8},"end":{"line":332,"column":null}},"202":{"start":{"line":335,"column":6},"end":{"line":335,"column":null}},"203":{"start":{"line":336,"column":6},"end":{"line":336,"column":null}},"204":{"start":{"line":337,"column":6},"end":{"line":337,"column":null}},"205":{"start":{"line":338,"column":6},"end":{"line":338,"column":null}},"206":{"start":{"line":339,"column":6},"end":{"line":339,"column":null}},"207":{"start":{"line":340,"column":6},"end":{"line":340,"column":null}},"208":{"start":{"line":341,"column":6},"end":{"line":341,"column":null}},"209":{"start":{"line":342,"column":6},"end":{"line":342,"column":null}},"210":{"start":{"line":343,"column":6},"end":{"line":343,"column":null}},"211":{"start":{"line":344,"column":6},"end":{"line":344,"column":null}},"212":{"start":{"line":345,"column":6},"end":{"line":345,"column":null}}},"fnMap":{"0":{"name":"autoNetName","decl":{"start":{"line":21,"column":9},"end":{"line":21,"column":21}},"loc":{"start":{"line":21,"column":49},"end":{"line":24,"column":null}},"line":21},"1":{"name":"gcNet","decl":{"start":{"line":27,"column":9},"end":{"line":27,"column":15}},"loc":{"start":{"line":27,"column":80},"end":{"line":46,"column":null}},"line":27},"2":{"name":"applyOp","decl":{"start":{"line":48,"column":16},"end":{"line":48,"column":24}},"loc":{"start":{"line":48,"column":69},"end":{"line":348,"column":null}},"line":48},"3":{"name":"(anonymous_3)","decl":{"start":{"line":50,"column":15},"end":{"line":50,"column":16}},"loc":{"start":{"line":50,"column":48},"end":{"line":50,"column":null}},"line":50},"4":{"name":"(anonymous_4)","decl":{"start":{"line":51,"column":13},"end":{"line":51,"column":33}},"loc":{"start":{"line":51,"column":33},"end":{"line":51,"column":null}},"line":51},"5":{"name":"(anonymous_5)","decl":{"start":{"line":77,"column":37},"end":{"line":77,"column":38}},"loc":{"start":{"line":77,"column":38},"end":{"line":77,"column":81}},"line":77},"6":{"name":"(anonymous_6)","decl":{"start":{"line":138,"column":35},"end":{"line":138,"column":36}},"loc":{"start":{"line":138,"column":42},"end":{"line":138,"column":55}},"line":138},"7":{"name":"(anonymous_7)","decl":{"start":{"line":175,"column":35},"end":{"line":175,"column":36}},"loc":{"start":{"line":175,"column":42},"end":{"line":175,"column":55}},"line":175},"8":{"name":"(anonymous_8)","decl":{"start":{"line":244,"column":63},"end":{"line":244,"column":64}},"loc":{"start":{"line":244,"column":71},"end":{"line":244,"column":104}},"line":244},"9":{"name":"(anonymous_9)","decl":{"start":{"line":281,"column":26},"end":{"line":281,"column":27}},"loc":{"start":{"line":281,"column":34},"end":{"line":281,"column":43}},"line":281}},"branchMap":{"0":{"loc":{"start":{"line":29,"column":2},"end":{"line":32,"column":null}},"type":"if","locations":[{"start":{"line":29,"column":2},"end":{"line":32,"column":null}},{"start":{},"end":{}}],"line":29},"1":{"loc":{"start":{"line":34,"column":4},"end":{"line":37,"column":null}},"type":"if","locations":[{"start":{"line":34,"column":4},"end":{"line":37,"column":null}},{"start":{},"end":{}}],"line":34},"2":{"loc":{"start":{"line":40,"column":4},"end":{"line":43,"column":null}},"type":"if","locations":[{"start":{"line":40,"column":4},"end":{"line":43,"column":null}},{"start":{},"end":{}}],"line":40},"3":{"loc":{"start":{"line":53,"column":2},"end":{"line":347,"column":null}},"type":"switch","locations":[{"start":{"line":54,"column":4},"end":{"line":69,"column":null}},{"start":{"line":71,"column":4},"end":{"line":84,"column":null}},{"start":{"line":86,"column":4},"end":{"line":102,"column":null}},{"start":{"line":104,"column":4},"end":{"line":133,"column":null}},{"start":{"line":135,"column":4},"end":{"line":141,"column":null}},{"start":{"line":143,"column":4},"end":{"line":165,"column":null}},{"start":{"line":167,"column":4},"end":{"line":185,"column":null}},{"start":{"line":187,"column":4},"end":{"line":192,"column":null}},{"start":{"line":194,"column":4},"end":{"line":199,"column":null}},{"start":{"line":201,"column":4},"end":{"line":209,"column":null}},{"start":{"line":211,"column":4},"end":{"line":215,"column":null}},{"start":{"line":217,"column":4},"end":{"line":217,"column":null}},{"start":{"line":218,"column":4},"end":{"line":231,"column":null}},{"start":{"line":233,"column":4},"end":{"line":239,"column":null}},{"start":{"line":241,"column":4},"end":{"line":246,"column":null}},{"start":{"line":248,"column":4},"end":{"line":248,"column":null}},{"start":{"line":249,"column":4},"end":{"line":263,"column":null}},{"start":{"line":265,"column":4},"end":{"line":271,"column":null}},{"start":{"line":273,"column":4},"end":{"line":284,"column":null}},{"start":{"line":286,"column":4},"end":{"line":290,"column":null}},{"start":{"line":292,"column":4},"end":{"line":304,"column":null}},{"start":{"line":306,"column":4},"end":{"line":310,"column":null}},{"start":{"line":312,"column":4},"end":{"line":313,"column":null}},{"start":{"line":315,"column":4},"end":{"line":318,"column":null}},{"start":{"line":320,"column":4},"end":{"line":323,"column":null}},{"start":{"line":325,"column":4},"end":{"line":346,"column":null}}],"line":53},"4":{"loc":{"start":{"line":55,"column":6},"end":{"line":55,"column":null}},"type":"if","locations":[{"start":{"line":55,"column":6},"end":{"line":55,"column":null}},{"start":{},"end":{}}],"line":55},"5":{"loc":{"start":{"line":57,"column":8},"end":{"line":57,"column":null}},"type":"if","locations":[{"start":{"line":57,"column":8},"end":{"line":57,"column":null}},{"start":{},"end":{}}],"line":57},"6":{"loc":{"start":{"line":64,"column":12},"end":{"line":64,"column":null}},"type":"cond-expr","locations":[{"start":{"line":64,"column":37},"end":{"line":64,"column":59}},{"start":{"line":64,"column":59},"end":{"line":64,"column":null}}],"line":64},"7":{"loc":{"start":{"line":73,"column":6},"end":{"line":73,"column":null}},"type":"if","locations":[{"start":{"line":73,"column":6},"end":{"line":73,"column":null}},{"start":{},"end":{}}],"line":73},"8":{"loc":{"start":{"line":78,"column":8},"end":{"line":78,"column":null}},"type":"if","locations":[{"start":{"line":78,"column":8},"end":{"line":78,"column":null}},{"start":{},"end":{}}],"line":78},"9":{"loc":{"start":{"line":78,"column":12},"end":{"line":78,"column":50}},"type":"binary-expr","locations":[{"start":{"line":78,"column":12},"end":{"line":78,"column":38}},{"start":{"line":78,"column":38},"end":{"line":78,"column":50}}],"line":78},"10":{"loc":{"start":{"line":88,"column":6},"end":{"line":88,"column":null}},"type":"if","locations":[{"start":{"line":88,"column":6},"end":{"line":88,"column":null}},{"start":{},"end":{}}],"line":88},"11":{"loc":{"start":{"line":89,"column":6},"end":{"line":94,"column":null}},"type":"if","locations":[{"start":{"line":89,"column":6},"end":{"line":94,"column":null}},{"start":{},"end":{}}],"line":89},"12":{"loc":{"start":{"line":89,"column":10},"end":{"line":89,"column":67}},"type":"binary-expr","locations":[{"start":{"line":89,"column":10},"end":{"line":89,"column":40}},{"start":{"line":89,"column":40},"end":{"line":89,"column":67}}],"line":89},"13":{"loc":{"start":{"line":91,"column":10},"end":{"line":91,"column":null}},"type":"if","locations":[{"start":{"line":91,"column":10},"end":{"line":91,"column":null}},{"start":{},"end":{}}],"line":91},"14":{"loc":{"start":{"line":95,"column":6},"end":{"line":98,"column":null}},"type":"if","locations":[{"start":{"line":95,"column":6},"end":{"line":98,"column":null}},{"start":{},"end":{}}],"line":95},"15":{"loc":{"start":{"line":96,"column":8},"end":{"line":97,"column":null}},"type":"if","locations":[{"start":{"line":96,"column":8},"end":{"line":97,"column":null}},{"start":{"line":97,"column":13},"end":{"line":97,"column":null}}],"line":96},"16":{"loc":{"start":{"line":99,"column":6},"end":{"line":99,"column":null}},"type":"if","locations":[{"start":{"line":99,"column":6},"end":{"line":99,"column":null}},{"start":{},"end":{}}],"line":99},"17":{"loc":{"start":{"line":100,"column":6},"end":{"line":100,"column":null}},"type":"if","locations":[{"start":{"line":100,"column":6},"end":{"line":100,"column":null}},{"start":{},"end":{}}],"line":100},"18":{"loc":{"start":{"line":106,"column":6},"end":{"line":108,"column":null}},"type":"if","locations":[{"start":{"line":106,"column":6},"end":{"line":108,"column":null}},{"start":{},"end":{}}],"line":106},"19":{"loc":{"start":{"line":110,"column":6},"end":{"line":114,"column":null}},"type":"if","locations":[{"start":{"line":110,"column":6},"end":{"line":114,"column":null}},{"start":{},"end":{}}],"line":110},"20":{"loc":{"start":{"line":115,"column":6},"end":{"line":120,"column":null}},"type":"if","locations":[{"start":{"line":115,"column":6},"end":{"line":120,"column":null}},{"start":{},"end":{}}],"line":115},"21":{"loc":{"start":{"line":117,"column":8},"end":{"line":117,"column":null}},"type":"if","locations":[{"start":{"line":117,"column":8},"end":{"line":117,"column":null}},{"start":{},"end":{}}],"line":117},"22":{"loc":{"start":{"line":121,"column":6},"end":{"line":123,"column":null}},"type":"if","locations":[{"start":{"line":121,"column":6},"end":{"line":123,"column":null}},{"start":{},"end":{}}],"line":121},"23":{"loc":{"start":{"line":124,"column":6},"end":{"line":124,"column":null}},"type":"if","locations":[{"start":{"line":124,"column":6},"end":{"line":124,"column":null}},{"start":{},"end":{}}],"line":124},"24":{"loc":{"start":{"line":137,"column":6},"end":{"line":137,"column":null}},"type":"if","locations":[{"start":{"line":137,"column":6},"end":{"line":137,"column":null}},{"start":{},"end":{}}],"line":137},"25":{"loc":{"start":{"line":139,"column":6},"end":{"line":139,"column":null}},"type":"if","locations":[{"start":{"line":139,"column":6},"end":{"line":139,"column":null}},{"start":{},"end":{}}],"line":139},"26":{"loc":{"start":{"line":146,"column":6},"end":{"line":146,"column":null}},"type":"if","locations":[{"start":{"line":146,"column":6},"end":{"line":146,"column":null}},{"start":{},"end":{}}],"line":146},"27":{"loc":{"start":{"line":147,"column":6},"end":{"line":147,"column":null}},"type":"if","locations":[{"start":{"line":147,"column":6},"end":{"line":147,"column":null}},{"start":{},"end":{}}],"line":147},"28":{"loc":{"start":{"line":148,"column":6},"end":{"line":148,"column":null}},"type":"if","locations":[{"start":{"line":148,"column":6},"end":{"line":148,"column":null}},{"start":{},"end":{}}],"line":148},"29":{"loc":{"start":{"line":151,"column":6},"end":{"line":155,"column":null}},"type":"if","locations":[{"start":{"line":151,"column":6},"end":{"line":155,"column":null}},{"start":{},"end":{}}],"line":151},"30":{"loc":{"start":{"line":152,"column":30},"end":{"line":152,"column":null}},"type":"binary-expr","locations":[{"start":{"line":152,"column":30},"end":{"line":152,"column":72}},{"start":{"line":152,"column":72},"end":{"line":152,"column":null}}],"line":152},"31":{"loc":{"start":{"line":158,"column":8},"end":{"line":158,"column":null}},"type":"if","locations":[{"start":{"line":158,"column":8},"end":{"line":158,"column":null}},{"start":{},"end":{}}],"line":158},"32":{"loc":{"start":{"line":161,"column":8},"end":{"line":161,"column":null}},"type":"if","locations":[{"start":{"line":161,"column":8},"end":{"line":161,"column":null}},{"start":{},"end":{}}],"line":161},"33":{"loc":{"start":{"line":169,"column":6},"end":{"line":169,"column":null}},"type":"if","locations":[{"start":{"line":169,"column":6},"end":{"line":169,"column":null}},{"start":{},"end":{}}],"line":169},"34":{"loc":{"start":{"line":170,"column":6},"end":{"line":170,"column":null}},"type":"if","locations":[{"start":{"line":170,"column":6},"end":{"line":170,"column":null}},{"start":{},"end":{}}],"line":170},"35":{"loc":{"start":{"line":173,"column":8},"end":{"line":173,"column":null}},"type":"if","locations":[{"start":{"line":173,"column":8},"end":{"line":173,"column":null}},{"start":{},"end":{}}],"line":173},"36":{"loc":{"start":{"line":183,"column":6},"end":{"line":183,"column":null}},"type":"if","locations":[{"start":{"line":183,"column":6},"end":{"line":183,"column":null}},{"start":{},"end":{}}],"line":183},"37":{"loc":{"start":{"line":189,"column":6},"end":{"line":189,"column":null}},"type":"if","locations":[{"start":{"line":189,"column":6},"end":{"line":189,"column":null}},{"start":{},"end":{}}],"line":189},"38":{"loc":{"start":{"line":196,"column":6},"end":{"line":196,"column":null}},"type":"if","locations":[{"start":{"line":196,"column":6},"end":{"line":196,"column":null}},{"start":{},"end":{}}],"line":196},"39":{"loc":{"start":{"line":202,"column":6},"end":{"line":202,"column":null}},"type":"if","locations":[{"start":{"line":202,"column":6},"end":{"line":202,"column":null}},{"start":{},"end":{}}],"line":202},"40":{"loc":{"start":{"line":206,"column":12},"end":{"line":206,"column":null}},"type":"cond-expr","locations":[{"start":{"line":206,"column":41},"end":{"line":206,"column":71}},{"start":{"line":206,"column":71},"end":{"line":206,"column":null}}],"line":206},"41":{"loc":{"start":{"line":212,"column":6},"end":{"line":212,"column":null}},"type":"if","locations":[{"start":{"line":212,"column":6},"end":{"line":212,"column":null}},{"start":{},"end":{}}],"line":212},"42":{"loc":{"start":{"line":219,"column":6},"end":{"line":221,"column":null}},"type":"if","locations":[{"start":{"line":219,"column":6},"end":{"line":221,"column":null}},{"start":{},"end":{}}],"line":219},"43":{"loc":{"start":{"line":222,"column":6},"end":{"line":224,"column":null}},"type":"if","locations":[{"start":{"line":222,"column":6},"end":{"line":224,"column":null}},{"start":{},"end":{}}],"line":222},"44":{"loc":{"start":{"line":222,"column":10},"end":{"line":222,"column":88}},"type":"binary-expr","locations":[{"start":{"line":222,"column":10},"end":{"line":222,"column":39}},{"start":{"line":222,"column":39},"end":{"line":222,"column":88}}],"line":222},"45":{"loc":{"start":{"line":234,"column":6},"end":{"line":236,"column":null}},"type":"if","locations":[{"start":{"line":234,"column":6},"end":{"line":236,"column":null}},{"start":{},"end":{}}],"line":234},"46":{"loc":{"start":{"line":242,"column":6},"end":{"line":242,"column":null}},"type":"if","locations":[{"start":{"line":242,"column":6},"end":{"line":242,"column":null}},{"start":{},"end":{}}],"line":242},"47":{"loc":{"start":{"line":243,"column":6},"end":{"line":244,"column":null}},"type":"if","locations":[{"start":{"line":243,"column":6},"end":{"line":244,"column":null}},{"start":{"line":244,"column":11},"end":{"line":244,"column":null}}],"line":243},"48":{"loc":{"start":{"line":250,"column":6},"end":{"line":252,"column":null}},"type":"if","locations":[{"start":{"line":250,"column":6},"end":{"line":252,"column":null}},{"start":{},"end":{}}],"line":250},"49":{"loc":{"start":{"line":253,"column":6},"end":{"line":255,"column":null}},"type":"if","locations":[{"start":{"line":253,"column":6},"end":{"line":255,"column":null}},{"start":{},"end":{}}],"line":253},"50":{"loc":{"start":{"line":253,"column":10},"end":{"line":253,"column":85}},"type":"binary-expr","locations":[{"start":{"line":253,"column":10},"end":{"line":253,"column":42}},{"start":{"line":253,"column":42},"end":{"line":253,"column":85}}],"line":253},"51":{"loc":{"start":{"line":266,"column":6},"end":{"line":268,"column":null}},"type":"if","locations":[{"start":{"line":266,"column":6},"end":{"line":268,"column":null}},{"start":{},"end":{}}],"line":266},"52":{"loc":{"start":{"line":274,"column":6},"end":{"line":274,"column":null}},"type":"if","locations":[{"start":{"line":274,"column":6},"end":{"line":274,"column":null}},{"start":{},"end":{}}],"line":274},"53":{"loc":{"start":{"line":275,"column":6},"end":{"line":275,"column":null}},"type":"if","locations":[{"start":{"line":275,"column":6},"end":{"line":275,"column":null}},{"start":{},"end":{}}],"line":275},"54":{"loc":{"start":{"line":287,"column":6},"end":{"line":287,"column":null}},"type":"if","locations":[{"start":{"line":287,"column":6},"end":{"line":287,"column":null}},{"start":{},"end":{}}],"line":287},"55":{"loc":{"start":{"line":293,"column":6},"end":{"line":293,"column":null}},"type":"if","locations":[{"start":{"line":293,"column":6},"end":{"line":293,"column":null}},{"start":{},"end":{}}],"line":293},"56":{"loc":{"start":{"line":294,"column":6},"end":{"line":294,"column":null}},"type":"if","locations":[{"start":{"line":294,"column":6},"end":{"line":294,"column":null}},{"start":{},"end":{}}],"line":294},"57":{"loc":{"start":{"line":307,"column":6},"end":{"line":307,"column":null}},"type":"if","locations":[{"start":{"line":307,"column":6},"end":{"line":307,"column":null}},{"start":{},"end":{}}],"line":307},"58":{"loc":{"start":{"line":331,"column":8},"end":{"line":331,"column":null}},"type":"if","locations":[{"start":{"line":331,"column":8},"end":{"line":331,"column":null}},{"start":{},"end":{}}],"line":331}},"s":{"0":508,"1":508,"2":76,"3":76,"4":3,"5":3,"6":76,"7":4,"8":3,"9":3,"10":76,"11":4,"12":3,"13":3,"14":76,"15":3713,"16":3713,"17":1130,"18":3713,"19":2583,"20":3713,"21":663,"22":94,"23":569,"24":447,"25":2,"26":567,"27":663,"28":218,"29":218,"30":101,"31":117,"32":80,"33":80,"34":120,"35":80,"36":38,"37":117,"38":117,"39":117,"40":117,"41":22,"42":22,"43":1,"44":21,"45":5,"46":12,"47":1,"48":4,"49":20,"50":13,"51":2,"52":11,"53":20,"54":10,"55":20,"56":7,"57":20,"58":1338,"59":1338,"60":285,"61":1053,"62":1053,"63":58,"64":995,"65":489,"66":489,"67":71,"68":418,"69":418,"70":506,"71":1,"72":505,"73":505,"74":503,"75":503,"76":503,"77":222,"78":222,"79":174,"80":48,"81":61,"82":48,"83":37,"84":48,"85":226,"86":226,"87":226,"88":203,"89":23,"90":23,"91":11,"92":11,"93":7,"94":7,"95":7,"96":7,"97":3,"98":3,"99":3,"100":7,"101":3,"102":2,"103":7,"104":3,"105":2,"106":7,"107":7,"108":8,"109":8,"110":1,"111":7,"112":7,"113":6,"114":6,"115":8,"116":1,"117":5,"118":13,"119":5,"120":5,"121":5,"122":1,"123":5,"124":147,"125":147,"126":1,"127":146,"128":146,"129":12,"130":12,"131":1,"132":11,"133":11,"134":15,"135":1,"136":14,"137":15,"138":6,"139":1,"140":5,"141":5,"142":599,"143":100,"144":499,"145":1,"146":498,"147":498,"148":6,"149":1,"150":5,"151":5,"152":27,"153":1,"154":26,"155":26,"156":23,"157":23,"158":26,"159":70,"160":2,"161":68,"162":1,"163":67,"164":67,"165":4,"166":1,"167":3,"168":3,"169":47,"170":1,"171":46,"172":46,"173":45,"174":90,"175":45,"176":12,"177":1,"178":11,"179":11,"180":43,"181":1,"182":42,"183":42,"184":41,"185":41,"186":9,"187":1,"188":8,"189":8,"190":1,"191":1,"192":1,"193":12,"194":12,"195":5,"196":5,"197":5,"198":14,"199":14,"200":1,"201":13,"202":4,"203":4,"204":4,"205":4,"206":4,"207":4,"208":4,"209":4,"210":4,"211":4,"212":4},"f":{"0":508,"1":76,"2":3713,"3":1130,"4":2583,"5":120,"6":61,"7":13,"8":23,"9":90},"b":{"0":[3,73],"1":[3,1],"2":[3,1],"3":[663,218,22,1338,222,226,8,147,12,15,6,590,599,6,27,55,70,4,47,12,43,9,1,1,12,5],"4":[94,569],"5":[2,445],"6":[135,432],"7":[101,117],"8":[38,42],"9":[80,38],"10":[1,21],"11":[5,16],"12":[21,6],"13":[1,11],"14":[13,7],"15":[2,11],"16":[10,10],"17":[7,13],"18":[285,1053],"19":[58,995],"20":[489,506],"21":[71,418],"22":[1,505],"23":[2,503],"24":[174,48],"25":[37,11],"26":[203,23],"27":[12,11],"28":[4,7],"29":[3,4],"30":[3,1],"31":[2,1],"32":[2,1],"33":[1,7],"34":[1,6],"35":[1,7],"36":[1,4],"37":[1,146],"38":[1,11],"39":[1,14],"40":[5,9],"41":[1,5],"42":[100,499],"43":[1,498],"44":[499,9],"45":[1,5],"46":[1,26],"47":[3,23],"48":[2,68],"49":[1,67],"50":[68,14],"51":[1,3],"52":[1,46],"53":[1,45],"54":[1,11],"55":[1,42],"56":[1,41],"57":[1,8],"58":[1,13]},"meta":{"lastBranch":59,"lastFunction":10,"lastStatement":213,"seen":{"f:21:9:21:21":0,"s:22:2:22:Infinity":0,"s:23:2:23:Infinity":1,"f:27:9:27:15":1,"s:28:2:28:Infinity":2,"b:29:2:32:Infinity:undefined:undefined:undefined:undefined":0,"s:29:2:32:Infinity":3,"s:30:4:30:Infinity":4,"s:31:4:31:Infinity":5,"s:33:2:38:Infinity":6,"b:34:4:37:Infinity:undefined:undefined:undefined:undefined":1,"s:34:4:37:Infinity":7,"s:35:6:35:Infinity":8,"s:36:6:36:Infinity":9,"s:39:2:44:Infinity":10,"b:40:4:43:Infinity:undefined:undefined:undefined:undefined":2,"s:40:4:43:Infinity":11,"s:41:6:41:Infinity":12,"s:42:6:42:Infinity":13,"s:45:2:45:Infinity":14,"f:48:16:48:24":2,"s:49:35:49:Infinity":15,"s:50:15:50:Infinity":16,"f:50:15:50:16":3,"s:50:48:50:Infinity":17,"s:51:13:51:Infinity":18,"f:51:13:51:33":4,"s:51:33:51:Infinity":19,"b:54:4:69:Infinity:71:4:84:Infinity:86:4:102:Infinity:104:4:133:Infinity:135:4:141:Infinity:143:4:165:Infinity:167:4:185:Infinity:187:4:192:Infinity:194:4:199:Infinity:201:4:209:Infinity:211:4:215:Infinity:217:4:217:Infinity:218:4:231:Infinity:233:4:239:Infinity:241:4:246:Infinity:248:4:248:Infinity:249:4:263:Infinity:265:4:271:Infinity:273:4:284:Infinity:286:4:290:Infinity:292:4:304:Infinity:306:4:310:Infinity:312:4:313:Infinity:315:4:318:Infinity:320:4:323:Infinity:325:4:346:Infinity":3,"s:53:2:347:Infinity":20,"b:55:6:55:Infinity:undefined:undefined:undefined:undefined":4,"s:55:6:55:Infinity":21,"s:55:39:55:Infinity":22,"s:56:6:58:Infinity":23,"b:57:8:57:Infinity:undefined:undefined:undefined:undefined":5,"s:57:8:57:Infinity":24,"s:57:30:57:Infinity":25,"s:59:6:67:Infinity":26,"b:64:37:64:59:64:59:64:Infinity":6,"s:68:6:68:Infinity":27,"s:72:19:72:Infinity":28,"b:73:6:73:Infinity:undefined:undefined:undefined:undefined":7,"s:73:6:73:Infinity":29,"s:73:17:73:Infinity":30,"s:75:6:79:Infinity":31,"s:76:23:76:Infinity":32,"s:77:8:77:Infinity":33,"f:77:37:77:38":5,"s:77:38:77:81":34,"b:78:8:78:Infinity:undefined:undefined:undefined:undefined":8,"s:78:8:78:Infinity":35,"b:78:12:78:38:78:38:78:50":9,"s:78:50:78:Infinity":36,"s:80:6:80:Infinity":37,"s:81:6:81:Infinity":38,"s:82:6:82:Infinity":39,"s:83:6:83:Infinity":40,"s:87:19:87:Infinity":41,"b:88:6:88:Infinity:undefined:undefined:undefined:undefined":10,"s:88:6:88:Infinity":42,"s:88:17:88:Infinity":43,"b:89:6:94:Infinity:undefined:undefined:undefined:undefined":11,"s:89:6:94:Infinity":44,"b:89:10:89:40:89:40:89:67":12,"s:90:8:92:Infinity":45,"b:91:10:91:Infinity:undefined:undefined:undefined:undefined":13,"s:91:10:91:Infinity":46,"s:91:38:91:Infinity":47,"s:93:8:93:Infinity":48,"b:95:6:98:Infinity:undefined:undefined:undefined:undefined":14,"s:95:6:98:Infinity":49,"b:96:8:97:Infinity:97:13:97:Infinity":15,"s:96:8:97:Infinity":50,"s:96:37:96:Infinity":51,"s:97:13:97:Infinity":52,"b:99:6:99:Infinity:undefined:undefined:undefined:undefined":16,"s:99:6:99:Infinity":53,"s:99:38:99:Infinity":54,"b:100:6:100:Infinity:undefined:undefined:undefined:undefined":17,"s:100:6:100:Infinity":55,"s:100:41:100:Infinity":56,"s:101:6:101:Infinity":57,"s:105:26:105:Infinity":58,"b:106:6:108:Infinity:undefined:undefined:undefined:undefined":18,"s:106:6:108:Infinity":59,"s:107:8:107:Infinity":60,"s:109:12:109:Infinity":61,"b:110:6:114:Infinity:undefined:undefined:undefined:undefined":19,"s:110:6:114:Infinity":62,"s:111:8:113:Infinity":63,"b:115:6:120:Infinity:undefined:undefined:undefined:undefined":20,"s:115:6:120:Infinity":64,"s:116:20:116:Infinity":65,"b:117:8:117:Infinity:undefined:undefined:undefined:undefined":21,"s:117:8:117:Infinity":66,"s:117:18:117:Infinity":67,"s:118:8:118:Infinity":68,"s:119:8:119:Infinity":69,"b:121:6:123:Infinity:undefined:undefined:undefined:undefined":22,"s:121:6:123:Infinity":70,"s:122:8:122:Infinity":71,"b:124:6:124:Infinity:undefined:undefined:undefined:undefined":23,"s:124:6:124:Infinity":72,"s:124:39:124:Infinity":73,"s:125:23:130:Infinity":74,"s:131:6:131:Infinity":75,"s:132:6:132:Infinity":76,"s:136:12:136:Infinity":77,"b:137:6:137:Infinity:undefined:undefined:undefined:undefined":24,"s:137:6:137:Infinity":78,"s:137:16:137:Infinity":79,"s:138:6:138:Infinity":80,"f:138:35:138:36":6,"s:138:42:138:55":81,"b:139:6:139:Infinity:undefined:undefined:undefined:undefined":25,"s:139:6:139:Infinity":82,"s:139:34:139:Infinity":83,"s:140:6:140:Infinity":84,"s:144:23:144:Infinity":85,"s:145:23:145:Infinity":86,"b:146:6:146:Infinity:undefined:undefined:undefined:undefined":26,"s:146:6:146:Infinity":87,"s:146:21:146:Infinity":88,"b:147:6:147:Infinity:undefined:undefined:undefined:undefined":27,"s:147:6:147:Infinity":89,"s:147:21:147:Infinity":90,"b:148:6:148:Infinity:undefined:undefined:undefined:undefined":28,"s:148:6:148:Infinity":91,"s:148:39:148:Infinity":92,"s:149:6:149:Infinity":93,"s:149:38:149:Infinity":94,"s:150:28:150:Infinity":95,"b:151:6:155:Infinity:undefined:undefined:undefined:undefined":29,"s:151:6:155:Infinity":96,"s:152:30:152:Infinity":97,"b:152:30:152:72:152:72:152:Infinity":30,"s:153:8:153:Infinity":98,"s:154:8:154:Infinity":99,"s:157:6:159:Infinity":100,"b:158:8:158:Infinity:undefined:undefined:undefined:undefined":31,"s:158:8:158:Infinity":101,"s:158:41:158:Infinity":102,"s:160:6:162:Infinity":103,"b:161:8:161:Infinity:undefined:undefined:undefined:undefined":32,"s:161:8:161:Infinity":104,"s:161:39:161:Infinity":105,"s:163:6:163:Infinity":106,"s:164:6:164:Infinity":107,"s:168:18:168:Infinity":108,"b:169:6:169:Infinity:undefined:undefined:undefined:undefined":33,"s:169:6:169:Infinity":109,"s:169:16:169:Infinity":110,"b:170:6:170:Infinity:undefined:undefined:undefined:undefined":34,"s:170:6:170:Infinity":111,"s:170:39:170:Infinity":112,"s:171:20:171:Infinity":113,"s:172:6:174:Infinity":114,"b:173:8:173:Infinity:undefined:undefined:undefined:undefined":35,"s:173:8:173:Infinity":115,"s:173:36:173:Infinity":116,"s:175:6:175:Infinity":117,"f:175:35:175:36":7,"s:175:42:175:55":118,"s:176:26:181:Infinity":119,"s:182:6:182:Infinity":120,"b:183:6:183:Infinity:undefined:undefined:undefined:undefined":36,"s:183:6:183:Infinity":121,"s:183:34:183:Infinity":122,"s:184:6:184:Infinity":123,"s:188:18:188:Infinity":124,"b:189:6:189:Infinity:undefined:undefined:undefined:undefined":37,"s:189:6:189:Infinity":125,"s:189:16:189:Infinity":126,"s:190:6:190:Infinity":127,"s:191:6:191:Infinity":128,"s:195:18:195:Infinity":129,"b:196:6:196:Infinity:undefined:undefined:undefined:undefined":38,"s:196:6:196:Infinity":130,"s:196:16:196:Infinity":131,"s:197:6:197:Infinity":132,"s:198:6:198:Infinity":133,"b:202:6:202:Infinity:undefined:undefined:undefined:undefined":39,"s:202:6:202:Infinity":134,"s:202:40:202:Infinity":135,"s:203:6:207:Infinity":136,"b:206:41:206:71:206:71:206:Infinity":40,"s:208:6:208:Infinity":137,"b:212:6:212:Infinity:undefined:undefined:undefined:undefined":41,"s:212:6:212:Infinity":138,"s:212:41:212:Infinity":139,"s:213:6:213:Infinity":140,"s:214:6:214:Infinity":141,"b:219:6:221:Infinity:undefined:undefined:undefined:undefined":42,"s:219:6:221:Infinity":142,"s:220:8:220:Infinity":143,"b:222:6:224:Infinity:undefined:undefined:undefined:undefined":43,"s:222:6:224:Infinity":144,"b:222:10:222:39:222:39:222:88":44,"s:223:8:223:Infinity":145,"s:225:6:229:Infinity":146,"s:230:6:230:Infinity":147,"b:234:6:236:Infinity:undefined:undefined:undefined:undefined":45,"s:234:6:236:Infinity":148,"s:235:8:235:Infinity":149,"s:237:6:237:Infinity":150,"s:238:6:238:Infinity":151,"b:242:6:242:Infinity:undefined:undefined:undefined:undefined":46,"s:242:6:242:Infinity":152,"s:242:37:242:Infinity":153,"b:243:6:244:Infinity:244:11:244:Infinity":47,"s:243:6:244:Infinity":154,"s:243:36:243:Infinity":155,"s:244:11:244:Infinity":156,"f:244:63:244:64":8,"s:244:71:244:104":157,"s:245:6:245:Infinity":158,"b:250:6:252:Infinity:undefined:undefined:undefined:undefined":48,"s:250:6:252:Infinity":159,"s:251:8:251:Infinity":160,"b:253:6:255:Infinity:undefined:undefined:undefined:undefined":49,"s:253:6:255:Infinity":161,"b:253:10:253:42:253:42:253:85":50,"s:254:8:254:Infinity":162,"s:256:6:261:Infinity":163,"s:262:6:262:Infinity":164,"b:266:6:268:Infinity:undefined:undefined:undefined:undefined":51,"s:266:6:268:Infinity":165,"s:267:8:267:Infinity":166,"s:269:6:269:Infinity":167,"s:270:6:270:Infinity":168,"b:274:6:274:Infinity:undefined:undefined:undefined:undefined":52,"s:274:6:274:Infinity":169,"s:274:37:274:Infinity":170,"b:275:6:275:Infinity:undefined:undefined:undefined:undefined":53,"s:275:6:275:Infinity":171,"s:275:39:275:Infinity":172,"s:276:6:282:Infinity":173,"f:281:26:281:27":9,"s:281:34:281:43":174,"s:283:6:283:Infinity":175,"b:287:6:287:Infinity:undefined:undefined:undefined:undefined":54,"s:287:6:287:Infinity":176,"s:287:40:287:Infinity":177,"s:288:6:288:Infinity":178,"s:289:6:289:Infinity":179,"b:293:6:293:Infinity:undefined:undefined:undefined:undefined":55,"s:293:6:293:Infinity":180,"s:293:37:293:Infinity":181,"b:294:6:294:Infinity:undefined:undefined:undefined:undefined":56,"s:294:6:294:Infinity":182,"s:294:37:294:Infinity":183,"s:295:6:302:Infinity":184,"s:303:6:303:Infinity":185,"b:307:6:307:Infinity:undefined:undefined:undefined:undefined":57,"s:307:6:307:Infinity":186,"s:307:38:307:Infinity":187,"s:308:6:308:Infinity":188,"s:309:6:309:Infinity":189,"s:313:6:313:Infinity":190,"s:316:6:316:Infinity":191,"s:317:6:317:Infinity":192,"s:321:6:321:Infinity":193,"s:322:6:322:Infinity":194,"s:327:12:327:Infinity":195,"s:328:44:328:Infinity":196,"s:329:6:333:Infinity":197,"s:330:20:330:Infinity":198,"b:331:8:331:Infinity:undefined:undefined:undefined:undefined":58,"s:331:8:331:Infinity":199,"s:331:21:331:Infinity":200,"s:332:8:332:Infinity":201,"s:335:6:335:Infinity":202,"s:336:6:336:Infinity":203,"s:337:6:337:Infinity":204,"s:338:6:338:Infinity":205,"s:339:6:339:Infinity":206,"s:340:6:340:Infinity":207,"s:341:6:341:Infinity":208,"s:342:6:342:Infinity":209,"s:343:6:343:Infinity":210,"s:344:6:344:Infinity":211,"s:345:6:345:Infinity":212}}}
,"/home/user/ProtoPulse/packages/graph/src/branch.ts": {"path":"/home/user/ProtoPulse/packages/graph/src/branch.ts","statementMap":{"0":{"start":{"line":22,"column":27},"end":{"line":22,"column":null}},"1":{"start":{"line":25,"column":21},"end":{"line":25,"column":null}},"2":{"start":{"line":28,"column":4},"end":{"line":36,"column":null}},"3":{"start":{"line":29,"column":6},"end":{"line":29,"column":null}},"4":{"start":{"line":31,"column":6},"end":{"line":35,"column":null}},"5":{"start":{"line":40,"column":4},"end":{"line":40,"column":null}},"6":{"start":{"line":44,"column":4},"end":{"line":44,"column":null}},"7":{"start":{"line":48,"column":14},"end":{"line":48,"column":null}},"8":{"start":{"line":49,"column":4},"end":{"line":49,"column":null}},"9":{"start":{"line":49,"column":12},"end":{"line":49,"column":null}},"10":{"start":{"line":50,"column":4},"end":{"line":50,"column":null}},"11":{"start":{"line":54,"column":4},"end":{"line":54,"column":null}},"12":{"start":{"line":62,"column":4},"end":{"line":62,"column":null}},"13":{"start":{"line":62,"column":33},"end":{"line":62,"column":null}},"14":{"start":{"line":63,"column":4},"end":{"line":63,"column":null}},"15":{"start":{"line":64,"column":31},"end":{"line":68,"column":null}},"16":{"start":{"line":69,"column":4},"end":{"line":69,"column":null}},"17":{"start":{"line":70,"column":4},"end":{"line":70,"column":null}},"18":{"start":{"line":75,"column":14},"end":{"line":75,"column":null}},"19":{"start":{"line":76,"column":4},"end":{"line":76,"column":null}},"20":{"start":{"line":76,"column":32},"end":{"line":76,"column":null}},"21":{"start":{"line":77,"column":22},"end":{"line":77,"column":null}},"22":{"start":{"line":78,"column":4},"end":{"line":78,"column":null}},"23":{"start":{"line":83,"column":14},"end":{"line":83,"column":null}},"24":{"start":{"line":84,"column":4},"end":{"line":84,"column":null}},"25":{"start":{"line":84,"column":32},"end":{"line":84,"column":null}},"26":{"start":{"line":85,"column":4},"end":{"line":85,"column":null}},"27":{"start":{"line":90,"column":4},"end":{"line":90,"column":null}}},"fnMap":{"0":{"name":"(anonymous_0)","decl":{"start":{"line":27,"column":2},"end":{"line":27,"column":14}},"loc":{"start":{"line":27,"column":50},"end":{"line":37,"column":null}},"line":27},"1":{"name":"(anonymous_1)","decl":{"start":{"line":39,"column":2},"end":{"line":39,"column":6}},"loc":{"start":{"line":39,"column":29},"end":{"line":41,"column":null}},"line":39},"2":{"name":"(anonymous_2)","decl":{"start":{"line":43,"column":2},"end":{"line":43,"column":20}},"loc":{"start":{"line":43,"column":20},"end":{"line":45,"column":null}},"line":43},"3":{"name":"(anonymous_3)","decl":{"start":{"line":47,"column":2},"end":{"line":47,"column":6}},"loc":{"start":{"line":47,"column":33},"end":{"line":51,"column":null}},"line":47},"4":{"name":"(anonymous_4)","decl":{"start":{"line":53,"column":2},"end":{"line":53,"column":9}},"loc":{"start":{"line":53,"column":46},"end":{"line":55,"column":null}},"line":53},"5":{"name":"(anonymous_5)","decl":{"start":{"line":61,"column":2},"end":{"line":61,"column":15}},"loc":{"start":{"line":61,"column":56},"end":{"line":71,"column":null}},"line":61},"6":{"name":"(anonymous_6)","decl":{"start":{"line":74,"column":2},"end":{"line":74,"column":9}},"loc":{"start":{"line":74,"column":37},"end":{"line":79,"column":null}},"line":74},"7":{"name":"(anonymous_7)","decl":{"start":{"line":82,"column":2},"end":{"line":82,"column":13}},"loc":{"start":{"line":82,"column":41},"end":{"line":86,"column":null}},"line":82},"8":{"name":"(anonymous_8)","decl":{"start":{"line":89,"column":2},"end":{"line":89,"column":27}},"loc":{"start":{"line":89,"column":27},"end":{"line":91,"column":null}},"line":89}},"branchMap":{"0":{"loc":{"start":{"line":28,"column":4},"end":{"line":36,"column":null}},"type":"if","locations":[{"start":{"line":28,"column":4},"end":{"line":36,"column":null}},{"start":{"line":30,"column":11},"end":{"line":36,"column":null}}],"line":28},"1":{"loc":{"start":{"line":49,"column":4},"end":{"line":49,"column":null}},"type":"if","locations":[{"start":{"line":49,"column":4},"end":{"line":49,"column":null}},{"start":{},"end":{}}],"line":49},"2":{"loc":{"start":{"line":62,"column":4},"end":{"line":62,"column":null}},"type":"if","locations":[{"start":{"line":62,"column":4},"end":{"line":62,"column":null}},{"start":{},"end":{}}],"line":62},"3":{"loc":{"start":{"line":76,"column":4},"end":{"line":76,"column":null}},"type":"if","locations":[{"start":{"line":76,"column":4},"end":{"line":76,"column":null}},{"start":{},"end":{}}],"line":76},"4":{"loc":{"start":{"line":84,"column":4},"end":{"line":84,"column":null}},"type":"if","locations":[{"start":{"line":84,"column":4},"end":{"line":84,"column":null}},{"start":{},"end":{}}],"line":84}},"s":{"0":2,"1":14,"2":14,"3":4,"4":10,"5":2,"6":2,"7":89,"8":89,"9":1,"10":88,"11":57,"12":8,"13":1,"14":7,"15":7,"16":7,"17":7,"18":22,"19":22,"20":16,"21":6,"22":6,"23":2,"24":2,"25":1,"26":1,"27":7},"f":{"0":14,"1":2,"2":2,"3":89,"4":57,"5":8,"6":22,"7":2,"8":7},"b":{"0":[4,10],"1":[1,88],"2":[1,7],"3":[16,6],"4":[1,1]},"meta":{"lastBranch":5,"lastFunction":9,"lastStatement":28,"seen":{"s:22:27:22:Infinity":0,"s:25:21:25:Infinity":1,"f:27:2:27:14":0,"b:28:4:36:Infinity:30:11:36:Infinity":0,"s:28:4:36:Infinity":2,"s:29:6:29:Infinity":3,"s:31:6:35:Infinity":4,"f:39:2:39:6":1,"s:40:4:40:Infinity":5,"f:43:2:43:20":2,"s:44:4:44:Infinity":6,"f:47:2:47:6":3,"s:48:14:48:Infinity":7,"b:49:4:49:Infinity:undefined:undefined:undefined:undefined":1,"s:49:4:49:Infinity":8,"s:49:12:49:Infinity":9,"s:50:4:50:Infinity":10,"f:53:2:53:9":4,"s:54:4:54:Infinity":11,"f:61:2:61:15":5,"b:62:4:62:Infinity:undefined:undefined:undefined:undefined":2,"s:62:4:62:Infinity":12,"s:62:33:62:Infinity":13,"s:63:4:63:Infinity":14,"s:64:31:68:Infinity":15,"s:69:4:69:Infinity":16,"s:70:4:70:Infinity":17,"f:74:2:74:9":6,"s:75:14:75:Infinity":18,"b:76:4:76:Infinity:undefined:undefined:undefined:undefined":3,"s:76:4:76:Infinity":19,"s:76:32:76:Infinity":20,"s:77:22:77:Infinity":21,"s:78:4:78:Infinity":22,"f:82:2:82:13":7,"s:83:14:83:Infinity":23,"b:84:4:84:Infinity:undefined:undefined:undefined:undefined":4,"s:84:4:84:Infinity":24,"s:84:32:84:Infinity":25,"s:85:4:85:Infinity":26,"f:89:2:89:27":8,"s:90:4:90:Infinity":27}}}
,"/home/user/ProtoPulse/packages/graph/src/diff.ts": {"path":"/home/user/ProtoPulse/packages/graph/src/diff.ts","statementMap":{"0":{"start":{"line":54,"column":2},"end":{"line":76,"column":null}},"1":{"start":{"line":82,"column":2},"end":{"line":82,"column":null}},"2":{"start":{"line":86,"column":27},"end":{"line":86,"column":null}},"3":{"start":{"line":87,"column":2},"end":{"line":87,"column":null}},"4":{"start":{"line":87,"column":23},"end":{"line":87,"column":null}},"5":{"start":{"line":88,"column":2},"end":{"line":88,"column":null}},"6":{"start":{"line":88,"column":47},"end":{"line":88,"column":null}},"7":{"start":{"line":89,"column":2},"end":{"line":89,"column":null}},"8":{"start":{"line":89,"column":23},"end":{"line":89,"column":null}},"9":{"start":{"line":90,"column":2},"end":{"line":90,"column":null}},"10":{"start":{"line":90,"column":29},"end":{"line":90,"column":null}},"11":{"start":{"line":91,"column":2},"end":{"line":91,"column":null}},"12":{"start":{"line":91,"column":31},"end":{"line":91,"column":null}},"13":{"start":{"line":92,"column":2},"end":{"line":94,"column":null}},"14":{"start":{"line":93,"column":4},"end":{"line":93,"column":null}},"15":{"start":{"line":95,"column":2},"end":{"line":95,"column":null}},"16":{"start":{"line":99,"column":28},"end":{"line":113,"column":null}},"17":{"start":{"line":116,"column":2},"end":{"line":124,"column":null}},"18":{"start":{"line":117,"column":18},"end":{"line":117,"column":null}},"19":{"start":{"line":118,"column":4},"end":{"line":121,"column":null}},"20":{"start":{"line":119,"column":6},"end":{"line":119,"column":null}},"21":{"start":{"line":120,"column":6},"end":{"line":120,"column":null}},"22":{"start":{"line":122,"column":19},"end":{"line":122,"column":null}},"23":{"start":{"line":123,"column":4},"end":{"line":123,"column":null}},"24":{"start":{"line":123,"column":27},"end":{"line":123,"column":null}},"25":{"start":{"line":125,"column":2},"end":{"line":127,"column":null}},"26":{"start":{"line":126,"column":4},"end":{"line":126,"column":null}},"27":{"start":{"line":126,"column":31},"end":{"line":126,"column":null}},"28":{"start":{"line":130,"column":28},"end":{"line":130,"column":null}},"29":{"start":{"line":131,"column":28},"end":{"line":131,"column":null}},"30":{"start":{"line":132,"column":2},"end":{"line":139,"column":null}},"31":{"start":{"line":133,"column":17},"end":{"line":133,"column":null}},"32":{"start":{"line":134,"column":4},"end":{"line":137,"column":null}},"33":{"start":{"line":135,"column":6},"end":{"line":135,"column":null}},"34":{"start":{"line":136,"column":6},"end":{"line":136,"column":null}},"35":{"start":{"line":138,"column":4},"end":{"line":138,"column":null}},"36":{"start":{"line":140,"column":2},"end":{"line":142,"column":null}},"37":{"start":{"line":141,"column":4},"end":{"line":141,"column":null}},"38":{"start":{"line":141,"column":25},"end":{"line":141,"column":null}},"39":{"start":{"line":146,"column":24},"end":{"line":146,"column":null}},"40":{"start":{"line":147,"column":2},"end":{"line":147,"column":null}},"41":{"start":{"line":147,"column":33},"end":{"line":147,"column":null}},"42":{"start":{"line":148,"column":20},"end":{"line":148,"column":null}},"43":{"start":{"line":149,"column":2},"end":{"line":158,"column":null}},"44":{"start":{"line":150,"column":18},"end":{"line":150,"column":null}},"45":{"start":{"line":151,"column":4},"end":{"line":157,"column":null}},"46":{"start":{"line":152,"column":6},"end":{"line":152,"column":null}},"47":{"start":{"line":153,"column":6},"end":{"line":153,"column":null}},"48":{"start":{"line":154,"column":6},"end":{"line":154,"column":null}},"49":{"start":{"line":156,"column":6},"end":{"line":156,"column":null}},"50":{"start":{"line":159,"column":2},"end":{"line":161,"column":null}},"51":{"start":{"line":160,"column":4},"end":{"line":160,"column":null}},"52":{"start":{"line":160,"column":33},"end":{"line":160,"column":null}},"53":{"start":{"line":164,"column":2},"end":{"line":168,"column":null}},"54":{"start":{"line":165,"column":15},"end":{"line":165,"column":null}},"55":{"start":{"line":166,"column":4},"end":{"line":167,"column":null}},"56":{"start":{"line":166,"column":13},"end":{"line":166,"column":null}},"57":{"start":{"line":166,"column":44},"end":{"line":167,"column":null}},"58":{"start":{"line":167,"column":66},"end":{"line":167,"column":null}},"59":{"start":{"line":169,"column":2},"end":{"line":171,"column":null}},"60":{"start":{"line":170,"column":4},"end":{"line":170,"column":null}},"61":{"start":{"line":170,"column":32},"end":{"line":170,"column":null}},"62":{"start":{"line":174,"column":2},"end":{"line":186,"column":null}},"63":{"start":{"line":175,"column":15},"end":{"line":175,"column":null}},"64":{"start":{"line":176,"column":4},"end":{"line":185,"column":null}},"65":{"start":{"line":177,"column":6},"end":{"line":177,"column":null}},"66":{"start":{"line":178,"column":4},"end":{"line":185,"column":null}},"67":{"start":{"line":184,"column":6},"end":{"line":184,"column":null}},"68":{"start":{"line":187,"column":2},"end":{"line":189,"column":null}},"69":{"start":{"line":188,"column":4},"end":{"line":188,"column":null}},"70":{"start":{"line":188,"column":41},"end":{"line":188,"column":null}},"71":{"start":{"line":190,"column":19},"end":{"line":190,"column":null}},"72":{"start":{"line":191,"column":2},"end":{"line":195,"column":null}},"73":{"start":{"line":192,"column":15},"end":{"line":192,"column":null}},"74":{"start":{"line":193,"column":15},"end":{"line":193,"column":null}},"75":{"start":{"line":194,"column":4},"end":{"line":194,"column":null}},"76":{"start":{"line":194,"column":51},"end":{"line":194,"column":null}},"77":{"start":{"line":198,"column":2},"end":{"line":211,"column":null}},"78":{"start":{"line":199,"column":15},"end":{"line":199,"column":null}},"79":{"start":{"line":200,"column":4},"end":{"line":210,"column":null}},"80":{"start":{"line":201,"column":6},"end":{"line":201,"column":null}},"81":{"start":{"line":202,"column":4},"end":{"line":210,"column":null}},"82":{"start":{"line":209,"column":6},"end":{"line":209,"column":null}},"83":{"start":{"line":212,"column":2},"end":{"line":214,"column":null}},"84":{"start":{"line":213,"column":4},"end":{"line":213,"column":null}},"85":{"start":{"line":213,"column":35},"end":{"line":213,"column":null}},"86":{"start":{"line":215,"column":2},"end":{"line":215,"column":null}},"87":{"start":{"line":216,"column":2},"end":{"line":216,"column":null}},"88":{"start":{"line":218,"column":2},"end":{"line":218,"column":null}},"89":{"start":{"line":229,"column":2},"end":{"line":237,"column":null}},"90":{"start":{"line":230,"column":18},"end":{"line":230,"column":null}},"91":{"start":{"line":231,"column":4},"end":{"line":236,"column":null}},"92":{"start":{"line":232,"column":6},"end":{"line":232,"column":null}},"93":{"start":{"line":233,"column":4},"end":{"line":236,"column":null}},"94":{"start":{"line":234,"column":6},"end":{"line":234,"column":null}},"95":{"start":{"line":235,"column":6},"end":{"line":235,"column":null}},"96":{"start":{"line":238,"column":2},"end":{"line":240,"column":null}},"97":{"start":{"line":239,"column":4},"end":{"line":239,"column":null}},"98":{"start":{"line":239,"column":20},"end":{"line":239,"column":null}},"99":{"start":{"line":244,"column":2},"end":{"line":244,"column":null}},"100":{"start":{"line":244,"column":31},"end":{"line":244,"column":null}},"101":{"start":{"line":245,"column":17},"end":{"line":245,"column":null}},"102":{"start":{"line":246,"column":17},"end":{"line":246,"column":null}},"103":{"start":{"line":247,"column":21},"end":{"line":247,"column":null}},"104":{"start":{"line":247,"column":46},"end":{"line":247,"column":60}},"105":{"start":{"line":248,"column":23},"end":{"line":248,"column":null}},"106":{"start":{"line":248,"column":48},"end":{"line":248,"column":62}},"107":{"start":{"line":249,"column":2},"end":{"line":251,"column":null}},"108":{"start":{"line":250,"column":4},"end":{"line":250,"column":null}}},"fnMap":{"0":{"name":"isEmptyDelta","decl":{"start":{"line":53,"column":16},"end":{"line":53,"column":29}},"loc":{"start":{"line":53,"column":53},"end":{"line":78,"column":null}},"line":53},"1":{"name":"netFingerprint","decl":{"start":{"line":81,"column":16},"end":{"line":81,"column":31}},"loc":{"start":{"line":81,"column":49},"end":{"line":83,"column":null}},"line":81},"2":{"name":"componentDeltas","decl":{"start":{"line":85,"column":9},"end":{"line":85,"column":25}},"loc":{"start":{"line":85,"column":66},"end":{"line":96,"column":null}},"line":85},"3":{"name":"diff","decl":{"start":{"line":98,"column":16},"end":{"line":98,"column":21}},"loc":{"start":{"line":98,"column":65},"end":{"line":219,"column":null}},"line":98},"4":{"name":"diffGeometryMaps","decl":{"start":{"line":223,"column":9},"end":{"line":223,"column":null}},"loc":{"start":{"line":228,"column":8},"end":{"line":241,"column":null}},"line":228},"5":{"name":"compareNetPair","decl":{"start":{"line":243,"column":9},"end":{"line":243,"column":24}},"loc":{"start":{"line":243,"column":81},"end":{"line":252,"column":null}},"line":243},"6":{"name":"(anonymous_6)","decl":{"start":{"line":247,"column":39},"end":{"line":247,"column":40}},"loc":{"start":{"line":247,"column":46},"end":{"line":247,"column":60}},"line":247},"7":{"name":"(anonymous_7)","decl":{"start":{"line":248,"column":41},"end":{"line":248,"column":42}},"loc":{"start":{"line":248,"column":48},"end":{"line":248,"column":62}},"line":248}},"branchMap":{"0":{"loc":{"start":{"line":55,"column":4},"end":{"line":76,"column":null}},"type":"binary-expr","locations":[{"start":{"line":55,"column":4},"end":{"line":55,"column":null}},{"start":{"line":56,"column":4},"end":{"line":56,"column":null}},{"start":{"line":57,"column":4},"end":{"line":57,"column":null}},{"start":{"line":58,"column":4},"end":{"line":58,"column":null}},{"start":{"line":59,"column":4},"end":{"line":59,"column":null}},{"start":{"line":60,"column":4},"end":{"line":60,"column":null}},{"start":{"line":61,"column":4},"end":{"line":61,"column":null}},{"start":{"line":62,"column":4},"end":{"line":62,"column":null}},{"start":{"line":63,"column":4},"end":{"line":63,"column":null}},{"start":{"line":64,"column":4},"end":{"line":64,"column":null}},{"start":{"line":65,"column":4},"end":{"line":65,"column":null}},{"start":{"line":66,"column":4},"end":{"line":66,"column":null}},{"start":{"line":67,"column":4},"end":{"line":67,"column":null}},{"start":{"line":68,"column":4},"end":{"line":68,"column":null}},{"start":{"line":69,"column":4},"end":{"line":69,"column":null}},{"start":{"line":70,"column":4},"end":{"line":70,"column":null}},{"start":{"line":71,"column":4},"end":{"line":71,"column":null}},{"start":{"line":72,"column":4},"end":{"line":72,"column":null}},{"start":{"line":73,"column":4},"end":{"line":73,"column":null}},{"start":{"line":74,"column":4},"end":{"line":74,"column":null}},{"start":{"line":75,"column":4},"end":{"line":75,"column":null}},{"start":{"line":76,"column":4},"end":{"line":76,"column":null}}],"line":55},"1":{"loc":{"start":{"line":87,"column":2},"end":{"line":87,"column":null}},"type":"if","locations":[{"start":{"line":87,"column":2},"end":{"line":87,"column":null}},{"start":{},"end":{}}],"line":87},"2":{"loc":{"start":{"line":88,"column":2},"end":{"line":88,"column":null}},"type":"if","locations":[{"start":{"line":88,"column":2},"end":{"line":88,"column":null}},{"start":{},"end":{}}],"line":88},"3":{"loc":{"start":{"line":88,"column":7},"end":{"line":88,"column":29}},"type":"binary-expr","locations":[{"start":{"line":88,"column":7},"end":{"line":88,"column":18}},{"start":{"line":88,"column":18},"end":{"line":88,"column":29}}],"line":88},"4":{"loc":{"start":{"line":88,"column":29},"end":{"line":88,"column":47}},"type":"binary-expr","locations":[{"start":{"line":88,"column":29},"end":{"line":88,"column":40}},{"start":{"line":88,"column":40},"end":{"line":88,"column":47}}],"line":88},"5":{"loc":{"start":{"line":89,"column":2},"end":{"line":89,"column":null}},"type":"if","locations":[{"start":{"line":89,"column":2},"end":{"line":89,"column":null}},{"start":{},"end":{}}],"line":89},"6":{"loc":{"start":{"line":90,"column":2},"end":{"line":90,"column":null}},"type":"if","locations":[{"start":{"line":90,"column":2},"end":{"line":90,"column":null}},{"start":{},"end":{}}],"line":90},"7":{"loc":{"start":{"line":91,"column":2},"end":{"line":91,"column":null}},"type":"if","locations":[{"start":{"line":91,"column":2},"end":{"line":91,"column":null}},{"start":{},"end":{}}],"line":91},"8":{"loc":{"start":{"line":92,"column":2},"end":{"line":94,"column":null}},"type":"if","locations":[{"start":{"line":92,"column":2},"end":{"line":94,"column":null}},{"start":{},"end":{}}],"line":92},"9":{"loc":{"start":{"line":118,"column":4},"end":{"line":121,"column":null}},"type":"if","locations":[{"start":{"line":118,"column":4},"end":{"line":121,"column":null}},{"start":{},"end":{}}],"line":118},"10":{"loc":{"start":{"line":123,"column":4},"end":{"line":123,"column":null}},"type":"if","locations":[{"start":{"line":123,"column":4},"end":{"line":123,"column":null}},{"start":{},"end":{}}],"line":123},"11":{"loc":{"start":{"line":126,"column":4},"end":{"line":126,"column":null}},"type":"if","locations":[{"start":{"line":126,"column":4},"end":{"line":126,"column":null}},{"start":{},"end":{}}],"line":126},"12":{"loc":{"start":{"line":134,"column":4},"end":{"line":137,"column":null}},"type":"if","locations":[{"start":{"line":134,"column":4},"end":{"line":137,"column":null}},{"start":{},"end":{}}],"line":134},"13":{"loc":{"start":{"line":141,"column":4},"end":{"line":141,"column":null}},"type":"if","locations":[{"start":{"line":141,"column":4},"end":{"line":141,"column":null}},{"start":{},"end":{}}],"line":141},"14":{"loc":{"start":{"line":151,"column":4},"end":{"line":157,"column":null}},"type":"if","locations":[{"start":{"line":151,"column":4},"end":{"line":157,"column":null}},{"start":{"line":155,"column":11},"end":{"line":157,"column":null}}],"line":151},"15":{"loc":{"start":{"line":151,"column":8},"end":{"line":151,"column":43}},"type":"binary-expr","locations":[{"start":{"line":151,"column":8},"end":{"line":151,"column":17}},{"start":{"line":151,"column":17},"end":{"line":151,"column":43}}],"line":151},"16":{"loc":{"start":{"line":160,"column":4},"end":{"line":160,"column":null}},"type":"if","locations":[{"start":{"line":160,"column":4},"end":{"line":160,"column":null}},{"start":{},"end":{}}],"line":160},"17":{"loc":{"start":{"line":166,"column":4},"end":{"line":167,"column":null}},"type":"if","locations":[{"start":{"line":166,"column":4},"end":{"line":167,"column":null}},{"start":{"line":166,"column":44},"end":{"line":167,"column":null}}],"line":166},"18":{"loc":{"start":{"line":166,"column":44},"end":{"line":167,"column":null}},"type":"if","locations":[{"start":{"line":166,"column":44},"end":{"line":167,"column":null}},{"start":{},"end":{}}],"line":166},"19":{"loc":{"start":{"line":170,"column":4},"end":{"line":170,"column":null}},"type":"if","locations":[{"start":{"line":170,"column":4},"end":{"line":170,"column":null}},{"start":{},"end":{}}],"line":170},"20":{"loc":{"start":{"line":176,"column":4},"end":{"line":185,"column":null}},"type":"if","locations":[{"start":{"line":176,"column":4},"end":{"line":185,"column":null}},{"start":{"line":178,"column":4},"end":{"line":185,"column":null}}],"line":176},"21":{"loc":{"start":{"line":178,"column":4},"end":{"line":185,"column":null}},"type":"if","locations":[{"start":{"line":178,"column":4},"end":{"line":185,"column":null}},{"start":{},"end":{}}],"line":178},"22":{"loc":{"start":{"line":179,"column":6},"end":{"line":182,"column":null}},"type":"binary-expr","locations":[{"start":{"line":179,"column":6},"end":{"line":179,"column":null}},{"start":{"line":180,"column":6},"end":{"line":180,"column":null}},{"start":{"line":181,"column":6},"end":{"line":181,"column":null}},{"start":{"line":182,"column":6},"end":{"line":182,"column":null}}],"line":179},"23":{"loc":{"start":{"line":188,"column":4},"end":{"line":188,"column":null}},"type":"if","locations":[{"start":{"line":188,"column":4},"end":{"line":188,"column":null}},{"start":{},"end":{}}],"line":188},"24":{"loc":{"start":{"line":192,"column":15},"end":{"line":192,"column":null}},"type":"binary-expr","locations":[{"start":{"line":192,"column":15},"end":{"line":192,"column":47}},{"start":{"line":192,"column":47},"end":{"line":192,"column":null}}],"line":192},"25":{"loc":{"start":{"line":193,"column":15},"end":{"line":193,"column":null}},"type":"binary-expr","locations":[{"start":{"line":193,"column":15},"end":{"line":193,"column":47}},{"start":{"line":193,"column":47},"end":{"line":193,"column":null}}],"line":193},"26":{"loc":{"start":{"line":194,"column":4},"end":{"line":194,"column":null}},"type":"if","locations":[{"start":{"line":194,"column":4},"end":{"line":194,"column":null}},{"start":{},"end":{}}],"line":194},"27":{"loc":{"start":{"line":200,"column":4},"end":{"line":210,"column":null}},"type":"if","locations":[{"start":{"line":200,"column":4},"end":{"line":210,"column":null}},{"start":{"line":202,"column":4},"end":{"line":210,"column":null}}],"line":200},"28":{"loc":{"start":{"line":202,"column":4},"end":{"line":210,"column":null}},"type":"if","locations":[{"start":{"line":202,"column":4},"end":{"line":210,"column":null}},{"start":{},"end":{}}],"line":202},"29":{"loc":{"start":{"line":203,"column":6},"end":{"line":207,"column":null}},"type":"binary-expr","locations":[{"start":{"line":203,"column":6},"end":{"line":203,"column":null}},{"start":{"line":204,"column":6},"end":{"line":204,"column":null}},{"start":{"line":205,"column":6},"end":{"line":205,"column":null}},{"start":{"line":206,"column":6},"end":{"line":206,"column":null}},{"start":{"line":207,"column":6},"end":{"line":207,"column":null}}],"line":203},"30":{"loc":{"start":{"line":213,"column":4},"end":{"line":213,"column":null}},"type":"if","locations":[{"start":{"line":213,"column":4},"end":{"line":213,"column":null}},{"start":{},"end":{}}],"line":213},"31":{"loc":{"start":{"line":231,"column":4},"end":{"line":236,"column":null}},"type":"if","locations":[{"start":{"line":231,"column":4},"end":{"line":236,"column":null}},{"start":{"line":233,"column":4},"end":{"line":236,"column":null}}],"line":231},"32":{"loc":{"start":{"line":233,"column":4},"end":{"line":236,"column":null}},"type":"if","locations":[{"start":{"line":233,"column":4},"end":{"line":236,"column":null}},{"start":{},"end":{}}],"line":233},"33":{"loc":{"start":{"line":239,"column":4},"end":{"line":239,"column":null}},"type":"if","locations":[{"start":{"line":239,"column":4},"end":{"line":239,"column":null}},{"start":{},"end":{}}],"line":239},"34":{"loc":{"start":{"line":244,"column":2},"end":{"line":244,"column":null}},"type":"if","locations":[{"start":{"line":244,"column":2},"end":{"line":244,"column":null}},{"start":{},"end":{}}],"line":244},"35":{"loc":{"start":{"line":249,"column":2},"end":{"line":251,"column":null}},"type":"if","locations":[{"start":{"line":249,"column":2},"end":{"line":251,"column":null}},{"start":{},"end":{}}],"line":249},"36":{"loc":{"start":{"line":249,"column":6},"end":{"line":249,"column":56}},"type":"binary-expr","locations":[{"start":{"line":249,"column":6},"end":{"line":249,"column":31}},{"start":{"line":249,"column":31},"end":{"line":249,"column":56}}],"line":249}},"s":{"0":5,"1":8,"2":185,"3":185,"4":1,"5":185,"6":8,"7":185,"8":2,"9":185,"10":1,"11":185,"12":1,"13":185,"14":1,"15":185,"16":64,"17":64,"18":190,"19":190,"20":5,"21":5,"22":185,"23":185,"24":10,"25":64,"26":190,"27":5,"28":64,"29":64,"30":64,"31":189,"32":189,"33":4,"34":4,"35":185,"36":64,"37":188,"38":3,"39":64,"40":64,"41":3,"42":64,"43":64,"44":4,"45":4,"46":2,"47":2,"48":2,"49":2,"50":64,"51":3,"52":1,"53":64,"54":7,"55":7,"56":2,"57":5,"58":2,"59":64,"60":8,"61":3,"62":64,"63":183,"64":183,"65":2,"66":181,"67":5,"68":64,"69":185,"70":4,"71":64,"72":64,"73":5,"74":5,"75":5,"76":4,"77":64,"78":23,"79":23,"80":5,"81":18,"82":8,"83":64,"84":22,"85":4,"86":64,"87":64,"88":64,"89":128,"90":27,"91":27,"92":6,"93":21,"94":5,"95":5,"96":128,"97":28,"98":7,"99":187,"100":6,"101":187,"102":187,"103":187,"104":369,"105":187,"106":373,"107":187,"108":14},"f":{"0":5,"1":8,"2":185,"3":64,"4":128,"5":187,"6":369,"7":373},"b":{"0":[5,4,4,4,4,4,4,4,4,4,4,4,4,4,4,4,3,3,3,3,3,3],"1":[1,184],"2":[8,177],"3":[185,123],"4":[185,121],"5":[2,183],"6":[1,184],"7":[1,184],"8":[1,184],"9":[5,185],"10":[10,175],"11":[5,185],"12":[4,185],"13":[3,185],"14":[2,2],"15":[4,2],"16":[1,2],"17":[2,5],"18":[2,3],"19":[3,5],"20":[2,181],"21":[5,176],"22":[181,178,176,176],"23":[4,181],"24":[5,2],"25":[5,2],"26":[4,1],"27":[5,18],"28":[8,10],"29":[18,16,13,12,11],"30":[4,18],"31":[6,21],"32":[5,16],"33":[7,21],"34":[6,181],"35":[14,173],"36":[187,182]},"meta":{"lastBranch":37,"lastFunction":8,"lastStatement":109,"seen":{"f:53:16:53:29":0,"s:54:2:76:Infinity":0,"b:55:4:55:Infinity:56:4:56:Infinity:57:4:57:Infinity:58:4:58:Infinity:59:4:59:Infinity:60:4:60:Infinity:61:4:61:Infinity:62:4:62:Infinity:63:4:63:Infinity:64:4:64:Infinity:65:4:65:Infinity:66:4:66:Infinity:67:4:67:Infinity:68:4:68:Infinity:69:4:69:Infinity:70:4:70:Infinity:71:4:71:Infinity:72:4:72:Infinity:73:4:73:Infinity:74:4:74:Infinity:75:4:75:Infinity:76:4:76:Infinity":0,"f:81:16:81:31":1,"s:82:2:82:Infinity":1,"f:85:9:85:25":2,"s:86:27:86:Infinity":2,"b:87:2:87:Infinity:undefined:undefined:undefined:undefined":1,"s:87:2:87:Infinity":3,"s:87:23:87:Infinity":4,"b:88:2:88:Infinity:undefined:undefined:undefined:undefined":2,"s:88:2:88:Infinity":5,"b:88:7:88:18:88:18:88:29":3,"b:88:29:88:40:88:40:88:47":4,"s:88:47:88:Infinity":6,"b:89:2:89:Infinity:undefined:undefined:undefined:undefined":5,"s:89:2:89:Infinity":7,"s:89:23:89:Infinity":8,"b:90:2:90:Infinity:undefined:undefined:undefined:undefined":6,"s:90:2:90:Infinity":9,"s:90:29:90:Infinity":10,"b:91:2:91:Infinity:undefined:undefined:undefined:undefined":7,"s:91:2:91:Infinity":11,"s:91:31:91:Infinity":12,"b:92:2:94:Infinity:undefined:undefined:undefined:undefined":8,"s:92:2:94:Infinity":13,"s:93:4:93:Infinity":14,"s:95:2:95:Infinity":15,"f:98:16:98:21":3,"s:99:28:113:Infinity":16,"s:116:2:124:Infinity":17,"s:117:18:117:Infinity":18,"b:118:4:121:Infinity:undefined:undefined:undefined:undefined":9,"s:118:4:121:Infinity":19,"s:119:6:119:Infinity":20,"s:120:6:120:Infinity":21,"s:122:19:122:Infinity":22,"b:123:4:123:Infinity:undefined:undefined:undefined:undefined":10,"s:123:4:123:Infinity":23,"s:123:27:123:Infinity":24,"s:125:2:127:Infinity":25,"b:126:4:126:Infinity:undefined:undefined:undefined:undefined":11,"s:126:4:126:Infinity":26,"s:126:31:126:Infinity":27,"s:130:28:130:Infinity":28,"s:131:28:131:Infinity":29,"s:132:2:139:Infinity":30,"s:133:17:133:Infinity":31,"b:134:4:137:Infinity:undefined:undefined:undefined:undefined":12,"s:134:4:137:Infinity":32,"s:135:6:135:Infinity":33,"s:136:6:136:Infinity":34,"s:138:4:138:Infinity":35,"s:140:2:142:Infinity":36,"b:141:4:141:Infinity:undefined:undefined:undefined:undefined":13,"s:141:4:141:Infinity":37,"s:141:25:141:Infinity":38,"s:146:24:146:Infinity":39,"s:147:2:147:Infinity":40,"s:147:33:147:Infinity":41,"s:148:20:148:Infinity":42,"s:149:2:158:Infinity":43,"s:150:18:150:Infinity":44,"b:151:4:157:Infinity:155:11:157:Infinity":14,"s:151:4:157:Infinity":45,"b:151:8:151:17:151:17:151:43":15,"s:152:6:152:Infinity":46,"s:153:6:153:Infinity":47,"s:154:6:154:Infinity":48,"s:156:6:156:Infinity":49,"s:159:2:161:Infinity":50,"b:160:4:160:Infinity:undefined:undefined:undefined:undefined":16,"s:160:4:160:Infinity":51,"s:160:33:160:Infinity":52,"s:164:2:168:Infinity":53,"s:165:15:165:Infinity":54,"b:166:4:167:Infinity:166:44:167:Infinity":17,"s:166:4:167:Infinity":55,"s:166:13:166:Infinity":56,"b:166:44:167:Infinity:undefined:undefined:undefined:undefined":18,"s:166:44:167:Infinity":57,"s:167:66:167:Infinity":58,"s:169:2:171:Infinity":59,"b:170:4:170:Infinity:undefined:undefined:undefined:undefined":19,"s:170:4:170:Infinity":60,"s:170:32:170:Infinity":61,"s:174:2:186:Infinity":62,"s:175:15:175:Infinity":63,"b:176:4:185:Infinity:178:4:185:Infinity":20,"s:176:4:185:Infinity":64,"s:177:6:177:Infinity":65,"b:178:4:185:Infinity:undefined:undefined:undefined:undefined":21,"s:178:4:185:Infinity":66,"b:179:6:179:Infinity:180:6:180:Infinity:181:6:181:Infinity:182:6:182:Infinity":22,"s:184:6:184:Infinity":67,"s:187:2:189:Infinity":68,"b:188:4:188:Infinity:undefined:undefined:undefined:undefined":23,"s:188:4:188:Infinity":69,"s:188:41:188:Infinity":70,"s:190:19:190:Infinity":71,"s:191:2:195:Infinity":72,"s:192:15:192:Infinity":73,"b:192:15:192:47:192:47:192:Infinity":24,"s:193:15:193:Infinity":74,"b:193:15:193:47:193:47:193:Infinity":25,"b:194:4:194:Infinity:undefined:undefined:undefined:undefined":26,"s:194:4:194:Infinity":75,"s:194:51:194:Infinity":76,"s:198:2:211:Infinity":77,"s:199:15:199:Infinity":78,"b:200:4:210:Infinity:202:4:210:Infinity":27,"s:200:4:210:Infinity":79,"s:201:6:201:Infinity":80,"b:202:4:210:Infinity:undefined:undefined:undefined:undefined":28,"s:202:4:210:Infinity":81,"b:203:6:203:Infinity:204:6:204:Infinity:205:6:205:Infinity:206:6:206:Infinity:207:6:207:Infinity":29,"s:209:6:209:Infinity":82,"s:212:2:214:Infinity":83,"b:213:4:213:Infinity:undefined:undefined:undefined:undefined":30,"s:213:4:213:Infinity":84,"s:213:35:213:Infinity":85,"s:215:2:215:Infinity":86,"s:216:2:216:Infinity":87,"s:218:2:218:Infinity":88,"f:223:9:223:Infinity":4,"s:229:2:237:Infinity":89,"s:230:18:230:Infinity":90,"b:231:4:236:Infinity:233:4:236:Infinity":31,"s:231:4:236:Infinity":91,"s:232:6:232:Infinity":92,"b:233:4:236:Infinity:undefined:undefined:undefined:undefined":32,"s:233:4:236:Infinity":93,"s:234:6:234:Infinity":94,"s:235:6:235:Infinity":95,"s:238:2:240:Infinity":96,"b:239:4:239:Infinity:undefined:undefined:undefined:undefined":33,"s:239:4:239:Infinity":97,"s:239:20:239:Infinity":98,"f:243:9:243:24":5,"b:244:2:244:Infinity:undefined:undefined:undefined:undefined":34,"s:244:2:244:Infinity":99,"s:244:31:244:Infinity":100,"s:245:17:245:Infinity":101,"s:246:17:246:Infinity":102,"s:247:21:247:Infinity":103,"f:247:39:247:40":6,"s:247:46:247:60":104,"s:248:23:248:Infinity":105,"f:248:41:248:42":7,"s:248:48:248:62":106,"b:249:2:251:Infinity:undefined:undefined:undefined:undefined":35,"s:249:2:251:Infinity":107,"b:249:6:249:31:249:31:249:56":36,"s:250:4:250:Infinity":108}}}
,"/home/user/ProtoPulse/packages/graph/src/ids.ts": {"path":"/home/user/ProtoPulse/packages/graph/src/ids.ts","statementMap":{"0":{"start":{"line":13,"column":35},"end":{"line":15,"column":null}},"1":{"start":{"line":14,"column":8},"end":{"line":14,"column":null}},"2":{"start":{"line":22,"column":10},"end":{"line":22,"column":null}},"3":{"start":{"line":23,"column":2},"end":{"line":30,"column":null}},"4":{"start":{"line":25,"column":6},"end":{"line":25,"column":null}},"5":{"start":{"line":26,"column":17},"end":{"line":26,"column":null}},"6":{"start":{"line":27,"column":17},"end":{"line":27,"column":null}},"7":{"start":{"line":28,"column":6},"end":{"line":28,"column":null}},"8":{"start":{"line":34,"column":2},"end":{"line":34,"column":null}}},"fnMap":{"0":{"name":"(anonymous_0)","decl":{"start":{"line":14,"column":8},"end":{"line":14,"column":14}},"loc":{"start":{"line":14,"column":8},"end":{"line":14,"column":null}},"line":14},"1":{"name":"sequentialIds","decl":{"start":{"line":21,"column":16},"end":{"line":21,"column":30}},"loc":{"start":{"line":21,"column":52},"end":{"line":31,"column":null}},"line":21},"2":{"name":"(anonymous_2)","decl":{"start":{"line":24,"column":10},"end":{"line":24,"column":16}},"loc":{"start":{"line":24,"column":16},"end":{"line":29,"column":null}},"line":24},"3":{"name":"newUuid","decl":{"start":{"line":33,"column":16},"end":{"line":33,"column":32}},"loc":{"start":{"line":33,"column":32},"end":{"line":35,"column":null}},"line":33}},"branchMap":{"0":{"loc":{"start":{"line":21,"column":30},"end":{"line":21,"column":52}},"type":"default-arg","locations":[{"start":{"line":21,"column":39},"end":{"line":21,"column":52}}],"line":21}},"s":{"0":1,"1":2,"2":3,"3":3,"4":4,"5":4,"6":4,"7":4,"8":1},"f":{"0":2,"1":3,"2":4,"3":1},"b":{"0":[3]},"meta":{"lastBranch":1,"lastFunction":4,"lastStatement":9,"seen":{"s:13:35:15:Infinity":0,"f:14:8:14:14":0,"s:14:8:14:Infinity":1,"f:21:16:21:30":1,"b:21:39:21:52":0,"s:22:10:22:Infinity":2,"s:23:2:30:Infinity":3,"f:24:10:24:16":2,"s:25:6:25:Infinity":4,"s:26:17:26:Infinity":5,"s:27:17:27:Infinity":6,"s:28:6:28:Infinity":7,"f:33:16:33:32":3,"s:34:2:34:Infinity":8}}}
[...]
"start":{"line":58,"column":9},"end":{"line":58,"column":19}},"loc":{"start":{"line":58,"column":52},"end":{"line":63,"column":null}},"line":58},"1":{"name":"parseValue","decl":{"start":{"line":65,"column":16},"end":{"line":65,"column":null}},"loc":{"start":{"line":68,"column":28},"end":{"line":120,"column":null}},"line":68},"2":{"name":"inferUnit","decl":{"start":{"line":122,"column":9},"end":{"line":122,"column":null}},"loc":{"start":{"line":125,"column":28},"end":{"line":132,"column":null}},"line":125}},"branchMap":{"0":{"loc":{"start":{"line":60,"column":4},"end":{"line":60,"column":null}},"type":"if","locations":[{"start":{"line":60,"column":4},"end":{"line":60,"column":null}},{"start":{},"end":{}}],"line":60},"1":{"loc":{"start":{"line":67,"column":2},"end":{"line":67,"column":null}},"type":"default-arg","locations":[{"start":{"line":67,"column":35},"end":{"line":67,"column":null}}],"line":67},"2":{"loc":{"start":{"line":70,"column":2},"end":{"line":70,"column":null}},"type":"if","locations":[{"start":{"line":70,"column":2},"end":{"line":70,"column":null}},{"start":{},"end":{}}],"line":70},"3":{"loc":{"start":{"line":74,"column":2},"end":{"line":86,"column":null}},"type":"if","locations":[{"start":{"line":74,"column":2},"end":{"line":86,"column":null}},{"start":{},"end":{}}],"line":74},"4":{"loc":{"start":{"line":77,"column":4},"end":{"line":79,"column":null}},"type":"if","locations":[{"start":{"line":77,"column":4},"end":{"line":79,"column":null}},{"start":{},"end":{}}],"line":77},"5":{"loc":{"start":{"line":81,"column":4},"end":{"line":81,"column":null}},"type":"if","locations":[{"start":{"line":81,"column":4},"end":{"line":81,"column":null}},{"start":{},"end":{}}],"line":81},"6":{"loc":{"start":{"line":84,"column":17},"end":{"line":84,"column":null}},"type":"binary-expr","locations":[{"start":{"line":84,"column":17},"end":{"line":84,"column":47}},{"start":{"line":84,"column":47},"end":{"line":84,"column":null}}],"line":84},"7":{"loc":{"start":{"line":90,"column":2},"end":{"line":90,"column":null}},"type":"if","locations":[{"start":{"line":90,"column":2},"end":{"line":90,"column":null}},{"start":{},"end":{}}],"line":90},"8":{"loc":{"start":{"line":93,"column":2},"end":{"line":93,"column":null}},"type":"if","locations":[{"start":{"line":93,"column":2},"end":{"line":93,"column":null}},{"start":{},"end":{}}],"line":93},"9":{"loc":{"start":{"line":99,"column":2},"end":{"line":103,"column":null}},"type":"if","locations":[{"start":{"line":99,"column":2},"end":{"line":103,"column":null}},{"start":{},"end":{}}],"line":99},"10":{"loc":{"start":{"line":101,"column":4},"end":{"line":101,"column":null}},"type":"if","locations":[{"start":{"line":101,"column":4},"end":{"line":101,"column":null}},{"start":{},"end":{}}],"line":101},"11":{"loc":{"start":{"line":105,"column":31},"end":{"line":105,"column":null}},"type":"cond-expr","locations":[{"start":{"line":105,"column":56},"end":{"line":105,"column":78}},{"start":{"line":105,"column":78},"end":{"line":105,"column":null}}],"line":105},"12":{"loc":{"start":{"line":106,"column":2},"end":{"line":108,"column":null}},"type":"if","locations":[{"start":{"line":106,"column":2},"end":{"line":108,"column":null}},{"start":{},"end":{}}],"line":106},"13":{"loc":{"start":{"line":106,"column":6},"end":{"line":106,"column":52}},"type":"binary-expr","locations":[{"start":{"line":106,"column":6},"end":{"line":106,"column":32}},{"start":{"line":106,"column":32},"end":{"line":106,"column":52}}],"line":106},"14":{"loc":{"start":{"line":109,"column":2},"end":{"line":113,"column":null}},"type":"if","locations":[{"start":{"line":109,"column":2},"end":{"line":113,"column":null}},{"start":{},"end":{}}],"line":109},"15":{"loc":{"start":{"line":111,"column":4},"end":{"line":111,"column":null}},"type":"if","locations":[{"start":{"line":111,"column":4},"end":{"line":111,"column":null}},{"start":{},"end":{}}],"line":111},"16":{"loc":{"start":{"line":116,"column":2},"end":{"line":118,"column":null}},"type":"if","locations":[{"start":{"line":116,"column":2},"end":{"line":118,"column":null}},{"start":{},"end":{}}],"line":116},"17":{"loc":{"start":{"line":116,"column":6},"end":{"line":116,"column":70}},"type":"binary-expr","locations":[{"start":{"line":116,"column":6},"end":{"line":116,"column":32}},{"start":{"line":116,"column":32},"end":{"line":116,"column":53}},{"start":{"line":116,"column":53},"end":{"line":116,"column":70}}],"line":116},"18":{"loc":{"start":{"line":126,"column":2},"end":{"line":126,"column":null}},"type":"if","locations":[{"start":{"line":126,"column":2},"end":{"line":126,"column":null}},{"start":{},"end":{}}],"line":126},"19":{"loc":{"start":{"line":128,"column":2},"end":{"line":128,"column":null}},"type":"if","locations":[{"start":{"line":128,"column":2},"end":{"line":128,"column":null}},{"start":{},"end":{}}],"line":128},"20":{"loc":{"start":{"line":128,"column":6},"end":{"line":128,"column":69}},"type":"binary-expr","locations":[{"start":{"line":128,"column":6},"end":{"line":128,"column":33}},{"start":{"line":128,"column":33},"end":{"line":128,"column":69}}],"line":128},"21":{"loc":{"start":{"line":129,"column":2},"end":{"line":129,"column":null}},"type":"if","locations":[{"start":{"line":129,"column":2},"end":{"line":129,"column":null}},{"start":{},"end":{}}],"line":129}},"s":{"0":1,"1":1,"2":1,"3":1,"4":14,"5":42,"6":13,"7":1,"8":40,"9":40,"10":2,"11":38,"12":38,"13":8,"14":8,"15":8,"16":1,"17":7,"18":7,"19":0,"20":7,"21":8,"22":30,"23":30,"24":2,"25":28,"26":28,"27":28,"28":0,"29":28,"30":28,"31":28,"32":16,"33":16,"34":0,"35":16,"36":28,"37":40,"38":1,"39":27,"40":14,"41":14,"42":3,"43":11,"44":24,"45":24,"46":1,"47":23,"48":14,"49":0,"50":14,"51":14,"52":10,"53":4,"54":1,"55":3},"f":{"0":14,"1":40,"2":14},"b":{"0":[13,29],"1":[40],"2":[2,38],"3":[8,30],"4":[1,7],"5":[0,7],"6":[7,1],"7":[2,28],"8":[0,28],"9":[16,12],"10":[0,16],"11":[14,14],"12":[1,39],"13":[40,14],"14":[14,13],"15":[3,11],"16":[1,23],"17":[24,23,1],"18":[0,14],"19":[10,4],"20":[14,13],"21":[1,3]},"meta":{"lastBranch":22,"lastFunction":3,"lastStatement":56,"seen":{"s:25:44:35:Infinity":0,"s:37:40:44:Infinity":1,"s:46:58:53:Infinity":2,"s:56:52:56:Infinity":3,"f:58:9:58:19":0,"s:59:2:61:Infinity":4,"b:60:4:60:Infinity:undefined:undefined:undefined:undefined":0,"s:60:4:60:Infinity":5,"s:60:24:60:Infinity":6,"s:62:2:62:Infinity":7,"f:65:16:65:Infinity":1,"b:67:35:67:Infinity":1,"s:69:15:69:Infinity":8,"b:70:2:70:Infinity:undefined:undefined:undefined:undefined":2,"s:70:2:70:Infinity":9,"s:70:25:70:Infinity":10,"s:73:16:73:Infinity":11,"b:74:2:86:Infinity:undefined:undefined:undefined:undefined":3,"s:74:2:86:Infinity":12,"s:75:33:75:Infinity":13,"s:76:16:76:Infinity":14,"b:77:4:79:Infinity:undefined:undefined:undefined:undefined":4,"s:77:4:79:Infinity":15,"s:78:6:78:Infinity":16,"s:80:17:80:Infinity":17,"b:81:4:81:Infinity:undefined:undefined:undefined:undefined":5,"s:81:4:81:Infinity":18,"s:81:28:81:Infinity":19,"s:84:17:84:Infinity":20,"b:84:17:84:47:84:47:84:Infinity":6,"s:85:4:85:Infinity":21,"s:89:18:89:Infinity":22,"b:90:2:90:Infinity:undefined:undefined:undefined:undefined":7,"s:90:2:90:Infinity":23,"s:90:16:90:Infinity":24,"s:91:44:91:Infinity":25,"s:92:14:92:Infinity":26,"b:93:2:93:Infinity:undefined:undefined:undefined:undefined":8,"s:93:2:93:Infinity":27,"s:93:29:93:Infinity":28,"s:97:13:97:Infinity":29,"s:98:19:98:Infinity":30,"b:99:2:103:Infinity:undefined:undefined:undefined:undefined":9,"s:99:2:103:Infinity":31,"s:100:14:100:Infinity":32,"b:101:4:101:Infinity:undefined:undefined:undefined:undefined":10,"s:101:4:101:Infinity":33,"s:101:25:101:Infinity":34,"s:102:4:102:Infinity":35,"s:105:31:105:Infinity":36,"b:105:56:105:78:105:78:105:Infinity":11,"b:106:2:108:Infinity:undefined:undefined:undefined:undefined":12,"s:106:2:108:Infinity":37,"b:106:6:106:32:106:32:106:52":13,"s:107:4:107:Infinity":38,"b:109:2:113:Infinity:undefined:undefined:undefined:undefined":14,"s:109:2:113:Infinity":39,"s:110:21:110:Infinity":40,"b:111:4:111:Infinity:undefined:undefined:undefined:undefined":15,"s:111:4:111:Infinity":41,"s:111:38:111:Infinity":42,"s:112:4:112:Infinity":43,"s:115:19:115:Infinity":44,"b:116:2:118:Infinity:undefined:undefined:undefined:undefined":16,"s:116:2:118:Infinity":45,"b:116:6:116:32:116:32:116:53:116:53:116:70":17,"s:117:4:117:Infinity":46,"s:119:2:119:Infinity":47,"f:122:9:122:Infinity":2,"b:126:2:126:Infinity:undefined:undefined:undefined:undefined":18,"s:126:2:126:Infinity":48,"s:126:16:126:Infinity":49,"s:127:20:127:Infinity":50,"b:128:2:128:Infinity:undefined:undefined:undefined:undefined":19,"s:128:2:128:Infinity":51,"b:128:6:128:33:128:33:128:69":20,"s:128:69:128:Infinity":52,"b:129:2:129:Infinity:undefined:undefined:undefined:undefined":21,"s:129:2:129:Infinity":53,"s:129:34:129:Infinity":54,"s:131:2:131:Infinity":55}}}
,"/home/user/ProtoPulse/packages/graph/src/store/fs-store.ts": {"path":"/home/user/ProtoPulse/packages/graph/src/store/fs-store.ts","statementMap":{"0":{"start":{"line":24,"column":32},"end":{"line":24,"column":null}},"1":{"start":{"line":26,"column":23},"end":{"line":37,"column":null}},"2":{"start":{"line":49,"column":2},"end":{"line":49,"column":null}},"3":{"start":{"line":53,"column":8},"end":{"line":53,"column":null}},"4":{"start":{"line":54,"column":2},"end":{"line":56,"column":null}},"5":{"start":{"line":55,"column":4},"end":{"line":55,"column":null}},"6":{"start":{"line":57,"column":19},"end":{"line":57,"column":null}},"7":{"start":{"line":59,"column":19},"end":{"line":59,"column":null}},"8":{"start":{"line":60,"column":2},"end":{"line":72,"column":null}},"9":{"start":{"line":61,"column":10},"end":{"line":61,"column":null}},"10":{"start":{"line":62,"column":30},"end":{"line":62,"column":null}},"11":{"start":{"line":63,"column":4},"end":{"line":70,"column":null}},"12":{"start":{"line":64,"column":12},"end":{"line":66,"column":null}},"13":{"start":{"line":65,"column":23},"end":{"line":65,"column":41}},"14":{"start":{"line":67,"column":6},"end":{"line":69,"column":null}},"15":{"start":{"line":68,"column":8},"end":{"line":68,"column":null}},"16":{"start":{"line":71,"column":4},"end":{"line":71,"column":null}},"17":{"start":{"line":73,"column":2},"end":{"line":75,"column":null}},"18":{"start":{"line":74,"column":4},"end":{"line":74,"column":null}},"19":{"start":{"line":76,"column":2},"end":{"line":76,"column":null}},"20":{"start":{"line":80,"column":2},"end":{"line":80,"column":null}},"21":{"start":{"line":81,"column":32},"end":{"line":87,"column":null}},"22":{"start":{"line":88,"column":2},"end":{"line":110,"column":null}},"23":{"start":{"line":89,"column":4},"end":{"line":89,"column":null}},"24":{"start":{"line":90,"column":10},"end":{"line":90,"column":null}},"25":{"start":{"line":91,"column":4},"end":{"line":91,"column":null}},"26":{"start":{"line":93,"column":19},"end":{"line":93,"column":null}},"27":{"start":{"line":94,"column":32},"end":{"line":94,"column":null}},"28":{"start":{"line":95,"column":23},"end":{"line":95,"column":null}},"29":{"start":{"line":96,"column":18},"end":{"line":102,"column":null}},"30":{"start":{"line":97,"column":19},"end":{"line":97,"column":null}},"31":{"start":{"line":98,"column":6},"end":{"line":98,"column":null}},"32":{"start":{"line":99,"column":6},"end":{"line":99,"column":null}},"33":{"start":{"line":100,"column":6},"end":{"line":100,"column":null}},"34":{"start":{"line":101,"column":6},"end":{"line":101,"column":null}},"35":{"start":{"line":103,"column":4},"end":{"line":108,"column":null}},"36":{"start":{"line":104,"column":20},"end":{"line":104,"column":null}},"37":{"start":{"line":105,"column":6},"end":{"line":105,"column":null}},"38":{"start":{"line":105,"column":73},"end":{"line":105,"column":null}},"39":{"start":{"line":106,"column":6},"end":{"line":106,"column":null}},"40":{"start":{"line":107,"column":6},"end":{"line":107,"column":null}},"41":{"start":{"line":109,"column":4},"end":{"line":109,"column":null}},"42":{"start":{"line":111,"column":2},"end":{"line":111,"column":null}},"43":{"start":{"line":112,"column":2},"end":{"line":112,"column":null}}},"fnMap":{"0":{"name":"branchDirName","decl":{"start":{"line":48,"column":9},"end":{"line":48,"column":23}},"loc":{"start":{"line":48,"column":47},"end":{"line":50,"column":null}},"line":48},"1":{"name":"loadDesignDir","decl":{"start":{"line":52,"column":16},"end":{"line":52,"column":30}},"loc":{"start":{"line":52,"column":57},"end":{"line":77,"column":null}},"line":52},"2":{"name":"(anonymous_2)","decl":{"start":{"line":65,"column":16},"end":{"line":65,"column":17}},"loc":{"start":{"line":65,"column":23},"end":{"line":65,"column":41}},"line":65},"3":{"name":"saveDesignDir","decl":{"start":{"line":79,"column":16},"end":{"line":79,"column":30}},"loc":{"start":{"line":79,"column":71},"end":{"line":113,"column":null}},"line":79},"4":{"name":"(anonymous_4)","decl":{"start":{"line":96,"column":18},"end":{"line":96,"column":30}},"loc":{"start":{"line":96,"column":30},"end":{"line":102,"column":null}},"line":96}},"branchMap":{"0":{"loc":{"start":{"line":54,"column":2},"end":{"line":56,"column":null}},"type":"if","locations":[{"start":{"line":54,"column":2},"end":{"line":56,"column":null}},{"start":{},"end":{}}],"line":54},"1":{"loc":{"start":{"line":63,"column":4},"end":{"line":70,"column":null}},"type":"if","locations":[{"start":{"line":63,"column":4},"end":{"line":70,"column":null}},{"start":{},"end":{}}],"line":63},"2":{"loc":{"start":{"line":73,"column":2},"end":{"line":75,"column":null}},"type":"if","locations":[{"start":{"line":73,"column":2},"end":{"line":75,"column":null}},{"start":{},"end":{}}],"line":73},"3":{"loc":{"start":{"line":105,"column":6},"end":{"line":105,"column":null}},"type":"if","locations":[{"start":{"line":105,"column":6},"end":{"line":105,"column":null}},{"start":{},"end":{}}],"line":105},"4":{"loc":{"start":{"line":105,"column":10},"end":{"line":105,"column":73}},"type":"binary-expr","locations":[{"start":{"line":105,"column":10},"end":{"line":105,"column":53}},{"start":{"line":105,"column":53},"end":{"line":105,"column":73}}],"line":105}},"s":{"0":1,"1":1,"2":14,"3":6,"4":6,"5":1,"6":5,"7":5,"8":5,"9":7,"10":7,"11":7,"12":6,"13":7,"14":6,"15":7,"16":7,"17":5,"18":1,"19":4,"20":5,"21":5,"22":5,"23":7,"24":7,"25":7,"26":7,"27":7,"28":7,"29":7,"30":8,"31":8,"32":8,"33":8,"34":8,"35":7,"36":24,"37":24,"38":1,"39":24,"40":24,"41":7,"42":5,"43":5},"f":{"0":14,"1":6,"2":7,"3":5,"4":8},"b":{"0":[1,5],"1":[6,1],"2":[1,4],"3":[1,23],"4":[24,1]},"meta":{"lastBranch":5,"lastFunction":5,"lastStatement":44,"seen":{"s:24:32:24:Infinity":0,"s:26:23:37:Infinity":1,"f:48:9:48:23":0,"s:49:2:49:Infinity":2,"f:52:16:52:30":1,"s:53:8:53:Infinity":3,"b:54:2:56:Infinity:undefined:undefined:undefined:undefined":0,"s:54:2:56:Infinity":4,"s:55:4:55:Infinity":5,"s:57:19:57:Infinity":6,"s:59:19:59:Infinity":7,"s:60:2:72:Infinity":8,"s:61:10:61:Infinity":9,"s:62:30:62:Infinity":10,"b:63:4:70:Infinity:undefined:undefined:undefined:undefined":1,"s:63:4:70:Infinity":11,"s:64:12:66:Infinity":12,"f:65:16:65:17":2,"s:65:23:65:41":13,"s:67:6:69:Infinity":14,"s:68:8:68:Infinity":15,"s:71:4:71:Infinity":16,"b:73:2:75:Infinity:undefined:undefined:undefined:undefined":2,"s:73:2:75:Infinity":17,"s:74:4:74:Infinity":18,"s:76:2:76:Infinity":19,"f:79:16:79:30":3,"s:80:2:80:Infinity":20,"s:81:32:87:Infinity":21,"s:88:2:110:Infinity":22,"s:89:4:89:Infinity":23,"s:90:10:90:Infinity":24,"s:91:4:91:Infinity":25,"s:93:19:93:Infinity":26,"s:94:32:94:Infinity":27,"s:95:23:95:Infinity":28,"s:96:18:102:Infinity":29,"f:96:18:96:30":4,"s:97:19:97:Infinity":30,"s:98:6:98:Infinity":31,"s:99:6:99:Infinity":32,"s:100:6:100:Infinity":33,"s:101:6:101:Infinity":34,"s:103:4:108:Infinity":35,"s:104:20:104:Infinity":36,"b:105:6:105:Infinity:undefined:undefined:undefined:undefined":3,"s:105:6:105:Infinity":37,"b:105:10:105:53:105:53:105:73":4,"s:105:73:105:Infinity":38,"s:106:6:106:Infinity":39,"s:107:6:107:Infinity":40,"s:109:4:109:Infinity":41,"s:111:2:111:Infinity":42,"s:112:2:112:Infinity":43}}}
,"/home/user/ProtoPulse/packages/graph/src/store/serialize.ts": {"path":"/home/user/ProtoPulse/packages/graph/src/store/serialize.ts","statementMap":{"0":{"start":{"line":17,"column":2},"end":{"line":17,"column":null}},"1":{"start":{"line":17,"column":25},"end":{"line":17,"column":43}},"2":{"start":{"line":21,"column":28},"end":{"line":21,"column":null}},"3":{"start":{"line":22,"column":2},"end":{"line":26,"column":null}},"4":{"start":{"line":23,"column":20},"end":{"line":23,"column":null}},"5":{"start":{"line":24,"column":4},"end":{"line":24,"column":null}},"6":{"start":{"line":24,"column":30},"end":{"line":24,"column":null}},"7":{"start":{"line":25,"column":4},"end":{"line":25,"column":null}},"8":{"start":{"line":27,"column":2},"end":{"line":27,"column":null}},"9":{"start":{"line":45,"column":2},"end":{"line":62,"column":null}},"10":{"start":{"line":66,"column":2},"end":{"line":83,"column":null}},"11":{"start":{"line":88,"column":34},"end":{"line":88,"column":null}},"12":{"start":{"line":90,"column":24},"end":{"line":93,"column":null}},"13":{"start":{"line":95,"column":50},"end":{"line":99,"column":null}},"14":{"start":{"line":109,"column":59},"end":{"line":115,"column":null}},"15":{"start":{"line":118,"column":2},"end":{"line":118,"column":null}},"16":{"start":{"line":122,"column":2},"end":{"line":122,"column":null}}},"fnMap":{"0":{"name":"encodeOpl","decl":{"start":{"line":16,"column":16},"end":{"line":16,"column":26}},"loc":{"start":{"line":16,"column":62},"end":{"line":18,"column":null}},"line":16},"1":{"name":"(anonymous_1)","decl":{"start":{"line":17,"column":17},"end":{"line":17,"column":18}},"loc":{"start":{"line":17,"column":25},"end":{"line":17,"column":43}},"line":17},"2":{"name":"decodeOpl","decl":{"start":{"line":20,"column":16},"end":{"line":20,"column":26}},"loc":{"start":{"line":20,"column":54},"end":{"line":28,"column":null}},"line":20},"3":{"name":"graphToJson","decl":{"start":{"line":44,"column":16},"end":{"line":44,"column":28}},"loc":{"start":{"line":44,"column":67},"end":{"line":63,"column":null}},"line":44},"4":{"name":"graphFromJson","decl":{"start":{"line":65,"column":16},"end":{"line":65,"column":30}},"loc":{"start":{"line":65,"column":68},"end":{"line":84,"column":null}},"line":65},"5":{"name":"encodeBundle","decl":{"start":{"line":117,"column":16},"end":{"line":117,"column":29}},"loc":{"start":{"line":117,"column":59},"end":{"line":119,"column":null}},"line":117},"6":{"name":"decodeBundle","decl":{"start":{"line":121,"column":16},"end":{"line":121,"column":29}},"loc":{"start":{"line":121,"column":57},"end":{"line":123,"column":null}},"line":121}},"branchMap":{"0":{"loc":{"start":{"line":17,"column":59},"end":{"line":17,"column":null}},"type":"cond-expr","locations":[{"start":{"line":17,"column":76},"end":{"line":17,"column":83}},{"start":{"line":17,"column":83},"end":{"line":17,"column":null}}],"line":17},"1":{"loc":{"start":{"line":24,"column":4},"end":{"line":24,"column":null}},"type":"if","locations":[{"start":{"line":24,"column":4},"end":{"line":24,"column":null}},{"start":{},"end":{}}],"line":24}},"s":{"0":10,"1":37,"2":11,"3":11,"4":64,"5":64,"6":13,"7":51,"8":10,"9":13,"10":2,"11":2,"12":2,"13":2,"14":2,"15":1,"16":2},"f":{"0":10,"1":37,"2":11,"3":13,"4":2,"5":1,"6":2},"b":{"0":[5,5],"1":[13,51]},"meta":{"lastBranch":2,"lastFunction":7,"lastStatement":17,"seen":{"f:16:16:16:26":0,"s:17:2:17:Infinity":0,"f:17:17:17:18":1,"s:17:25:17:43":1,"b:17:76:17:83:17:83:17:Infinity":0,"f:20:16:20:26":2,"s:21:28:21:Infinity":2,"s:22:2:26:Infinity":3,"s:23:20:23:Infinity":4,"b:24:4:24:Infinity:undefined:undefined:undefined:undefined":1,"s:24:4:24:Infinity":5,"s:24:30:24:Infinity":6,"s:25:4:25:Infinity":7,"s:27:2:27:Infinity":8,"f:44:16:44:28":3,"s:45:2:62:Infinity":9,"f:65:16:65:30":4,"s:66:2:83:Infinity":10,"s:88:34:88:Infinity":11,"s:90:24:93:Infinity":12,"s:95:50:99:Infinity":13,"s:109:59:115:Infinity":14,"f:117:16:117:29":5,"s:118:2:118:Infinity":15,"f:121:16:121:29":6,"s:122:2:122:Infinity":16}}}
}
