{"/home/user/ProtoPulse/packages/graph/src/apply.ts": {"path":"/home/user/ProtoPulse/packages/graph/src/apply.ts","statementMap":{"0":{"start":{"line":22,"column":2},"end":{"line":22,"column":null}},"1":{"start":{"line":23,"column":2},"end":{"line":23,"column":null}},"2":{"start":{"line":28,"column":2},"end":{"line":28,"column":null}},"3":{"start":{"line":29,"column":2},"end":{"line":32,"column":null}},"4":{"start":{"line":30,"column":4},"end":{"line":30,"column":null}},"5":{"start":{"line":31,"column":4},"end":{"line":31,"column":null}},"6":{"start":{"line":33,"column":2},"end":{"line":33,"column":null}},"7":{"start":{"line":37,"column":35},"end":{"line":37,"column":null}},"8":{"start":{"line":38,"column":15},"end":{"line":38,"column":null}},"9":{"start":{"line":38,"column":48},"end":{"line":38,"column":null}},"10":{"start":{"line":39,"column":13},"end":{"line":39,"column":null}},"11":{"start":{"line":39,"column":33},"end":{"line":39,"column":null}},"12":{"start":{"line":41,"column":2},"end":{"line":269,"column":null}},"13":{"start":{"line":43,"column":6},"end":{"line":43,"column":null}},"14":{"start":{"line":43,"column":39},"end":{"line":43,"column":null}},"15":{"start":{"line":44,"column":6},"end":{"line":46,"column":null}},"16":{"start":{"line":45,"column":8},"end":{"line":45,"column":null}},"17":{"start":{"line":45,"column":30},"end":{"line":45,"column":null}},"18":{"start":{"line":47,"column":6},"end":{"line":55,"column":null}},"19":{"start":{"line":56,"column":6},"end":{"line":56,"column":null}},"20":{"start":{"line":60,"column":19},"end":{"line":60,"column":null}},"21":{"start":{"line":61,"column":6},"end":{"line":61,"column":null}},"22":{"start":{"line":61,"column":17},"end":{"line":61,"column":null}},"23":{"start":{"line":63,"column":6},"end":{"line":67,"column":null}},"24":{"start":{"line":64,"column":23},"end":{"line":64,"column":null}},"25":{"start":{"line":65,"column":8},"end":{"line":65,"column":null}},"26":{"start":{"line":65,"column":38},"end":{"line":65,"column":81}},"27":{"start":{"line":66,"column":8},"end":{"line":66,"column":null}},"28":{"start":{"line":66,"column":50},"end":{"line":66,"column":null}},"29":{"start":{"line":68,"column":6},"end":{"line":68,"column":null}},"30":{"start":{"line":69,"column":6},"end":{"line":69,"column":null}},"31":{"start":{"line":70,"column":6},"end":{"line":70,"column":null}},"32":{"start":{"line":71,"column":6},"end":{"line":71,"column":null}},"33":{"start":{"line":75,"column":19},"end":{"line":75,"column":null}},"34":{"start":{"line":76,"column":6},"end":{"line":76,"column":null}},"35":{"start":{"line":76,"column":17},"end":{"line":76,"column":null}},"36":{"start":{"line":77,"column":6},"end":{"line":82,"column":null}},"37":{"start":{"line":78,"column":8},"end":{"line":80,"column":null}},"38":{"start":{"line":79,"column":10},"end":{"line":79,"column":null}},"39":{"start":{"line":79,"column":38},"end":{"line":79,"column":null}},"40":{"start":{"line":81,"column":8},"end":{"line":81,"column":null}},"41":{"start":{"line":83,"column":6},"end":{"line":86,"column":null}},"42":{"start":{"line":84,"column":8},"end":{"line":85,"column":null}},"43":{"start":{"line":84,"column":37},"end":{"line":84,"column":null}},"44":{"start":{"line":85,"column":13},"end":{"line":85,"column":null}},"45":{"start":{"line":87,"column":6},"end":{"line":87,"column":null}},"46":{"start":{"line":87,"column":38},"end":{"line":87,"column":null}},"47":{"start":{"line":88,"column":6},"end":{"line":88,"column":null}},"48":{"start":{"line":88,"column":41},"end":{"line":88,"column":null}},"49":{"start":{"line":89,"column":6},"end":{"line":89,"column":null}},"50":{"start":{"line":93,"column":26},"end":{"line":93,"column":null}},"51":{"start":{"line":94,"column":6},"end":{"line":96,"column":null}},"52":{"start":{"line":95,"column":8},"end":{"line":95,"column":null}},"53":{"start":{"line":97,"column":12},"end":{"line":97,"column":null}},"54":{"start":{"line":98,"column":6},"end":{"line":102,"column":null}},"55":{"start":{"line":99,"column":8},"end":{"line":101,"column":null}},"56":{"start":{"line":103,"column":6},"end":{"line":108,"column":null}},"57":{"start":{"line":104,"column":20},"end":{"line":104,"column":null}},"58":{"start":{"line":105,"column":8},"end":{"line":105,"column":null}},"59":{"start":{"line":105,"column":18},"end":{"line":105,"column":null}},"60":{"start":{"line":106,"column":8},"end":{"line":106,"column":null}},"61":{"start":{"line":107,"column":8},"end":{"line":107,"column":null}},"62":{"start":{"line":109,"column":6},"end":{"line":111,"column":null}},"63":{"start":{"line":110,"column":8},"end":{"line":110,"column":null}},"64":{"start":{"line":112,"column":6},"end":{"line":112,"column":null}},"65":{"start":{"line":112,"column":39},"end":{"line":112,"column":null}},"66":{"start":{"line":113,"column":23},"end":{"line":118,"column":null}},"67":{"start":{"line":119,"column":6},"end":{"line":119,"column":null}},"68":{"start":{"line":120,"column":6},"end":{"line":120,"column":null}},"69":{"start":{"line":124,"column":12},"end":{"line":124,"column":null}},"70":{"start":{"line":125,"column":6},"end":{"line":125,"column":null}},"71":{"start":{"line":125,"column":16},"end":{"line":125,"column":null}},"72":{"start":{"line":126,"column":6},"end":{"line":126,"column":null}},"73":{"start":{"line":126,"column":42},"end":{"line":126,"column":55}},"74":{"start":{"line":127,"column":6},"end":{"line":127,"column":null}},"75":{"start":{"line":127,"column":34},"end":{"line":127,"column":null}},"76":{"start":{"line":128,"column":6},"end":{"line":128,"column":null}},"77":{"start":{"line":132,"column":23},"end":{"line":132,"column":null}},"78":{"start":{"line":133,"column":23},"end":{"line":133,"column":null}},"79":{"start":{"line":134,"column":6},"end":{"line":134,"column":null}},"80":{"start":{"line":134,"column":21},"end":{"line":134,"column":null}},"81":{"start":{"line":135,"column":6},"end":{"line":135,"column":null}},"82":{"start":{"line":135,"column":21},"end":{"line":135,"column":null}},"83":{"start":{"line":136,"column":6},"end":{"line":136,"column":null}},"84":{"start":{"line":136,"column":39},"end":{"line":136,"column":null}},"85":{"start":{"line":137,"column":6},"end":{"line":137,"column":null}},"86":{"start":{"line":137,"column":38},"end":{"line":137,"column":null}},"87":{"start":{"line":138,"column":28},"end":{"line":138,"column":null}},"88":{"start":{"line":139,"column":6},"end":{"line":143,"column":null}},"89":{"start":{"line":140,"column":30},"end":{"line":140,"column":null}},"90":{"start":{"line":141,"column":8},"end":{"line":141,"column":null}},"91":{"start":{"line":142,"column":8},"end":{"line":142,"column":null}},"92":{"start":{"line":144,"column":6},"end":{"line":144,"column":null}},"93":{"start":{"line":145,"column":6},"end":{"line":145,"column":null}},"94":{"start":{"line":149,"column":18},"end":{"line":149,"column":null}},"95":{"start":{"line":150,"column":6},"end":{"line":150,"column":null}},"96":{"start":{"line":150,"column":16},"end":{"line":150,"column":null}},"97":{"start":{"line":151,"column":6},"end":{"line":151,"column":null}},"98":{"start":{"line":151,"column":39},"end":{"line":151,"column":null}},"99":{"start":{"line":152,"column":20},"end":{"line":152,"column":null}},"100":{"start":{"line":153,"column":6},"end":{"line":155,"column":null}},"101":{"start":{"line":154,"column":8},"end":{"line":154,"column":null}},"102":{"start":{"line":154,"column":36},"end":{"line":154,"column":null}},"103":{"start":{"line":156,"column":6},"end":{"line":156,"column":null}},"104":{"start":{"line":156,"column":42},"end":{"line":156,"column":55}},"105":{"start":{"line":157,"column":26},"end":{"line":162,"column":null}},"106":{"start":{"line":163,"column":6},"end":{"line":163,"column":null}},"107":{"start":{"line":164,"column":6},"end":{"line":164,"column":null}},"108":{"start":{"line":164,"column":34},"end":{"line":164,"column":null}},"109":{"start":{"line":165,"column":6},"end":{"line":165,"column":null}},"110":{"start":{"line":169,"column":18},"end":{"line":169,"column":null}},"111":{"start":{"line":170,"column":6},"end":{"line":170,"column":null}},"112":{"start":{"line":170,"column":16},"end":{"line":170,"column":null}},"113":{"start":{"line":171,"column":6},"end":{"line":171,"column":null}},"114":{"start":{"line":172,"column":6},"end":{"line":172,"column":null}},"115":{"start":{"line":176,"column":18},"end":{"line":176,"column":null}},"116":{"start":{"line":177,"column":6},"end":{"line":177,"column":null}},"117":{"start":{"line":177,"column":16},"end":{"line":177,"column":null}},"118":{"start":{"line":178,"column":6},"end":{"line":178,"column":null}},"119":{"start":{"line":179,"column":6},"end":{"line":179,"column":null}},"120":{"start":{"line":183,"column":6},"end":{"line":183,"column":null}},"121":{"start":{"line":183,"column":40},"end":{"line":183,"column":null}},"122":{"start":{"line":184,"column":6},"end":{"line":188,"column":null}},"123":{"start":{"line":189,"column":6},"end":{"line":189,"column":null}},"124":{"start":{"line":193,"column":6},"end":{"line":193,"column":null}},"125":{"start":{"line":193,"column":41},"end":{"line":193,"column":null}},"126":{"start":{"line":194,"column":6},"end":{"line":194,"column":null}},"127":{"start":{"line":195,"column":6},"end":{"line":195,"column":null}},"128":{"start":{"line":200,"column":6},"end":{"line":202,"column":null}},"129":{"start":{"line":201,"column":8},"end":{"line":201,"column":null}},"130":{"start":{"line":203,"column":6},"end":{"line":205,"column":null}},"131":{"start":{"line":204,"column":8},"end":{"line":204,"column":null}},"132":{"start":{"line":206,"column":6},"end":{"line":210,"column":null}},"133":{"start":{"line":211,"column":6},"end":{"line":211,"column":null}},"134":{"start":{"line":215,"column":6},"end":{"line":217,"column":null}},"135":{"start":{"line":216,"column":8},"end":{"line":216,"column":null}},"136":{"start":{"line":218,"column":6},"end":{"line":218,"column":null}},"137":{"start":{"line":219,"column":6},"end":{"line":219,"column":null}},"138":{"start":{"line":223,"column":6},"end":{"line":223,"column":null}},"139":{"start":{"line":223,"column":37},"end":{"line":223,"column":null}},"140":{"start":{"line":224,"column":6},"end":{"line":225,"column":null}},"141":{"start":{"line":224,"column":36},"end":{"line":224,"column":null}},"142":{"start":{"line":225,"column":11},"end":{"line":225,"column":null}},"143":{"start":{"line":225,"column":71},"end":{"line":225,"column":104}},"144":{"start":{"line":226,"column":6},"end":{"line":226,"column":null}},"145":{"start":{"line":232,"column":6},"end":{"line":232,"column":null}},"146":{"start":{"line":235,"column":6},"end":{"line":235,"column":null}},"147":{"start":{"line":238,"column":6},"end":{"line":238,"column":null}},"148":{"start":{"line":239,"column":6},"end":{"line":239,"column":null}},"149":{"start":{"line":243,"column":6},"end":{"line":243,"column":null}},"150":{"start":{"line":244,"column":6},"end":{"line":244,"column":null}},"151":{"start":{"line":249,"column":12},"end":{"line":249,"column":null}},"152":{"start":{"line":250,"column":44},"end":{"line":250,"column":null}},"153":{"start":{"line":251,"column":6},"end":{"line":255,"column":null}},"154":{"start":{"line":252,"column":20},"end":{"line":252,"column":null}},"155":{"start":{"line":253,"column":8},"end":{"line":253,"column":null}},"156":{"start":{"line":253,"column":21},"end":{"line":253,"column":null}},"157":{"start":{"line":254,"column":8},"end":{"line":254,"column":null}},"158":{"start":{"line":257,"column":6},"end":{"line":257,"column":null}},"159":{"start":{"line":258,"column":6},"end":{"line":258,"column":null}},"160":{"start":{"line":259,"column":6},"end":{"line":259,"column":null}},"161":{"start":{"line":260,"column":6},"end":{"line":260,"column":null}},"162":{"start":{"line":261,"column":6},"end":{"line":261,"column":null}},"163":{"start":{"line":262,"column":6},"end":{"line":262,"column":null}},"164":{"start":{"line":263,"column":6},"end":{"line":263,"column":null}},"165":{"start":{"line":264,"column":6},"end":{"line":264,"column":null}},"166":{"start":{"line":265,"column":6},"end":{"line":265,"column":null}},"167":{"start":{"line":266,"column":6},"end":{"line":266,"column":null}},"168":{"start":{"line":267,"column":6},"end":{"line":267,"column":null}}},"fnMap":{"0":{"name":"autoNetName","decl":{"start":{"line":21,"column":9},"end":{"line":21,"column":21}},"loc":{"start":{"line":21,"column":49},"end":{"line":24,"column":null}},"line":21},"1":{"name":"gcNet","decl":{"start":{"line":27,"column":9},"end":{"line":27,"column":15}},"loc":{"start":{"line":27,"column":80},"end":{"line":34,"column":null}},"line":27},"2":{"name":"applyOp","decl":{"start":{"line":36,"column":16},"end":{"line":36,"column":24}},"loc":{"start":{"line":36,"column":69},"end":{"line":270,"column":null}},"line":36},"3":{"name":"(anonymous_3)","decl":{"start":{"line":38,"column":15},"end":{"line":38,"column":16}},"loc":{"start":{"line":38,"column":48},"end":{"line":38,"column":null}},"line":38},"4":{"name":"(anonymous_4)","decl":{"start":{"line":39,"column":13},"end":{"line":39,"column":33}},"loc":{"start":{"line":39,"column":33},"end":{"line":39,"column":null}},"line":39},"5":{"name":"(anonymous_5)","decl":{"start":{"line":65,"column":37},"end":{"line":65,"column":38}},"loc":{"start":{"line":65,"column":38},"end":{"line":65,"column":81}},"line":65},"6":{"name":"(anonymous_6)","decl":{"start":{"line":126,"column":35},"end":{"line":126,"column":36}},"loc":{"start":{"line":126,"column":42},"end":{"line":126,"column":55}},"line":126},"7":{"name":"(anonymous_7)","decl":{"start":{"line":156,"column":35},"end":{"line":156,"column":36}},"loc":{"start":{"line":156,"column":42},"end":{"line":156,"column":55}},"line":156},"8":{"name":"(anonymous_8)","decl":{"start":{"line":225,"column":63},"end":{"line":225,"column":64}},"loc":{"start":{"line":225,"column":71},"end":{"line":225,"column":104}},"line":225}},"branchMap":{"0":{"loc":{"start":{"line":29,"column":2},"end":{"line":32,"column":null}},"type":"if","locations":[{"start":{"line":29,"column":2},"end":{"line":32,"column":null}},{"start":{},"end":{}}],"line":29},"1":{"loc":{"start":{"line":41,"column":2},"end":{"line":269,"column":null}},"type":"switch","locations":[{"start":{"line":42,"column":4},"end":{"line":57,"column":null}},{"start":{"line":59,"column":4},"end":{"line":72,"column":null}},{"start":{"line":74,"column":4},"end":{"line":90,"column":null}},{"start":{"line":92,"column":4},"end":{"line":121,"column":null}},{"start":{"line":123,"column":4},"end":{"line":129,"column":null}},{"start":{"line":131,"column":4},"end":{"line":146,"column":null}},{"start":{"line":148,"column":4},"end":{"line":166,"column":null}},{"start":{"line":168,"column":4},"end":{"line":173,"column":null}},{"start":{"line":175,"column":4},"end":{"line":180,"column":null}},{"start":{"line":182,"column":4},"end":{"line":190,"column":null}},{"start":{"line":192,"column":4},"end":{"line":196,"column":null}},{"start":{"line":198,"column":4},"end":{"line":198,"column":null}},{"start":{"line":199,"column":4},"end":{"line":212,"column":null}},{"start":{"line":214,"column":4},"end":{"line":220,"column":null}},{"start":{"line":222,"column":4},"end":{"line":227,"column":null}},{"start":{"line":229,"column":4},"end":{"line":229,"column":null}},{"start":{"line":230,"column":4},"end":{"line":230,"column":null}},{"start":{"line":231,"column":4},"end":{"line":232,"column":null}},{"start":{"line":234,"column":4},"end":{"line":235,"column":null}},{"start":{"line":237,"column":4},"end":{"line":240,"column":null}},{"start":{"line":242,"column":4},"end":{"line":245,"column":null}},{"start":{"line":247,"column":4},"end":{"line":268,"column":null}}],"line":41},"2":{"loc":{"start":{"line":43,"column":6},"end":{"line":43,"column":null}},"type":"if","locations":[{"start":{"line":43,"column":6},"end":{"line":43,"column":null}},{"start":{},"end":{}}],"line":43},"3":{"loc":{"start":{"line":45,"column":8},"end":{"line":45,"column":null}},"type":"if","locations":[{"start":{"line":45,"column":8},"end":{"line":45,"column":null}},{"start":{},"end":{}}],"line":45},"4":{"loc":{"start":{"line":52,"column":12},"end":{"line":52,"column":null}},"type":"cond-expr","locations":[{"start":{"line":52,"column":37},"end":{"line":52,"column":59}},{"start":{"line":52,"column":59},"end":{"line":52,"column":null}}],"line":52},"5":{"loc":{"start":{"line":61,"column":6},"end":{"line":61,"column":null}},"type":"if","locations":[{"start":{"line":61,"column":6},"end":{"line":61,"column":null}},{"start":{},"end":{}}],"line":61},"6":{"loc":{"start":{"line":66,"column":8},"end":{"line":66,"column":null}},"type":"if","locations":[{"start":{"line":66,"column":8},"end":{"line":66,"column":null}},{"start":{},"end":{}}],"line":66},"7":{"loc":{"start":{"line":66,"column":12},"end":{"line":66,"column":50}},"type":"binary-expr","locations":[{"start":{"line":66,"column":12},"end":{"line":66,"column":38}},{"start":{"line":66,"column":38},"end":{"line":66,"column":50}}],"line":66},"8":{"loc":{"start":{"line":76,"column":6},"end":{"line":76,"column":null}},"type":"if","locations":[{"start":{"line":76,"column":6},"end":{"line":76,"column":null}},{"start":{},"end":{}}],"line":76},"9":{"loc":{"start":{"line":77,"column":6},"end":{"line":82,"column":null}},"type":"if","locations":[{"start":{"line":77,"column":6},"end":{"line":82,"column":null}},{"start":{},"end":{}}],"line":77},"10":{"loc":{"start":{"line":77,"column":10},"end":{"line":77,"column":67}},"type":"binary-expr","locations":[{"start":{"line":77,"column":10},"end":{"line":77,"column":40}},{"start":{"line":77,"column":40},"end":{"line":77,"column":67}}],"line":77},"11":{"loc":{"start":{"line":79,"column":10},"end":{"line":79,"column":null}},"type":"if","locations":[{"start":{"line":79,"column":10},"end":{"line":79,"column":null}},{"start":{},"end":{}}],"line":79},"12":{"loc":{"start":{"line":83,"column":6},"end":{"line":86,"column":null}},"type":"if","locations":[{"start":{"line":83,"column":6},"end":{"line":86,"column":null}},{"start":{},"end":{}}],"line":83},"13":{"loc":{"start":{"line":84,"column":8},"end":{"line":85,"column":null}},"type":"if","locations":[{"start":{"line":84,"column":8},"end":{"line":85,"column":null}},{"start":{"line":85,"column":13},"end":{"line":85,"column":null}}],"line":84},"14":{"loc":{"start":{"line":87,"column":6},"end":{"line":87,"column":null}},"type":"if","locations":[{"start":{"line":87,"column":6},"end":{"line":87,"column":null}},{"start":{},"end":{}}],"line":87},"15":{"loc":{"start":{"line":88,"column":6},"end":{"line":88,"column":null}},"type":"if","locations":[{"start":{"line":88,"column":6},"end":{"line":88,"column":null}},{"start":{},"end":{}}],"line":88},"16":{"loc":{"start":{"line":94,"column":6},"end":{"line":96,"column":null}},"type":"if","locations":[{"start":{"line":94,"column":6},"end":{"line":96,"column":null}},{"start":{},"end":{}}],"line":94},"17":{"loc":{"start":{"line":98,"column":6},"end":{"line":102,"column":null}},"type":"if","locations":[{"start":{"line":98,"column":6},"end":{"line":102,"column":null}},{"start":{},"end":{}}],"line":98},"18":{"loc":{"start":{"line":103,"column":6},"end":{"line":108,"column":null}},"type":"if","locations":[{"start":{"line":103,"column":6},"end":{"line":108,"column":null}},{"start":{},"end":{}}],"line":103},"19":{"loc":{"start":{"line":105,"column":8},"end":{"line":105,"column":null}},"type":"if","locations":[{"start":{"line":105,"column":8},"end":{"line":105,"column":null}},{"start":{},"end":{}}],"line":105},"20":{"loc":{"start":{"line":109,"column":6},"end":{"line":111,"column":null}},"type":"if","locations":[{"start":{"line":109,"column":6},"end":{"line":111,"column":null}},{"start":{},"end":{}}],"line":109},"21":{"loc":{"start":{"line":112,"column":6},"end":{"line":112,"column":null}},"type":"if","locations":[{"start":{"line":112,"column":6},"end":{"line":112,"column":null}},{"start":{},"end":{}}],"line":112},"22":{"loc":{"start":{"line":125,"column":6},"end":{"line":125,"column":null}},"type":"if","locations":[{"start":{"line":125,"column":6},"end":{"line":125,"column":null}},{"start":{},"end":{}}],"line":125},"23":{"loc":{"start":{"line":127,"column":6},"end":{"line":127,"column":null}},"type":"if","locations":[{"start":{"line":127,"column":6},"end":{"line":127,"column":null}},{"start":{},"end":{}}],"line":127},"24":{"loc":{"start":{"line":134,"column":6},"end":{"line":134,"column":null}},"type":"if","locations":[{"start":{"line":134,"column":6},"end":{"line":134,"column":null}},{"start":{},"end":{}}],"line":134},"25":{"loc":{"start":{"line":135,"column":6},"end":{"line":135,"column":null}},"type":"if","locations":[{"start":{"line":135,"column":6},"end":{"line":135,"column":null}},{"start":{},"end":{}}],"line":135},"26":{"loc":{"start":{"line":136,"column":6},"end":{"line":136,"column":null}},"type":"if","locations":[{"start":{"line":136,"column":6},"end":{"line":136,"column":null}},{"start":{},"end":{}}],"line":136},"27":{"loc":{"start":{"line":139,"column":6},"end":{"line":143,"column":null}},"type":"if","locations":[{"start":{"line":139,"column":6},"end":{"line":143,"column":null}},{"start":{},"end":{}}],"line":139},"28":{"loc":{"start":{"line":140,"column":30},"end":{"line":140,"column":null}},"type":"binary-expr","locations":[{"start":{"line":140,"column":30},"end":{"line":140,"column":72}},{"start":{"line":140,"column":72},"end":{"line":140,"column":null}}],"line":140},"29":{"loc":{"start":{"line":150,"column":6},"end":{"line":150,"column":null}},"type":"if","locations":[{"start":{"line":150,"column":6},"end":{"line":150,"column":null}},{"start":{},"end":{}}],"line":150},"30":{"loc":{"start":{"line":151,"column":6},"end":{"line":151,"column":null}},"type":"if","locations":[{"start":{"line":151,"column":6},"end":{"line":151,"column":null}},{"start":{},"end":{}}],"line":151},"31":{"loc":{"start":{"line":154,"column":8},"end":{"line":154,"column":null}},"type":"if","locations":[{"start":{"line":154,"column":8},"end":{"line":154,"column":null}},{"start":{},"end":{}}],"line":154},"32":{"loc":{"start":{"line":164,"column":6},"end":{"line":164,"column":null}},"type":"if","locations":[{"start":{"line":164,"column":6},"end":{"line":164,"column":null}},{"start":{},"end":{}}],"line":164},"33":{"loc":{"start":{"line":170,"column":6},"end":{"line":170,"column":null}},"type":"if","locations":[{"start":{"line":170,"column":6},"end":{"line":170,"column":null}},{"start":{},"end":{}}],"line":170},"34":{"loc":{"start":{"line":177,"column":6},"end":{"line":177,"column":null}},"type":"if","locations":[{"start":{"line":177,"column":6},"end":{"line":177,"column":null}},{"start":{},"end":{}}],"line":177},"35":{"loc":{"start":{"line":183,"column":6},"end":{"line":183,"column":null}},"type":"if","locations":[{"start":{"line":183,"column":6},"end":{"line":183,"column":null}},{"start":{},"end":{}}],"line":183},"36":{"loc":{"start":{"line":187,"column":12},"end":{"line":187,"column":null}},"type":"cond-expr","locations":[{"start":{"line":187,"column":41},"end":{"line":187,"column":71}},{"start":{"line":187,"column":71},"end":{"line":187,"column":null}}],"line":187},"37":{"loc":{"start":{"line":193,"column":6},"end":{"line":193,"column":null}},"type":"if","locations":[{"start":{"line":193,"column":6},"end":{"line":193,"column":null}},{"start":{},"end":{}}],"line":193},"38":{"loc":{"start":{"line":200,"column":6},"end":{"line":202,"column":null}},"type":"if","locations":[{"start":{"line":200,"column":6},"end":{"line":202,"column":null}},{"start":{},"end":{}}],"line":200},"39":{"loc":{"start":{"line":203,"column":6},"end":{"line":205,"column":null}},"type":"if","locations":[{"start":{"line":203,"column":6},"end":{"line":205,"column":null}},{"start":{},"end":{}}],"line":203},"40":{"loc":{"start":{"line":203,"column":10},"end":{"line":203,"column":88}},"type":"binary-expr","locations":[{"start":{"line":203,"column":10},"end":{"line":203,"column":39}},{"start":{"line":203,"column":39},"end":{"line":203,"column":88}}],"line":203},"41":{"loc":{"start":{"line":215,"column":6},"end":{"line":217,"column":null}},"type":"if","locations":[{"start":{"line":215,"column":6},"end":{"line":217,"column":null}},{"start":{},"end":{}}],"line":215},"42":{"loc":{"start":{"line":223,"column":6},"end":{"line":223,"column":null}},"type":"if","locations":[{"start":{"line":223,"column":6},"end":{"line":223,"column":null}},{"start":{},"end":{}}],"line":223},"43":{"loc":{"start":{"line":224,"column":6},"end":{"line":225,"column":null}},"type":"if","locations":[{"start":{"line":224,"column":6},"end":{"line":225,"column":null}},{"start":{"line":225,"column":11},"end":{"line":225,"column":null}}],"line":224},"44":{"loc":{"start":{"line":253,"column":8},"end":{"line":253,"column":null}},"type":"if","locations":[{"start":{"line":253,"column":8},"end":{"line":253,"column":null}},{"start":{},"end":{}}],"line":253}},"s":{"0":403,"1":403,"2":73,"3":73,"4":3,"5":3,"6":73,"7":3077,"8":3077,"9":1123,"10":3077,"11":1954,"12":3077,"13":557,"14":94,"15":463,"16":339,"17":2,"18":461,"19":557,"20":214,"21":214,"22":101,"23":113,"24":68,"25":68,"26":98,"27":68,"28":37,"29":113,"30":113,"31":113,"32":113,"33":22,"34":22,"35":1,"36":21,"37":5,"38":12,"39":1,"40":4,"41":20,"42":13,"43":2,"44":11,"45":20,"46":10,"47":20,"48":7,"49":20,"50":1135,"51":1135,"52":285,"53":850,"54":850,"55":58,"56":792,"57":390,"58":390,"59":71,"60":319,"61":319,"62":402,"63":1,"64":401,"65":401,"66":399,"67":399,"68":399,"69":220,"70":220,"71":174,"72":46,"73":59,"74":46,"75":35,"76":46,"77":224,"78":224,"79":224,"80":203,"81":21,"82":21,"83":9,"84":9,"85":5,"86":6,"87":5,"88":5,"89":3,"90":3,"91":3,"92":5,"93":5,"94":7,"95":7,"96":1,"97":6,"98":6,"99":5,"100":5,"101":6,"102":1,"103":4,"104":9,"105":4,"106":4,"107":4,"108":1,"109":4,"110":112,"111":112,"112":1,"113":111,"114":111,"115":9,"116":9,"117":1,"118":8,"119":8,"120":15,"121":1,"122":14,"123":15,"124":6,"125":1,"126":5,"127":5,"128":501,"129":100,"130":401,"131":1,"132":400,"133":400,"134":6,"135":1,"136":5,"137":5,"138":27,"139":1,"140":26,"141":26,"142":23,"143":23,"144":26,"145":3,"146":1,"147":1,"148":1,"149":12,"150":12,"151":5,"152":5,"153":5,"154":14,"155":14,"156":1,"157":13,"158":4,"159":4,"160":4,"161":4,"162":4,"163":4,"164":4,"165":4,"166":4,"167":4,"168":4},"f":{"0":403,"1":73,"2":3077,"3":1123,"4":1954,"5":98,"6":59,"7":9,"8":23},"b":{"0":[3,70],"1":[557,214,22,1135,220,224,7,112,9,15,6,492,501,6,27,1,2,3,1,1,12,5],"2":[94,463],"3":[2,337],"4":[102,359],"5":[101,113],"6":[37,31],"7":[68,37],"8":[1,21],"9":[5,16],"10":[21,6],"11":[1,11],"12":[13,7],"13":[2,11],"14":[10,10],"15":[7,13],"16":[285,850],"17":[58,792],"18":[390,402],"19":[71,319],"20":[1,401],"21":[2,399],"22":[174,46],"23":[35,11],"24":[203,21],"25":[12,9],"26":[4,5],"27":[3,2],"28":[3,1],"29":[1,6],"30":[1,5],"31":[1,5],"32":[1,3],"33":[1,111],"34":[1,8],"35":[1,14],"36":[5,9],"37":[1,5],"38":[100,401],"39":[1,400],"40":[401,9],"41":[1,5],"42":[1,26],"43":[3,23],"44":[1,13]},"meta":{"lastBranch":45,"lastFunction":9,"lastStatement":169,"seen":{"f:21:9:21:21":0,"s:22:2:22:Infinity":0,"s:23:2:23:Infinity":1,"f:27:9:27:15":1,"s:28:2:28:Infinity":2,"b:29:2:32:Infinity:undefined:undefined:undefined:undefined":0,"s:29:2:32:Infinity":3,"s:30:4:30:Infinity":4,"s:31:4:31:Infinity":5,"s:33:2:33:Infinity":6,"f:36:16:36:24":2,"s:37:35:37:Infinity":7,"s:38:15:38:Infinity":8,"f:38:15:38:16":3,"s:38:48:38:Infinity":9,"s:39:13:39:Infinity":10,"f:39:13:39:33":4,"s:39:33:39:Infinity":11,"b:42:4:57:Infinity:59:4:72:Infinity:74:4:90:Infinity:92:4:121:Infinity:123:4:129:Infinity:131:4:146:Infinity:148:4:166:Infinity:168:4:173:Infinity:175:4:180:Infinity:182:4:190:Infinity:192:4:196:Infinity:198:4:198:Infinity:199:4:212:Infinity:214:4:220:Infinity:222:4:227:Infinity:229:4:229:Infinity:230:4:230:Infinity:231:4:232:Infinity:234:4:235:Infinity:237:4:240:Infinity:242:4:245:Infinity:247:4:268:Infinity":1,"s:41:2:269:Infinity":12,"b:43:6:43:Infinity:undefined:undefined:undefined:undefined":2,"s:43:6:43:Infinity":13,"s:43:39:43:Infinity":14,"s:44:6:46:Infinity":15,"b:45:8:45:Infinity:undefined:undefined:undefined:undefined":3,"s:45:8:45:Infinity":16,"s:45:30:45:Infinity":17,"s:47:6:55:Infinity":18,"b:52:37:52:59:52:59:52:Infinity":4,"s:56:6:56:Infinity":19,"s:60:19:60:Infinity":20,"b:61:6:61:Infinity:undefined:undefined:undefined:undefined":5,"s:61:6:61:Infinity":21,"s:61:17:61:Infinity":22,"s:63:6:67:Infinity":23,"s:64:23:64:Infinity":24,"s:65:8:65:Infinity":25,"f:65:37:65:38":5,"s:65:38:65:81":26,"b:66:8:66:Infinity:undefined:undefined:undefined:undefined":6,"s:66:8:66:Infinity":27,"b:66:12:66:38:66:38:66:50":7,"s:66:50:66:Infinity":28,"s:68:6:68:Infinity":29,"s:69:6:69:Infinity":30,"s:70:6:70:Infinity":31,"s:71:6:71:Infinity":32,"s:75:19:75:Infinity":33,"b:76:6:76:Infinity:undefined:undefined:undefined:undefined":8,"s:76:6:76:Infinity":34,"s:76:17:76:Infinity":35,"b:77:6:82:Infinity:undefined:undefined:undefined:undefined":9,"s:77:6:82:Infinity":36,"b:77:10:77:40:77:40:77:67":10,"s:78:8:80:Infinity":37,"b:79:10:79:Infinity:undefined:undefined:undefined:undefined":11,"s:79:10:79:Infinity":38,"s:79:38:79:Infinity":39,"s:81:8:81:Infinity":40,"b:83:6:86:Infinity:undefined:undefined:undefined:undefined":12,"s:83:6:86:Infinity":41,"b:84:8:85:Infinity:85:13:85:Infinity":13,"s:84:8:85:Infinity":42,"s:84:37:84:Infinity":43,"s:85:13:85:Infinity":44,"b:87:6:87:Infinity:undefined:undefined:undefined:undefined":14,"s:87:6:87:Infinity":45,"s:87:38:87:Infinity":46,"b:88:6:88:Infinity:undefined:undefined:undefined:undefined":15,"s:88:6:88:Infinity":47,"s:88:41:88:Infinity":48,"s:89:6:89:Infinity":49,"s:93:26:93:Infinity":50,"b:94:6:96:Infinity:undefined:undefined:undefined:undefined":16,"s:94:6:96:Infinity":51,"s:95:8:95:Infinity":52,"s:97:12:97:Infinity":53,"b:98:6:102:Infinity:undefined:undefined:undefined:undefined":17,"s:98:6:102:Infinity":54,"s:99:8:101:Infinity":55,"b:103:6:108:Infinity:undefined:undefined:undefined:undefined":18,"s:103:6:108:Infinity":56,"s:104:20:104:Infinity":57,"b:105:8:105:Infinity:undefined:undefined:undefined:undefined":19,"s:105:8:105:Infinity":58,"s:105:18:105:Infinity":59,"s:106:8:106:Infinity":60,"s:107:8:107:Infinity":61,"b:109:6:111:Infinity:undefined:undefined:undefined:undefined":20,"s:109:6:111:Infinity":62,"s:110:8:110:Infinity":63,"b:112:6:112:Infinity:undefined:undefined:undefined:undefined":21,"s:112:6:112:Infinity":64,"s:112:39:112:Infinity":65,"s:113:23:118:Infinity":66,"s:119:6:119:Infinity":67,"s:120:6:120:Infinity":68,"s:124:12:124:Infinity":69,"b:125:6:125:Infinity:undefined:undefined:undefined:undefined":22,"s:125:6:125:Infinity":70,"s:125:16:125:Infinity":71,"s:126:6:126:Infinity":72,"f:126:35:126:36":6,"s:126:42:126:55":73,"b:127:6:127:Infinity:undefined:undefined:undefined:undefined":23,"s:127:6:127:Infinity":74,"s:127:34:127:Infinity":75,"s:128:6:128:Infinity":76,"s:132:23:132:Infinity":77,"s:133:23:133:Infinity":78,"b:134:6:134:Infinity:undefined:undefined:undefined:undefined":24,"s:134:6:134:Infinity":79,"s:134:21:134:Infinity":80,"b:135:6:135:Infinity:undefined:undefined:undefined:undefined":25,"s:135:6:135:Infinity":81,"s:135:21:135:Infinity":82,"b:136:6:136:Infinity:undefined:undefined:undefined:undefined":26,"s:136:6:136:Infinity":83,"s:136:39:136:Infinity":84,"s:137:6:137:Infinity":85,"s:137:38:137:Infinity":86,"s:138:28:138:Infinity":87,"b:139:6:143:Infinity:undefined:undefined:undefined:undefined":27,"s:139:6:143:Infinity":88,"s:140:30:140:Infinity":89,"b:140:30:140:72:140:72:140:Infinity":28,"s:141:8:141:Infinity":90,"s:142:8:142:Infinity":91,"s:144:6:144:Infinity":92,"s:145:6:145:Infinity":93,"s:149:18:149:Infinity":94,"b:150:6:150:Infinity:undefined:undefined:undefined:undefined":29,"s:150:6:150:Infinity":95,"s:150:16:150:Infinity":96,"b:151:6:151:Infinity:undefined:undefined:undefined:undefined":30,"s:151:6:151:Infinity":97,"s:151:39:151:Infinity":98,"s:152:20:152:Infinity":99,"s:153:6:155:Infinity":100,"b:154:8:154:Infinity:undefined:undefined:undefined:undefined":31,"s:154:8:154:Infinity":101,"s:154:36:154:Infinity":102,"s:156:6:156:Infinity":103,"f:156:35:156:36":7,"s:156:42:156:55":104,"s:157:26:162:Infinity":105,"s:163:6:163:Infinity":106,"b:164:6:164:Infinity:undefined:undefined:undefined:undefined":32,"s:164:6:164:Infinity":107,"s:164:34:164:Infinity":108,"s:165:6:165:Infinity":109,"s:169:18:169:Infinity":110,"b:170:6:170:Infinity:undefined:undefined:undefined:undefined":33,"s:170:6:170:Infinity":111,"s:170:16:170:Infinity":112,"s:171:6:171:Infinity":113,"s:172:6:172:Infinity":114,"s:176:18:176:Infinity":115,"b:177:6:177:Infinity:undefined:undefined:undefined:undefined":34,"s:177:6:177:Infinity":116,"s:177:16:177:Infinity":117,"s:178:6:178:Infinity":118,"s:179:6:179:Infinity":119,"b:183:6:183:Infinity:undefined:undefined:undefined:undefined":35,"s:183:6:183:Infinity":120,"s:183:40:183:Infinity":121,"s:184:6:188:Infinity":122,"b:187:41:187:71:187:71:187:Infinity":36,"s:189:6:189:Infinity":123,"b:193:6:193:Infinity:undefined:undefined:undefined:undefined":37,"s:193:6:193:Infinity":124,"s:193:41:193:Infinity":125,"s:194:6:194:Infinity":126,"s:195:6:195:Infinity":127,"b:200:6:202:Infinity:undefined:undefined:undefined:undefined":38,"s:200:6:202:Infinity":128,"s:201:8:201:Infinity":129,"b:203:6:205:Infinity:undefined:undefined:undefined:undefined":39,"s:203:6:205:Infinity":130,"b:203:10:203:39:203:39:203:88":40,"s:204:8:204:Infinity":131,"s:206:6:210:Infinity":132,"s:211:6:211:Infinity":133,"b:215:6:217:Infinity:undefined:undefined:undefined:undefined":41,"s:215:6:217:Infinity":134,"s:216:8:216:Infinity":135,"s:218:6:218:Infinity":136,"s:219:6:219:Infinity":137,"b:223:6:223:Infinity:undefined:undefined:undefined:undefined":42,"s:223:6:223:Infinity":138,"s:223:37:223:Infinity":139,"b:224:6:225:Infinity:225:11:225:Infinity":43,"s:224:6:225:Infinity":140,"s:224:36:224:Infinity":141,"s:225:11:225:Infinity":142,"f:225:63:225:64":8,"s:225:71:225:104":143,"s:226:6:226:Infinity":144,"s:232:6:232:Infinity":145,"s:235:6:235:Infinity":146,"s:238:6:238:Infinity":147,"s:239:6:239:Infinity":148,"s:243:6:243:Infinity":149,"s:244:6:244:Infinity":150,"s:249:12:249:Infinity":151,"s:250:44:250:Infinity":152,"s:251:6:255:Infinity":153,"s:252:20:252:Infinity":154,"b:253:8:253:Infinity:undefined:undefined:undefined:undefined":44,"s:253:8:253:Infinity":155,"s:253:21:253:Infinity":156,"s:254:8:254:Infinity":157,"s:257:6:257:Infinity":158,"s:258:6:258:Infinity":159,"s:259:6:259:Infinity":160,"s:260:6:260:Infinity":161,"s:261:6:261:Infinity":162,"s:262:6:262:Infinity":163,"s:263:6:263:Infinity":164,"s:264:6:264:Infinity":165,"s:265:6:265:Infinity":166,"s:266:6:266:Infinity":167,"s:267:6:267:Infinity":168}}}
,"/home/user/ProtoPulse/packages/graph/src/branch.ts": {"path":"/home/user/ProtoPulse/packages/graph/src/branch.ts","statementMap":{"0":{"start":{"line":22,"column":27},"end":{"line":22,"column":null}},"1":{"start":{"line":25,"column":21},"end":{"line":25,"column":null}},"2":{"start":{"line":28,"column":4},"end":{"line":36,"column":null}},"3":{"start":{"line":29,"column":6},"end":{"line":29,"column":null}},"4":{"start":{"line":31,"column":6},"end":{"line":35,"column":null}},"5":{"start":{"line":40,"column":4},"end":{"line":40,"column":null}},"6":{"start":{"line":44,"column":4},"end":{"line":44,"column":null}},"7":{"start":{"line":48,"column":14},"end":{"line":48,"column":null}},"8":{"start":{"line":49,"column":4},"end":{"line":49,"column":null}},"9":{"start":{"line":49,"column":12},"end":{"line":49,"column":null}},"10":{"start":{"line":50,"column":4},"end":{"line":50,"column":null}},"11":{"start":{"line":54,"column":4},"end":{"line":54,"column":null}},"12":{"start":{"line":62,"column":4},"end":{"line":62,"column":null}},"13":{"start":{"line":62,"column":33},"end":{"line":62,"column":null}},"14":{"start":{"line":63,"column":4},"end":{"line":63,"column":null}},"15":{"start":{"line":64,"column":31},"end":{"line":68,"column":null}},"16":{"start":{"line":69,"column":4},"end":{"line":69,"column":null}},"17":{"start":{"line":70,"column":4},"end":{"line":70,"column":null}},"18":{"start":{"line":75,"column":14},"end":{"line":75,"column":null}},"19":{"start":{"line":76,"column":4},"end":{"line":76,"column":null}},"20":{"start":{"line":76,"column":32},"end":{"line":76,"column":null}},"21":{"start":{"line":77,"column":22},"end":{"line":77,"column":null}},"22":{"start":{"line":78,"column":4},"end":{"line":78,"column":null}},"23":{"start":{"line":83,"column":14},"end":{"line":83,"column":null}},"24":{"start":{"line":84,"column":4},"end":{"line":84,"column":null}},"25":{"start":{"line":84,"column":32},"end":{"line":84,"column":null}},"26":{"start":{"line":85,"column":4},"end":{"line":85,"column":null}},"27":{"start":{"line":90,"column":4},"end":{"line":90,"column":null}}},"fnMap":{"0":{"name":"(anonymous_0)","decl":{"start":{"line":27,"column":2},"end":{"line":27,"column":14}},"loc":{"start":{"line":27,"column":50},"end":{"line":37,"column":null}},"line":27},"1":{"name":"(anonymous_1)","decl":{"start":{"line":39,"column":2},"end":{"line":39,"column":6}},"loc":{"start":{"line":39,"column":29},"end":{"line":41,"column":null}},"line":39},"2":{"name":"(anonymous_2)","decl":{"start":{"line":43,"column":2},"end":{"line":43,"column":20}},"loc":{"start":{"line":43,"column":20},"end":{"line":45,"column":null}},"line":43},"3":{"name":"(anonymous_3)","decl":{"start":{"line":47,"column":2},"end":{"line":47,"column":6}},"loc":{"start":{"line":47,"column":33},"end":{"line":51,"column":null}},"line":47},"4":{"name":"(anonymous_4)","decl":{"start":{"line":53,"column":2},"end":{"line":53,"column":9}},"loc":{"start":{"line":53,"column":46},"end":{"line":55,"column":null}},"line":53},"5":{"name":"(anonymous_5)","decl":{"start":{"line":61,"column":2},"end":{"line":61,"column":15}},"loc":{"start":{"line":61,"column":56},"end":{"line":71,"column":null}},"line":61},"6":{"name":"(anonymous_6)","decl":{"start":{"line":74,"column":2},"end":{"line":74,"column":9}},"loc":{"start":{"line":74,"column":37},"end":{"line":79,"column":null}},"line":74},"7":{"name":"(anonymous_7)","decl":{"start":{"line":82,"column":2},"end":{"line":82,"column":13}},"loc":{"start":{"line":82,"column":41},"end":{"line":86,"column":null}},"line":82},"8":{"name":"(anonymous_8)","decl":{"start":{"line":89,"column":2},"end":{"line":89,"column":27}},"loc":{"start":{"line":89,"column":27},"end":{"line":91,"column":null}},"line":89}},"branchMap":{"0":{"loc":{"start":{"line":28,"column":4},"end":{"line":36,"column":null}},"type":"if","locations":[{"start":{"line":28,"column":4},"end":{"line":36,"column":null}},{"start":{"line":30,"column":11},"end":{"line":36,"column":null}}],"line":28},"1":{"loc":{"start":{"line":49,"column":4},"end":{"line":49,"column":null}},"type":"if","locations":[{"start":{"line":49,"column":4},"end":{"line":49,"column":null}},{"start":{},"end":{}}],"line":49},"2":{"loc":{"start":{"line":62,"column":4},"end":{"line":62,"column":null}},"type":"if","locations":[{"start":{"line":62,"column":4},"end":{"line":62,"column":null}},{"start":{},"end":{}}],"line":62},"3":{"loc":{"start":{"line":76,"column":4},"end":{"line":76,"column":null}},"type":"if","locations":[{"start":{"line":76,"column":4},"end":{"line":76,"column":null}},{"start":{},"end":{}}],"line":76},"4":{"loc":{"start":{"line":84,"column":4},"end":{"line":84,"column":null}},"type":"if","locations":[{"start":{"line":84,"column":4},"end":{"line":84,"column":null}},{"start":{},"end":{}}],"line":84}},"s":{"0":2,"1":14,"2":14,"3":4,"4":10,"5":2,"6":2,"7":89,"8":89,"9":1,"10":88,"11":57,"12":8,"13":1,"14":7,"15":7,"16":7,"17":7,"18":22,"19":22,"20":16,"21":6,"22":6,"23":2,"24":2,"25":1,"26":1,"27":7},"f":{"0":14,"1":2,"2":2,"3":89,"4":57,"5":8,"6":22,"7":2,"8":7},"b":{"0":[4,10],"1":[1,88],"2":[1,7],"3":[16,6],"4":[1,1]},"meta":{"lastBranch":5,"lastFunction":9,"lastStatement":28,"seen":{"s:22:27:22:Infinity":0,"s:25:21:25:Infinity":1,"f:27:2:27:14":0,"b:28:4:36:Infinity:30:11:36:Infinity":0,"s:28:4:36:Infinity":2,"s:29:6:29:Infinity":3,"s:31:6:35:Infinity":4,"f:39:2:39:6":1,"s:40:4:40:Infinity":5,"f:43:2:43:20":2,"s:44:4:44:Infinity":6,"f:47:2:47:6":3,"s:48:14:48:Infinity":7,"b:49:4:49:Infinity:undefined:undefined:undefined:undefined":1,"s:49:4:49:Infinity":8,"s:49:12:49:Infinity":9,"s:50:4:50:Infinity":10,"f:53:2:53:9":4,"s:54:4:54:Infinity":11,"f:61:2:61:15":5,"b:62:4:62:Infinity:undefined:undefined:undefined:undefined":2,"s:62:4:62:Infinity":12,"s:62:33:62:Infinity":13,"s:63:4:63:Infinity":14,"s:64:31:68:Infinity":15,"s:69:4:69:Infinity":16,"s:70:4:70:Infinity":17,"f:74:2:74:9":6,"s:75:14:75:Infinity":18,"b:76:4:76:Infinity:undefined:undefined:undefined:undefined":3,"s:76:4:76:Infinity":19,"s:76:32:76:Infinity":20,"s:77:22:77:Infinity":21,"s:78:4:78:Infinity":22,"f:82:2:82:13":7,"s:83:14:83:Infinity":23,"b:84:4:84:Infinity:undefined:undefined:undefined:undefined":4,"s:84:4:84:Infinity":24,"s:84:32:84:Infinity":25,"s:85:4:85:Infinity":26,"f:89:2:89:27":8,"s:90:4:90:Infinity":27}}}
,"/home/user/ProtoPulse/packages/graph/src/diff.ts": {"path":"/home/user/ProtoPulse/packages/graph/src/diff.ts","statementMap":{"0":{"start":{"line":44,"column":2},"end":{"line":59,"column":null}},"1":{"start":{"line":65,"column":2},"end":{"line":65,"column":null}},"2":{"start":{"line":69,"column":27},"end":{"line":69,"column":null}},"3":{"start":{"line":70,"column":2},"end":{"line":70,"column":null}},"4":{"start":{"line":70,"column":23},"end":{"line":70,"column":null}},"5":{"start":{"line":71,"column":2},"end":{"line":71,"column":null}},"6":{"start":{"line":71,"column":47},"end":{"line":71,"column":null}},"7":{"start":{"line":72,"column":2},"end":{"line":72,"column":null}},"8":{"start":{"line":72,"column":23},"end":{"line":72,"column":null}},"9":{"start":{"line":73,"column":2},"end":{"line":73,"column":null}},"10":{"start":{"line":73,"column":29},"end":{"line":73,"column":null}},"11":{"start":{"line":74,"column":2},"end":{"line":74,"column":null}},"12":{"start":{"line":74,"column":31},"end":{"line":74,"column":null}},"13":{"start":{"line":75,"column":2},"end":{"line":77,"column":null}},"14":{"start":{"line":76,"column":4},"end":{"line":76,"column":null}},"15":{"start":{"line":78,"column":2},"end":{"line":78,"column":null}},"16":{"start":{"line":82,"column":28},"end":{"line":87,"column":null}},"17":{"start":{"line":90,"column":2},"end":{"line":98,"column":null}},"18":{"start":{"line":91,"column":18},"end":{"line":91,"column":null}},"19":{"start":{"line":92,"column":4},"end":{"line":95,"column":null}},"20":{"start":{"line":93,"column":6},"end":{"line":93,"column":null}},"21":{"start":{"line":94,"column":6},"end":{"line":94,"column":null}},"22":{"start":{"line":96,"column":19},"end":{"line":96,"column":null}},"23":{"start":{"line":97,"column":4},"end":{"line":97,"column":null}},"24":{"start":{"line":97,"column":27},"end":{"line":97,"column":null}},"25":{"start":{"line":99,"column":2},"end":{"line":101,"column":null}},"26":{"start":{"line":100,"column":4},"end":{"line":100,"column":null}},"27":{"start":{"line":100,"column":31},"end":{"line":100,"column":null}},"28":{"start":{"line":104,"column":28},"end":{"line":104,"column":null}},"29":{"start":{"line":105,"column":28},"end":{"line":105,"column":null}},"30":{"start":{"line":106,"column":2},"end":{"line":113,"column":null}},"31":{"start":{"line":107,"column":17},"end":{"line":107,"column":null}},"32":{"start":{"line":108,"column":4},"end":{"line":111,"column":null}},"33":{"start":{"line":109,"column":6},"end":{"line":109,"column":null}},"34":{"start":{"line":110,"column":6},"end":{"line":110,"column":null}},"35":{"start":{"line":112,"column":4},"end":{"line":112,"column":null}},"36":{"start":{"line":114,"column":2},"end":{"line":116,"column":null}},"37":{"start":{"line":115,"column":4},"end":{"line":115,"column":null}},"38":{"start":{"line":115,"column":25},"end":{"line":115,"column":null}},"39":{"start":{"line":120,"column":24},"end":{"line":120,"column":null}},"40":{"start":{"line":121,"column":2},"end":{"line":121,"column":null}},"41":{"start":{"line":121,"column":33},"end":{"line":121,"column":null}},"42":{"start":{"line":122,"column":20},"end":{"line":122,"column":null}},"43":{"start":{"line":123,"column":2},"end":{"line":132,"column":null}},"44":{"start":{"line":124,"column":18},"end":{"line":124,"column":null}},"45":{"start":{"line":125,"column":4},"end":{"line":131,"column":null}},"46":{"start":{"line":126,"column":6},"end":{"line":126,"column":null}},"47":{"start":{"line":127,"column":6},"end":{"line":127,"column":null}},"48":{"start":{"line":128,"column":6},"end":{"line":128,"column":null}},"49":{"start":{"line":130,"column":6},"end":{"line":130,"column":null}},"50":{"start":{"line":133,"column":2},"end":{"line":135,"column":null}},"51":{"start":{"line":134,"column":4},"end":{"line":134,"column":null}},"52":{"start":{"line":134,"column":33},"end":{"line":134,"column":null}},"53":{"start":{"line":138,"column":2},"end":{"line":142,"column":null}},"54":{"start":{"line":139,"column":15},"end":{"line":139,"column":null}},"55":{"start":{"line":140,"column":4},"end":{"line":141,"column":null}},"56":{"start":{"line":140,"column":13},"end":{"line":140,"column":null}},"57":{"start":{"line":140,"column":44},"end":{"line":141,"column":null}},"58":{"start":{"line":141,"column":66},"end":{"line":141,"column":null}},"59":{"start":{"line":143,"column":2},"end":{"line":145,"column":null}},"60":{"start":{"line":144,"column":4},"end":{"line":144,"column":null}},"61":{"start":{"line":144,"column":32},"end":{"line":144,"column":null}},"62":{"start":{"line":148,"column":2},"end":{"line":160,"column":null}},"63":{"start":{"line":149,"column":15},"end":{"line":149,"column":null}},"64":{"start":{"line":150,"column":4},"end":{"line":159,"column":null}},"65":{"start":{"line":151,"column":6},"end":{"line":151,"column":null}},"66":{"start":{"line":152,"column":4},"end":{"line":159,"column":null}},"67":{"start":{"line":158,"column":6},"end":{"line":158,"column":null}},"68":{"start":{"line":161,"column":2},"end":{"line":163,"column":null}},"69":{"start":{"line":162,"column":4},"end":{"line":162,"column":null}},"70":{"start":{"line":162,"column":41},"end":{"line":162,"column":null}},"71":{"start":{"line":164,"column":19},"end":{"line":164,"column":null}},"72":{"start":{"line":165,"column":2},"end":{"line":169,"column":null}},"73":{"start":{"line":166,"column":15},"end":{"line":166,"column":null}},"74":{"start":{"line":167,"column":15},"end":{"line":167,"column":null}},"75":{"start":{"line":168,"column":4},"end":{"line":168,"column":null}},"76":{"start":{"line":168,"column":51},"end":{"line":168,"column":null}},"77":{"start":{"line":171,"column":2},"end":{"line":171,"column":null}},"78":{"start":{"line":175,"column":2},"end":{"line":175,"column":null}},"79":{"start":{"line":175,"column":31},"end":{"line":175,"column":null}},"80":{"start":{"line":176,"column":17},"end":{"line":176,"column":null}},"81":{"start":{"line":177,"column":17},"end":{"line":177,"column":null}},"82":{"start":{"line":178,"column":21},"end":{"line":178,"column":null}},"83":{"start":{"line":178,"column":46},"end":{"line":178,"column":60}},"84":{"start":{"line":179,"column":23},"end":{"line":179,"column":null}},"85":{"start":{"line":179,"column":48},"end":{"line":179,"column":62}},"86":{"start":{"line":180,"column":2},"end":{"line":182,"column":null}},"87":{"start":{"line":181,"column":4},"end":{"line":181,"column":null}}},"fnMap":{"0":{"name":"isEmptyDelta","decl":{"start":{"line":43,"column":16},"end":{"line":43,"column":29}},"loc":{"start":{"line":43,"column":53},"end":{"line":61,"column":null}},"line":43},"1":{"name":"netFingerprint","decl":{"start":{"line":64,"column":16},"end":{"line":64,"column":31}},"loc":{"start":{"line":64,"column":49},"end":{"line":66,"column":null}},"line":64},"2":{"name":"componentDeltas","decl":{"start":{"line":68,"column":9},"end":{"line":68,"column":25}},"loc":{"start":{"line":68,"column":66},"end":{"line":79,"column":null}},"line":68},"3":{"name":"diff","decl":{"start":{"line":81,"column":16},"end":{"line":81,"column":21}},"loc":{"start":{"line":81,"column":65},"end":{"line":172,"column":null}},"line":81},"4":{"name":"compareNetPair","decl":{"start":{"line":174,"column":9},"end":{"line":174,"column":24}},"loc":{"start":{"line":174,"column":81},"end":{"line":183,"column":null}},"line":174},"5":{"name":"(anonymous_5)","decl":{"start":{"line":178,"column":39},"end":{"line":178,"column":40}},"loc":{"start":{"line":178,"column":46},"end":{"line":178,"column":60}},"line":178},"6":{"name":"(anonymous_6)","decl":{"start":{"line":179,"column":41},"end":{"line":179,"column":42}},"loc":{"start":{"line":179,"column":48},"end":{"line":179,"column":62}},"line":179}},"branchMap":{"0":{"loc":{"start":{"line":45,"column":4},"end":{"line":59,"column":null}},"type":"binary-expr","locations":[{"start":{"line":45,"column":4},"end":{"line":45,"column":null}},{"start":{"line":46,"column":4},"end":{"line":46,"column":null}},{"start":{"line":47,"column":4},"end":{"line":47,"column":null}},{"start":{"line":48,"column":4},"end":{"line":48,"column":null}},{"start":{"line":49,"column":4},"end":{"line":49,"column":null}},{"start":{"line":50,"column":4},"end":{"line":50,"column":null}},{"start":{"line":51,"column":4},"end":{"line":51,"column":null}},{"start":{"line":52,"column":4},"end":{"line":52,"column":null}},{"start":{"line":53,"column":4},"end":{"line":53,"column":null}},{"start":{"line":54,"column":4},"end":{"line":54,"column":null}},{"start":{"line":55,"column":4},"end":{"line":55,"column":null}},{"start":{"line":56,"column":4},"end":{"line":56,"column":null}},{"start":{"line":57,"column":4},"end":{"line":57,"column":null}},{"start":{"line":58,"column":4},"end":{"line":58,"column":null}},{"start":{"line":59,"column":4},"end":{"line":59,"column":null}}],"line":45},"1":{"loc":{"start":{"line":70,"column":2},"end":{"line":70,"column":null}},"type":"if","locations":[{"start":{"line":70,"column":2},"end":{"line":70,"column":null}},{"start":{},"end":{}}],"line":70},"2":{"loc":{"start":{"line":71,"column":2},"end":{"line":71,"column":null}},"type":"if","locations":[{"start":{"line":71,"column":2},"end":{"line":71,"column":null}},{"start":{},"end":{}}],"line":71},"3":{"loc":{"start":{"line":71,"column":7},"end":{"line":71,"column":29}},"type":"binary-expr","locations":[{"start":{"line":71,"column":7},"end":{"line":71,"column":18}},{"start":{"line":71,"column":18},"end":{"line":71,"column":29}}],"line":71},"4":{"loc":{"start":{"line":71,"column":29},"end":{"line":71,"column":47}},"type":"binary-expr","locations":[{"start":{"line":71,"column":29},"end":{"line":71,"column":40}},{"start":{"line":71,"column":40},"end":{"line":71,"column":47}}],"line":71},"5":{"loc":{"start":{"line":72,"column":2},"end":{"line":72,"column":null}},"type":"if","locations":[{"start":{"line":72,"column":2},"end":{"line":72,"column":null}},{"start":{},"end":{}}],"line":72},"6":{"loc":{"start":{"line":73,"column":2},"end":{"line":73,"column":null}},"type":"if","locations":[{"start":{"line":73,"column":2},"end":{"line":73,"column":null}},{"start":{},"end":{}}],"line":73},"7":{"loc":{"start":{"line":74,"column":2},"end":{"line":74,"column":null}},"type":"if","locations":[{"start":{"line":74,"column":2},"end":{"line":74,"column":null}},{"start":{},"end":{}}],"line":74},"8":{"loc":{"start":{"line":75,"column":2},"end":{"line":77,"column":null}},"type":"if","locations":[{"start":{"line":75,"column":2},"end":{"line":77,"column":null}},{"start":{},"end":{}}],"line":75},"9":{"loc":{"start":{"line":92,"column":4},"end":{"line":95,"column":null}},"type":"if","locations":[{"start":{"line":92,"column":4},"end":{"line":95,"column":null}},{"start":{},"end":{}}],"line":92},"10":{"loc":{"start":{"line":97,"column":4},"end":{"line":97,"column":null}},"type":"if","locations":[{"start":{"line":97,"column":4},"end":{"line":97,"column":null}},{"start":{},"end":{}}],"line":97},"11":{"loc":{"start":{"line":100,"column":4},"end":{"line":100,"column":null}},"type":"if","locations":[{"start":{"line":100,"column":4},"end":{"line":100,"column":null}},{"start":{},"end":{}}],"line":100},"12":{"loc":{"start":{"line":108,"column":4},"end":{"line":111,"column":null}},"type":"if","locations":[{"start":{"line":108,"column":4},"end":{"line":111,"column":null}},{"start":{},"end":{}}],"line":108},"13":{"loc":{"start":{"line":115,"column":4},"end":{"line":115,"column":null}},"type":"if","locations":[{"start":{"line":115,"column":4},"end":{"line":115,"column":null}},{"start":{},"end":{}}],"line":115},"14":{"loc":{"start":{"line":125,"column":4},"end":{"line":131,"column":null}},"type":"if","locations":[{"start":{"line":125,"column":4},"end":{"line":131,"column":null}},{"start":{"line":129,"column":11},"end":{"line":131,"column":null}}],"line":125},"15":{"loc":{"start":{"line":125,"column":8},"end":{"line":125,"column":43}},"type":"binary-expr","locations":[{"start":{"line":125,"column":8},"end":{"line":125,"column":17}},{"start":{"line":125,"column":17},"end":{"line":125,"column":43}}],"line":125},"16":{"loc":{"start":{"line":134,"column":4},"end":{"line":134,"column":null}},"type":"if","locations":[{"start":{"line":134,"column":4},"end":{"line":134,"column":null}},{"start":{},"end":{}}],"line":134},"17":{"loc":{"start":{"line":140,"column":4},"end":{"line":141,"column":null}},"type":"if","locations":[{"start":{"line":140,"column":4},"end":{"line":141,"column":null}},{"start":{"line":140,"column":44},"end":{"line":141,"column":null}}],"line":140},"18":{"loc":{"start":{"line":140,"column":44},"end":{"line":141,"column":null}},"type":"if","locations":[{"start":{"line":140,"column":44},"end":{"line":141,"column":null}},{"start":{},"end":{}}],"line":140},"19":{"loc":{"start":{"line":144,"column":4},"end":{"line":144,"column":null}},"type":"if","locations":[{"start":{"line":144,"column":4},"end":{"line":144,"column":null}},{"start":{},"end":{}}],"line":144},"20":{"loc":{"start":{"line":150,"column":4},"end":{"line":159,"column":null}},"type":"if","locations":[{"start":{"line":150,"column":4},"end":{"line":159,"column":null}},{"start":{"line":152,"column":4},"end":{"line":159,"column":null}}],"line":150},"21":{"loc":{"start":{"line":152,"column":4},"end":{"line":159,"column":null}},"type":"if","locations":[{"start":{"line":152,"column":4},"end":{"line":159,"column":null}},{"start":{},"end":{}}],"line":152},"22":{"loc":{"start":{"line":153,"column":6},"end":{"line":156,"column":null}},"type":"binary-expr","locations":[{"start":{"line":153,"column":6},"end":{"line":153,"column":null}},{"start":{"line":154,"column":6},"end":{"line":154,"column":null}},{"start":{"line":155,"column":6},"end":{"line":155,"column":null}},{"start":{"line":156,"column":6},"end":{"line":156,"column":null}}],"line":153},"23":{"loc":{"start":{"line":162,"column":4},"end":{"line":162,"column":null}},"type":"if","locations":[{"start":{"line":162,"column":4},"end":{"line":162,"column":null}},{"start":{},"end":{}}],"line":162},"24":{"loc":{"start":{"line":166,"column":15},"end":{"line":166,"column":null}},"type":"binary-expr","locations":[{"start":{"line":166,"column":15},"end":{"line":166,"column":47}},{"start":{"line":166,"column":47},"end":{"line":166,"column":null}}],"line":166},"25":{"loc":{"start":{"line":167,"column":15},"end":{"line":167,"column":null}},"type":"binary-expr","locations":[{"start":{"line":167,"column":15},"end":{"line":167,"column":47}},{"start":{"line":167,"column":47},"end":{"line":167,"column":null}}],"line":167},"26":{"loc":{"start":{"line":168,"column":4},"end":{"line":168,"column":null}},"type":"if","locations":[{"start":{"line":168,"column":4},"end":{"line":168,"column":null}},{"start":{},"end":{}}],"line":168},"27":{"loc":{"start":{"line":175,"column":2},"end":{"line":175,"column":null}},"type":"if","locations":[{"start":{"line":175,"column":2},"end":{"line":175,"column":null}},{"start":{},"end":{}}],"line":175},"28":{"loc":{"start":{"line":180,"column":2},"end":{"line":182,"column":null}},"type":"if","locations":[{"start":{"line":180,"column":2},"end":{"line":182,"column":null}},{"start":{},"end":{}}],"line":180},"29":{"loc":{"start":{"line":180,"column":6},"end":{"line":180,"column":56}},"type":"binary-expr","locations":[{"start":{"line":180,"column":6},"end":{"line":180,"column":31}},{"start":{"line":180,"column":31},"end":{"line":180,"column":56}}],"line":180}},"s":{"0":3,"1":8,"2":134,"3":134,"4":1,"5":134,"6":8,"7":134,"8":2,"9":134,"10":1,"11":134,"12":1,"13":134,"14":1,"15":134,"16":47,"17":47,"18":138,"19":138,"20":4,"21":4,"22":134,"23":134,"24":10,"25":47,"26":139,"27":5,"28":47,"29":47,"30":47,"31":138,"32":138,"33":4,"34":4,"35":134,"36":47,"37":137,"38":3,"39":47,"40":47,"41":3,"42":47,"43":47,"44":4,"45":4,"46":2,"47":2,"48":2,"49":2,"50":47,"51":3,"52":1,"53":47,"54":7,"55":7,"56":2,"57":5,"58":2,"59":47,"60":8,"61":3,"62":47,"63":132,"64":132,"65":2,"66":130,"67":5,"68":47,"69":134,"70":4,"71":47,"72":47,"73":5,"74":5,"75":5,"76":4,"77":47,"78":136,"79":6,"80":136,"81":136,"82":136,"83":267,"84":136,"85":271,"86":136,"87":14},"f":{"0":3,"1":8,"2":134,"3":47,"4":136,"5":267,"6":271},"b":{"0":[3,2,2,2,2,2,2,2,2,2,2,2,2,2,2],"1":[1,133],"2":[8,126],"3":[134,89],"4":[134,87],"5":[2,132],"6":[1,133],"7":[1,133],"8":[1,133],"9":[4,134],"10":[10,124],"11":[5,134],"12":[4,134],"13":[3,134],"14":[2,2],"15":[4,2],"16":[1,2],"17":[2,5],"18":[2,3],"19":[3,5],"20":[2,130],"21":[5,125],"22":[130,127,125,125],"23":[4,130],"24":[5,2],"25":[5,2],"26":[4,1],"27":[6,130],"28":[14,122],"29":[136,131]},"meta":{"lastBranch":30,"lastFunction":7,"lastStatement":88,"seen":{"f:43:16:43:29":0,"s:44:2:59:Infinity":0,"b:45:4:45:Infinity:46:4:46:Infinity:47:4:47:Infinity:48:4:48:Infinity:49:4:49:Infinity:50:4:50:Infinity:51:4:51:Infinity:52:4:52:Infinity:53:4:53:Infinity:54:4:54:Infinity:55:4:55:Infinity:56:4:56:Infinity:57:4:57:Infinity:58:4:58:Infinity:59:4:59:Infinity":0,"f:64:16:64:31":1,"s:65:2:65:Infinity":1,"f:68:9:68:25":2,"s:69:27:69:Infinity":2,"b:70:2:70:Infinity:undefined:undefined:undefined:undefined":1,"s:70:2:70:Infinity":3,"s:70:23:70:Infinity":4,"b:71:2:71:Infinity:undefined:undefined:undefined:undefined":2,"s:71:2:71:Infinity":5,"b:71:7:71:18:71:18:71:29":3,"b:71:29:71:40:71:40:71:47":4,"s:71:47:71:Infinity":6,"b:72:2:72:Infinity:undefined:undefined:undefined:undefined":5,"s:72:2:72:Infinity":7,"s:72:23:72:Infinity":8,"b:73:2:73:Infinity:undefined:undefined:undefined:undefined":6,"s:73:2:73:Infinity":9,"s:73:29:73:Infinity":10,"b:74:2:74:Infinity:undefined:undefined:undefined:undefined":7,"s:74:2:74:Infinity":11,"s:74:31:74:Infinity":12,"b:75:2:77:Infinity:undefined:undefined:undefined:undefined":8,"s:75:2:77:Infinity":13,"s:76:4:76:Infinity":14,"s:78:2:78:Infinity":15,"f:81:16:81:21":3,"s:82:28:87:Infinity":16,"s:90:2:98:Infinity":17,"s:91:18:91:Infinity":18,"b:92:4:95:Infinity:undefined:undefined:undefined:undefined":9,"s:92:4:95:Infinity":19,"s:93:6:93:Infinity":20,"s:94:6:94:Infinity":21,"s:96:19:96:Infinity":22,"b:97:4:97:Infinity:undefined:undefined:undefined:undefined":10,"s:97:4:97:Infinity":23,"s:97:27:97:Infinity":24,"s:99:2:101:Infinity":25,"b:100:4:100:Infinity:undefined:undefined:undefined:undefined":11,"s:100:4:100:Infinity":26,"s:100:31:100:Infinity":27,"s:104:28:104:Infinity":28,"s:105:28:105:Infinity":29,"s:106:2:113:Infinity":30,"s:107:17:107:Infinity":31,"b:108:4:111:Infinity:undefined:undefined:undefined:undefined":12,"s:108:4:111:Infinity":32,"s:109:6:109:Infinity":33,"s:110:6:110:Infinity":34,"s:112:4:112:Infinity":35,"s:114:2:116:Infinity":36,"b:115:4:115:Infinity:undefined:undefined:undefined:undefined":13,"s:115:4:115:Infinity":37,"s:115:25:115:Infinity":38,"s:120:24:120:Infinity":39,"s:121:2:121:Infinity":40,"s:121:33:121:Infinity":41,"s:122:20:122:Infinity":42,"s:123:2:132:Infinity":43,"s:124:18:124:Infinity":44,"b:125:4:131:Infinity:129:11:131:Infinity":14,"s:125:4:131:Infinity":45,"b:125:8:125:17:125:17:125:43":15,"s:126:6:126:Infinity":46,"s:127:6:127:Infinity":47,"s:128:6:128:Infinity":48,"s:130:6:130:Infinity":49,"s:133:2:135:Infinity":50,"b:134:4:134:Infinity:undefined:undefined:undefined:undefined":16,"s:134:4:134:Infinity":51,"s:134:33:134:Infinity":52,"s:138:2:142:Infinity":53,"s:139:15:139:Infinity":54,"b:140:4:141:Infinity:140:44:141:Infinity":17,"s:140:4:141:Infinity":55,"s:140:13:140:Infinity":56,"b:140:44:141:Infinity:undefined:undefined:undefined:undefined":18,"s:140:44:141:Infinity":57,"s:141:66:141:Infinity":58,"s:143:2:145:Infinity":59,"b:144:4:144:Infinity:undefined:undefined:undefined:undefined":19,"s:144:4:144:Infinity":60,"s:144:32:144:Infinity":61,"s:148:2:160:Infinity":62,"s:149:15:149:Infinity":63,"b:150:4:159:Infinity:152:4:159:Infinity":20,"s:150:4:159:Infinity":64,"s:151:6:151:Infinity":65,"b:152:4:159:Infinity:undefined:undefined:undefined:undefined":21,"s:152:4:159:Infinity":66,"b:153:6:153:Infinity:154:6:154:Infinity:155:6:155:Infinity:156:6:156:Infinity":22,"s:158:6:158:Infinity":67,"s:161:2:163:Infinity":68,"b:162:4:162:Infinity:undefined:undefined:undefined:undefined":23,"s:162:4:162:Infinity":69,"s:162:41:162:Infinity":70,"s:164:19:164:Infinity":71,"s:165:2:169:Infinity":72,"s:166:15:166:Infinity":73,"b:166:15:166:47:166:47:166:Infinity":24,"s:167:15:167:Infinity":74,"b:167:15:167:47:167:47:167:Infinity":25,"b:168:4:168:Infinity:undefined:undefined:undefined:undefined":26,"s:168:4:168:Infinity":75,"s:168:51:168:Infinity":76,"s:171:2:171:Infinity":77,"f:174:9:174:24":4,"b:175:2:175:Infinity:undefined:undefined:undefined:undefined":27,"s:175:2:175:Infinity":78,"s:175:31:175:Infinity":79,"s:176:17:176:Infinity":80,"s:177:17:177:Infinity":81,"s:178:21:178:Infinity":82,"f:178:39:178:40":5,"s:178:46:178:60":83,"s:179:23:179:Infinity":84,"f:179:41:179:42":6,"s:179:48:179:62":85,"b:180:2:182:Infinity:undefined:undefined:undefined:undefined":28,"s:180:2:182:Infinity":86,"b:180:6:180:31:180:31:180:56":29,"s:181:4:181:Infinity":87}}}
,"/home/user/ProtoPulse/packages/graph/src/ids.ts": {"path":"/home/user/ProtoPulse/packages/graph/src/ids.ts","statementMap":{"0":{"start":{"line":13,"column":35},"end":{"line":15,"column":null}},"1":{"start":{"line":14,"column":8},"end":{"line":14,"column":null}},"2":{"start":{"line":22,"column":10},"end":{"line":22,"column":null}},"3":{"start":{"line":23,"column":2},"end":{"line":30,"column":null}},"4":{"start":{"line":25,"column":6},"end":{"line":25,"column":null}},"5":{"start":{"line":26,"column":17},"end":{"line":26,"column":null}},"6":{"start":{"line":27,"column":17},"end":{"line":27,"column":null}},"7":{"start":{"line":28,"column":6},"end":{"line":28,"column":null}},"8":{"start":{"line":34,"column":2},"end":{"line":34,"column":null}}},"fnMap":{"0":{"name":"(anonymous_0)","decl":{"start":{"line":14,"column":8},"end":{"line":14,"column":14}},"loc":{"start":{"line":14,"column":8},"end":{"line":14,"column":null}},"line":14},"1":{"name":"sequentialIds","decl":{"start":{"line":21,"column":16},"end":{"line":21,"column":30}},"loc":{"start":{"line":21,"column":52},"end":{"line":31,"column":null}},"line":21},"2":{"name":"(anonymous_2)","decl":{"start":{"line":24,"column":10},"end":{"line":24,"column":16}},"loc":{"start":{"line":24,"column":16},"end":{"line":29,"column":null}},"line":24},"3":{"name":"newUuid","decl":{"start":{"line":33,"column":16},"end":{"line":33,"column":32}},"loc":{"start":{"line":33,"column":32},"end":{"line":35,"column":null}},"line":33}},"branchMap":{"0":{"loc":{"start":{"line":21,"column":30},"end":{"line":21,"column":52}},"type":"default-arg","locations":[{"start":{"line":21,"column":39},"end":{"line":21,"column":52}}],"line":21}},"s":{"0":1,"1":2,"2":3,"3":3,"4":4,"5":4,"6":4,"7":4,"8":1},"f":{"0":2,"1":3,"2":4,"3":1},"b":{"0":[3]},"meta":{"lastBranch":1,"lastFunction":4,"lastStatement":9,"seen":{"s:13:35:15:Infinity":0,"f:14:8:14:14":0,"s:14:8:14:Infinity":1,"f:21:16:21:30":1,"b:21:39:21:52":0,"s:22:10:22:Infinity":2,"s:23:2:30:Infinity":3,"f:24:10:24:16":2,"s:25:6:25:Infinity":4,"s:26:17:26:Infinity":5,"s:27:17:27:Infinity":6,"s:28:6:28:Infinity":7,"f:33:16:33:32":3,"s:34:2:34:Infinity":8}}}
,"/home/user/ProtoPulse/packages/graph/src/invariants.ts": {"path":"/home/user/ProtoPulse/packages/graph/src/invariants.ts","statementMap":{"0":{"start":{"line":28,"column":36},"end":{"line":28,"column":null}},"1":{"start":{"line":32,"column":20},"end":{"line":32,"column":null}},"2":{"start":{"line":33,"column":2},"end":{"line":63,"column":null}},"3":{"start":{"line":34,"column":4},"end":{"line":62,"column":null}},"4":{"start":{"line":35,"column":34},"end":{"line":35,"column":null}},"5":{"start":{"line":36,"column":19},"end":{"line":36,"column":null}},"6":{"start":{"line":37,"column":6},"end":{"line":44,"column":null}},"7":{"start":{"line":38,"column":8},"end":{"line":42,"column":null}},"8":{"start":{"line":43,"column":8},"end":{"line":43,"column":null}},"9":{"start":{"line":45,"column":6},"end":{"line":51,"column":null}},"10":{"start":{"line":46,"column":8},"end":{"line":50,"column":null}},"11":{"start":{"line":52,"column":20},"end":{"line":52,"column":null}},"12":{"start":{"line":53,"column":6},"end":{"line":61,"column":null}},"13":{"start":{"line":54,"column":8},"end":{"line":58,"column":null}},"14":{"start":{"line":60,"column":8},"end":{"line":60,"column":null}},"15":{"start":{"line":66,"column":15},"end":{"line":66,"column":null}},"16":{"start":{"line":67,"column":2},"end":{"line":78,"column":null}},"17":{"start":{"line":68,"column":18},"end":{"line":68,"column":null}},"18":{"start":{"line":69,"column":4},"end":{"line":77,"column":null}},"19":{"start":{"line":70,"column":6},"end":{"line":74,"column":null}},"20":{"start":{"line":76,"column":6},"end":{"line":76,"column":null}},"21":{"start":{"line":81,"column":2},"end":{"line":89,"column":null}},"22":{"start":{"line":82,"column":4},"end":{"line":88,"column":null}},"23":{"start":{"line":83,"column":6},"end":{"line":87,"column":null}},"24":{"start":{"line":92,"column":2},"end":{"line":100,"column":null}},"25":{"start":{"line":93,"column":4},"end":{"line":99,"column":null}},"26":{"start":{"line":94,"column":6},"end":{"line":98,"column":null}},"27":{"start":{"line":103,"column":2},"end":{"line":111,"column":null}},"28":{"start":{"line":104,"column":4},"end":{"line":110,"column":null}},"29":{"start":{"line":105,"column":6},"end":{"line":109,"column":null}},"30":{"start":{"line":112,"column":2},"end":{"line":128,"column":null}},"31":{"start":{"line":113,"column":4},"end":{"line":127,"column":null}},"32":{"start":{"line":114,"column":6},"end":{"line":126,"column":null}},"33":{"start":{"line":120,"column":8},"end":{"line":124,"column":null}},"34":{"start":{"line":125,"column":8},"end":{"line":125,"column":null}},"35":{"start":{"line":130,"column":2},"end":{"line":130,"column":null}}},"fnMap":{"0":{"name":"validateGraph","decl":{"start":{"line":27,"column":16},"end":{"line":27,"column":30}},"loc":{"start":{"line":27,"column":98},"end":{"line":131,"column":null}},"line":27}},"branchMap":{"0":{"loc":{"start":{"line":27,"column":50},"end":{"line":27,"column":98}},"type":"default-arg","locations":[{"start":{"line":27,"column":72},"end":{"line":27,"column":98}}],"line":27},"1":{"loc":{"start":{"line":37,"column":6},"end":{"line":44,"column":null}},"type":"if","locations":[{"start":{"line":37,"column":6},"end":{"line":44,"column":null}},{"start":{},"end":{}}],"line":37},"2":{"loc":{"start":{"line":45,"column":6},"end":{"line":51,"column":null}},"type":"if","locations":[{"start":{"line":45,"column":6},"end":{"line":51,"column":null}},{"start":{},"end":{}}],"line":45},"3":{"loc":{"start":{"line":45,"column":10},"end":{"line":45,"column":80}},"type":"binary-expr","locations":[{"start":{"line":45,"column":10},"end":{"line":45,"column":28}},{"start":{"line":45,"column":28},"end":{"line":45,"column":80}}],"line":45},"4":{"loc":{"start":{"line":53,"column":6},"end":{"line":61,"column":null}},"type":"if","locations":[{"start":{"line":53,"column":6},"end":{"line":61,"column":null}},{"start":{"line":59,"column":13},"end":{"line":61,"column":null}}],"line":53},"5":{"loc":{"start":{"line":69,"column":4},"end":{"line":77,"column":null}},"type":"if","locations":[{"start":{"line":69,"column":4},"end":{"line":77,"column":null}},{"start":{"line":75,"column":11},"end":{"line":77,"column":null}}],"line":69},"6":{"loc":{"start":{"line":82,"column":4},"end":{"line":88,"column":null}},"type":"if","locations":[{"start":{"line":82,"column":4},"end":{"line":88,"column":null}},{"start":{},"end":{}}],"line":82},"7":{"loc":{"start":{"line":93,"column":4},"end":{"line":99,"column":null}},"type":"if","locations":[{"start":{"line":93,"column":4},"end":{"line":99,"column":null}},{"start":{},"end":{}}],"line":93},"8":{"loc":{"start":{"line":104,"column":4},"end":{"line":110,"column":null}},"type":"if","locations":[{"start":{"line":104,"column":4},"end":{"line":110,"column":null}},{"start":{},"end":{}}],"line":104},"9":{"loc":{"start":{"line":104,"column":8},"end":{"line":104,"column":80}},"type":"binary-expr","locations":[{"start":{"line":104,"column":8},"end":{"line":104,"column":45}},{"start":{"line":104,"column":45},"end":{"line":104,"column":80}}],"line":104},"10":{"loc":{"start":{"line":114,"column":6},"end":{"line":126,"column":null}},"type":"if","locations":[{"start":{"line":114,"column":6},"end":{"line":126,"column":null}},{"start":{},"end":{}}],"line":114},"11":{"loc":{"start":{"line":115,"column":8},"end":{"line":118,"column":null}},"type":"binary-expr","locations":[{"start":{"line":115,"column":8},"end":{"line":115,"column":null}},{"start":{"line":116,"column":8},"end":{"line":116,"column":null}},{"start":{"line":117,"column":8},"end":{"line":117,"column":null}},{"start":{"line":118,"column":8},"end":{"line":118,"column":null}}],"line":115}},"s":{"0":186,"1":186,"2":186,"3":375,"4":708,"5":708,"6":708,"7":1,"8":1,"9":707,"10":2,"11":707,"12":707,"13":1,"14":706,"15":186,"16":186,"17":408,"18":408,"19":1,"20":407,"21":186,"22":18,"23":1,"24":186,"25":323,"26":1,"27":186,"28":323,"29":1,"30":186,"31":18,"32":18,"33":1,"34":1,"35":186},"f":{"0":186},"b":{"0":[186],"1":[1,707],"2":[2,705],"3":[707,4],"4":[1,706],"5":[1,407],"6":[1,17],"7":[1,322],"8":[1,322],"9":[323,322],"10":[1,17],"11":[18,18,17,17]},"meta":{"lastBranch":12,"lastFunction":1,"lastStatement":36,"seen":{"f:27:16:27:30":0,"b:27:72:27:98":0,"s:28:36:28:Infinity":0,"s:32:20:32:Infinity":1,"s:33:2:63:Infinity":2,"s:34:4:62:Infinity":3,"s:35:34:35:Infinity":4,"s:36:19:36:Infinity":5,"b:37:6:44:Infinity:undefined:undefined:undefined:undefined":1,"s:37:6:44:Infinity":6,"s:38:8:42:Infinity":7,"s:43:8:43:Infinity":8,"b:45:6:51:Infinity:undefined:undefined:undefined:undefined":2,"s:45:6:51:Infinity":9,"b:45:10:45:28:45:28:45:80":3,"s:46:8:50:Infinity":10,"s:52:20:52:Infinity":11,"b:53:6:61:Infinity:59:13:61:Infinity":4,"s:53:6:61:Infinity":12,"s:54:8:58:Infinity":13,"s:60:8:60:Infinity":14,"s:66:15:66:Infinity":15,"s:67:2:78:Infinity":16,"s:68:18:68:Infinity":17,"b:69:4:77:Infinity:75:11:77:Infinity":5,"s:69:4:77:Infinity":18,"s:70:6:74:Infinity":19,"s:76:6:76:Infinity":20,"s:81:2:89:Infinity":21,"b:82:4:88:Infinity:undefined:undefined:undefined:undefined":6,"s:82:4:88:Infinity":22,"s:83:6:87:Infinity":23,"s:92:2:100:Infinity":24,"b:93:4:99:Infinity:undefined:undefined:undefined:undefined":7,"s:93:4:99:Infinity":25,"s:94:6:98:Infinity":26,"s:103:2:111:Infinity":27,"b:104:4:110:Infinity:undefined:undefined:undefined:undefined":8,"s:104:4:110:Infinity":28,"b:104:8:104:45:104:45:104:80":9,"s:105:6:109:Infinity":29,"s:112:2:128:Infinity":30,"s:113:4:127:Infinity":31,"b:114:6:126:Infinity:undefined:undefined:undefined:undefined":10,"s:114:6:126:Infinity":32,"b:115:8:115:Infinity:116:8:116:Infinity:117:8:117:Infinity:118:8:118:Infinity":11,"s:120:8:124:Infinity":33,"s:125:8:125:Infinity":34,"s:130:2:130:Infinity":35}}}
,"/home/user/ProtoPulse/packages/graph/src/inverse.ts": {"path":"/home/user/ProtoPulse/packages/graph/src/inverse.ts","statementMap":{"0":{"start":{"line":15,"column":2},"end":{"line":158,"column":null}},"1":{"start":{"line":17,"column":6},"end":{"line":17,"column":null}},"2":{"start":{"line":20,"column":6},"end":{"line":20,"column":null}},"3":{"start":{"line":23,"column":19},"end":{"line":23,"column":null}},"4":{"start":{"line":24,"column":6},"end":{"line":24,"column":null}},"5":{"start":{"line":24,"column":17},"end":{"line":24,"column":null}},"6":{"start":{"line":26,"column":8},"end":{"line":26,"column":null}},"7":{"start":{"line":27,"column":6},"end":{"line":27,"column":null}},"8":{"start":{"line":27,"column":38},"end":{"line":27,"column":null}},"9":{"start":{"line":28,"column":6},"end":{"line":28,"column":null}},"10":{"start":{"line":28,"column":40},"end":{"line":28,"column":null}},"11":{"start":{"line":29,"column":6},"end":{"line":29,"column":null}},"12":{"start":{"line":29,"column":38},"end":{"line":29,"column":null}},"13":{"start":{"line":30,"column":6},"end":{"line":30,"column":null}},"14":{"start":{"line":30,"column":41},"end":{"line":30,"column":null}},"15":{"start":{"line":31,"column":6},"end":{"line":31,"column":null}},"16":{"start":{"line":35,"column":6},"end":{"line":35,"column":null}},"17":{"start":{"line":38,"column":12},"end":{"line":38,"column":null}},"18":{"start":{"line":39,"column":6},"end":{"line":39,"column":null}},"19":{"start":{"line":39,"column":16},"end":{"line":39,"column":null}},"20":{"start":{"line":40,"column":6},"end":{"line":43,"column":null}},"21":{"start":{"line":42,"column":8},"end":{"line":42,"column":null}},"22":{"start":{"line":44,"column":6},"end":{"line":44,"column":null}},"23":{"start":{"line":48,"column":23},"end":{"line":48,"column":null}},"24":{"start":{"line":49,"column":23},"end":{"line":49,"column":null}},"25":{"start":{"line":50,"column":6},"end":{"line":50,"column":null}},"26":{"start":{"line":50,"column":34},"end":{"line":50,"column":null}},"27":{"start":{"line":51,"column":28},"end":{"line":55,"column":null}},"28":{"start":{"line":56,"column":6},"end":{"line":56,"column":null}},"29":{"start":{"line":57,"column":6},"end":{"line":57,"column":null}},"30":{"start":{"line":58,"column":6},"end":{"line":58,"column":null}},"31":{"start":{"line":62,"column":18},"end":{"line":62,"column":null}},"32":{"start":{"line":63,"column":6},"end":{"line":63,"column":null}},"33":{"start":{"line":63,"column":16},"end":{"line":63,"column":null}},"34":{"start":{"line":64,"column":6},"end":{"line":64,"column":null}},"35":{"start":{"line":68,"column":18},"end":{"line":68,"column":null}},"36":{"start":{"line":69,"column":6},"end":{"line":69,"column":null}},"37":{"start":{"line":69,"column":16},"end":{"line":69,"column":null}},"38":{"start":{"line":70,"column":6},"end":{"line":70,"column":null}},"39":{"start":{"line":74,"column":18},"end":{"line":74,"column":null}},"40":{"start":{"line":75,"column":6},"end":{"line":75,"column":null}},"41":{"start":{"line":75,"column":16},"end":{"line":75,"column":null}},"42":{"start":{"line":76,"column":6},"end":{"line":76,"column":null}},"43":{"start":{"line":80,"column":6},"end":{"line":80,"column":null}},"44":{"start":{"line":83,"column":16},"end":{"line":83,"column":null}},"45":{"start":{"line":84,"column":6},"end":{"line":84,"column":null}},"46":{"start":{"line":84,"column":14},"end":{"line":84,"column":null}},"47":{"start":{"line":85,"column":6},"end":{"line":92,"column":null}},"48":{"start":{"line":97,"column":19},"end":{"line":97,"column":null}},"49":{"start":{"line":98,"column":6},"end":{"line":98,"column":null}},"50":{"start":{"line":98,"column":17},"end":{"line":98,"column":null}},"51":{"start":{"line":99,"column":6},"end":{"line":107,"column":null}},"52":{"start":{"line":111,"column":19},"end":{"line":111,"column":null}},"53":{"start":{"line":112,"column":6},"end":{"line":112,"column":null}},"54":{"start":{"line":112,"column":17},"end":{"line":112,"column":null}},"55":{"start":{"line":113,"column":6},"end":{"line":121,"column":null}},"56":{"start":{"line":125,"column":19},"end":{"line":125,"column":null}},"57":{"start":{"line":126,"column":6},"end":{"line":126,"column":null}},"58":{"start":{"line":130,"column":44},"end":{"line":130,"column":null}},"59":{"start":{"line":131,"column":6},"end":{"line":133,"column":null}},"60":{"start":{"line":132,"column":8},"end":{"line":132,"column":null}},"61":{"start":{"line":134,"column":6},"end":{"line":134,"column":null}},"62":{"start":{"line":140,"column":33},"end":{"line":140,"column":null}},"63":{"start":{"line":141,"column":20},"end":{"line":141,"column":null}},"64":{"start":{"line":142,"column":6},"end":{"line":148,"column":null}},"65":{"start":{"line":143,"column":8},"end":{"line":143,"column":null}},"66":{"start":{"line":147,"column":8},"end":{"line":147,"column":null}},"67":{"start":{"line":149,"column":6},"end":{"line":149,"column":null}},"68":{"start":{"line":157,"column":6},"end":{"line":157,"column":null}},"69":{"start":{"line":165,"column":2},"end":{"line":165,"column":null}},"70":{"start":{"line":169,"column":2},"end":{"line":169,"column":null}},"71":{"start":{"line":169,"column":30},"end":{"line":169,"column":63}},"72":{"start":{"line":174,"column":27},"end":{"line":174,"column":null}},"73":{"start":{"line":175,"column":2},"end":{"line":175,"column":null}},"74":{"start":{"line":175,"column":27},"end":{"line":175,"column":null}},"75":{"start":{"line":176,"column":24},"end":{"line":176,"column":null}},"76":{"start":{"line":177,"column":2},"end":{"line":177,"column":null}},"77":{"start":{"line":177,"column":24},"end":{"line":177,"column":null}},"78":{"start":{"line":178,"column":2},"end":{"line":178,"column":null}},"79":{"start":{"line":179,"column":2},"end":{"line":179,"column":null}},"80":{"start":{"line":180,"column":2},"end":{"line":180,"column":null}},"81":{"start":{"line":181,"column":2},"end":{"line":181,"column":null}},"82":{"start":{"line":185,"column":16},"end":{"line":185,"column":null}},"83":{"start":{"line":186,"column":2},"end":{"line":186,"column":null}},"84":{"start":{"line":186,"column":36},"end":{"line":186,"column":null}},"85":{"start":{"line":187,"column":2},"end":{"line":187,"column":null}},"86":{"start":{"line":195,"column":15},"end":{"line":195,"column":null}},"87":{"start":{"line":196,"column":2},"end":{"line":196,"column":null}},"88":{"start":{"line":196,"column":13},"end":{"line":196,"column":null}},"89":{"start":{"line":197,"column":24},"end":{"line":206,"column":null}},"90":{"start":{"line":207,"column":2},"end":{"line":213,"column":null}},"91":{"start":{"line":208,"column":4},"end":{"line":212,"column":null}},"92":{"start":{"line":214,"column":20},"end":{"line":214,"column":null}},"93":{"start":{"line":215,"column":2},"end":{"line":223,"column":null}},"94":{"start":{"line":216,"column":4},"end":{"line":222,"column":null}},"95":{"start":{"line":224,"column":2},"end":{"line":235,"column":null}},"96":{"start":{"line":225,"column":24},"end":{"line":225,"column":null}},"97":{"start":{"line":225,"column":42},"end":{"line":225,"column":91}},"98":{"start":{"line":226,"column":4},"end":{"line":226,"column":null}},"99":{"start":{"line":226,"column":34},"end":{"line":226,"column":null}},"100":{"start":{"line":227,"column":21},"end":{"line":227,"column":null}},"101":{"start":{"line":228,"column":4},"end":{"line":234,"column":null}},"102":{"start":{"line":230,"column":6},"end":{"line":230,"column":null}},"103":{"start":{"line":230,"column":35},"end":{"line":230,"column":null}},"104":{"start":{"line":233,"column":6},"end":{"line":233,"column":null}},"105":{"start":{"line":236,"column":2},"end":{"line":236,"column":null}}},"fnMap":{"0":{"name":"invertOp","decl":{"start":{"line":14,"column":16},"end":{"line":14,"column":25}},"loc":{"start":{"line":14,"column":68},"end":{"line":159,"column":null}},"line":14},"1":{"name":"applyForInversion","decl":{"start":{"line":164,"column":9},"end":{"line":164,"column":27}},"loc":{"start":{"line":164,"column":65},"end":{"line":166,"column":null}},"line":164},"2":{"name":"cloneSegments","decl":{"start":{"line":168,"column":9},"end":{"line":168,"column":23}},"loc":{"start":{"line":168,"col
[...]
"start":{"line":58,"column":9},"end":{"line":58,"column":19}},"loc":{"start":{"line":58,"column":52},"end":{"line":63,"column":null}},"line":58},"1":{"name":"parseValue","decl":{"start":{"line":65,"column":16},"end":{"line":65,"column":null}},"loc":{"start":{"line":68,"column":28},"end":{"line":120,"column":null}},"line":68},"2":{"name":"inferUnit","decl":{"start":{"line":122,"column":9},"end":{"line":122,"column":null}},"loc":{"start":{"line":125,"column":28},"end":{"line":132,"column":null}},"line":125}},"branchMap":{"0":{"loc":{"start":{"line":60,"column":4},"end":{"line":60,"column":null}},"type":"if","locations":[{"start":{"line":60,"column":4},"end":{"line":60,"column":null}},{"start":{},"end":{}}],"line":60},"1":{"loc":{"start":{"line":67,"column":2},"end":{"line":67,"column":null}},"type":"default-arg","locations":[{"start":{"line":67,"column":35},"end":{"line":67,"column":null}}],"line":67},"2":{"loc":{"start":{"line":70,"column":2},"end":{"line":70,"column":null}},"type":"if","locations":[{"start":{"line":70,"column":2},"end":{"line":70,"column":null}},{"start":{},"end":{}}],"line":70},"3":{"loc":{"start":{"line":74,"column":2},"end":{"line":86,"column":null}},"type":"if","locations":[{"start":{"line":74,"column":2},"end":{"line":86,"column":null}},{"start":{},"end":{}}],"line":74},"4":{"loc":{"start":{"line":77,"column":4},"end":{"line":79,"column":null}},"type":"if","locations":[{"start":{"line":77,"column":4},"end":{"line":79,"column":null}},{"start":{},"end":{}}],"line":77},"5":{"loc":{"start":{"line":81,"column":4},"end":{"line":81,"column":null}},"type":"if","locations":[{"start":{"line":81,"column":4},"end":{"line":81,"column":null}},{"start":{},"end":{}}],"line":81},"6":{"loc":{"start":{"line":84,"column":17},"end":{"line":84,"column":null}},"type":"binary-expr","locations":[{"start":{"line":84,"column":17},"end":{"line":84,"column":47}},{"start":{"line":84,"column":47},"end":{"line":84,"column":null}}],"line":84},"7":{"loc":{"start":{"line":90,"column":2},"end":{"line":90,"column":null}},"type":"if","locations":[{"start":{"line":90,"column":2},"end":{"line":90,"column":null}},{"start":{},"end":{}}],"line":90},"8":{"loc":{"start":{"line":93,"column":2},"end":{"line":93,"column":null}},"type":"if","locations":[{"start":{"line":93,"column":2},"end":{"line":93,"column":null}},{"start":{},"end":{}}],"line":93},"9":{"loc":{"start":{"line":99,"column":2},"end":{"line":103,"column":null}},"type":"if","locations":[{"start":{"line":99,"column":2},"end":{"line":103,"column":null}},{"start":{},"end":{}}],"line":99},"10":{"loc":{"start":{"line":101,"column":4},"end":{"line":101,"column":null}},"type":"if","locations":[{"start":{"line":101,"column":4},"end":{"line":101,"column":null}},{"start":{},"end":{}}],"line":101},"11":{"loc":{"start":{"line":105,"column":31},"end":{"line":105,"column":null}},"type":"cond-expr","locations":[{"start":{"line":105,"column":56},"end":{"line":105,"column":78}},{"start":{"line":105,"column":78},"end":{"line":105,"column":null}}],"line":105},"12":{"loc":{"start":{"line":106,"column":2},"end":{"line":108,"column":null}},"type":"if","locations":[{"start":{"line":106,"column":2},"end":{"line":108,"column":null}},{"start":{},"end":{}}],"line":106},"13":{"loc":{"start":{"line":106,"column":6},"end":{"line":106,"column":52}},"type":"binary-expr","locations":[{"start":{"line":106,"column":6},"end":{"line":106,"column":32}},{"start":{"line":106,"column":32},"end":{"line":106,"column":52}}],"line":106},"14":{"loc":{"start":{"line":109,"column":2},"end":{"line":113,"column":null}},"type":"if","locations":[{"start":{"line":109,"column":2},"end":{"line":113,"column":null}},{"start":{},"end":{}}],"line":109},"15":{"loc":{"start":{"line":111,"column":4},"end":{"line":111,"column":null}},"type":"if","locations":[{"start":{"line":111,"column":4},"end":{"line":111,"column":null}},{"start":{},"end":{}}],"line":111},"16":{"loc":{"start":{"line":116,"column":2},"end":{"line":118,"column":null}},"type":"if","locations":[{"start":{"line":116,"column":2},"end":{"line":118,"column":null}},{"start":{},"end":{}}],"line":116},"17":{"loc":{"start":{"line":116,"column":6},"end":{"line":116,"column":70}},"type":"binary-expr","locations":[{"start":{"line":116,"column":6},"end":{"line":116,"column":32}},{"start":{"line":116,"column":32},"end":{"line":116,"column":53}},{"start":{"line":116,"column":53},"end":{"line":116,"column":70}}],"line":116},"18":{"loc":{"start":{"line":126,"column":2},"end":{"line":126,"column":null}},"type":"if","locations":[{"start":{"line":126,"column":2},"end":{"line":126,"column":null}},{"start":{},"end":{}}],"line":126},"19":{"loc":{"start":{"line":128,"column":2},"end":{"line":128,"column":null}},"type":"if","locations":[{"start":{"line":128,"column":2},"end":{"line":128,"column":null}},{"start":{},"end":{}}],"line":128},"20":{"loc":{"start":{"line":128,"column":6},"end":{"line":128,"column":69}},"type":"binary-expr","locations":[{"start":{"line":128,"column":6},"end":{"line":128,"column":33}},{"start":{"line":128,"column":33},"end":{"line":128,"column":69}}],"line":128},"21":{"loc":{"start":{"line":129,"column":2},"end":{"line":129,"column":null}},"type":"if","locations":[{"start":{"line":129,"column":2},"end":{"line":129,"column":null}},{"start":{},"end":{}}],"line":129}},"s":{"0":1,"1":1,"2":1,"3":1,"4":14,"5":42,"6":13,"7":1,"8":40,"9":40,"10":2,"11":38,"12":38,"13":8,"14":8,"15":8,"16":1,"17":7,"18":7,"19":0,"20":7,"21":8,"22":30,"23":30,"24":2,"25":28,"26":28,"27":28,"28":0,"29":28,"30":28,"31":28,"32":16,"33":16,"34":0,"35":16,"36":28,"37":40,"38":1,"39":27,"40":14,"41":14,"42":3,"43":11,"44":24,"45":24,"46":1,"47":23,"48":14,"49":0,"50":14,"51":14,"52":10,"53":4,"54":1,"55":3},"f":{"0":14,"1":40,"2":14},"b":{"0":[13,29],"1":[40],"2":[2,38],"3":[8,30],"4":[1,7],"5":[0,7],"6":[7,1],"7":[2,28],"8":[0,28],"9":[16,12],"10":[0,16],"11":[14,14],"12":[1,39],"13":[40,14],"14":[14,13],"15":[3,11],"16":[1,23],"17":[24,23,1],"18":[0,14],"19":[10,4],"20":[14,13],"21":[1,3]},"meta":{"lastBranch":22,"lastFunction":3,"lastStatement":56,"seen":{"s:25:44:35:Infinity":0,"s:37:40:44:Infinity":1,"s:46:58:53:Infinity":2,"s:56:52:56:Infinity":3,"f:58:9:58:19":0,"s:59:2:61:Infinity":4,"b:60:4:60:Infinity:undefined:undefined:undefined:undefined":0,"s:60:4:60:Infinity":5,"s:60:24:60:Infinity":6,"s:62:2:62:Infinity":7,"f:65:16:65:Infinity":1,"b:67:35:67:Infinity":1,"s:69:15:69:Infinity":8,"b:70:2:70:Infinity:undefined:undefined:undefined:undefined":2,"s:70:2:70:Infinity":9,"s:70:25:70:Infinity":10,"s:73:16:73:Infinity":11,"b:74:2:86:Infinity:undefined:undefined:undefined:undefined":3,"s:74:2:86:Infinity":12,"s:75:33:75:Infinity":13,"s:76:16:76:Infinity":14,"b:77:4:79:Infinity:undefined:undefined:undefined:undefined":4,"s:77:4:79:Infinity":15,"s:78:6:78:Infinity":16,"s:80:17:80:Infinity":17,"b:81:4:81:Infinity:undefined:undefined:undefined:undefined":5,"s:81:4:81:Infinity":18,"s:81:28:81:Infinity":19,"s:84:17:84:Infinity":20,"b:84:17:84:47:84:47:84:Infinity":6,"s:85:4:85:Infinity":21,"s:89:18:89:Infinity":22,"b:90:2:90:Infinity:undefined:undefined:undefined:undefined":7,"s:90:2:90:Infinity":23,"s:90:16:90:Infinity":24,"s:91:44:91:Infinity":25,"s:92:14:92:Infinity":26,"b:93:2:93:Infinity:undefined:undefined:undefined:undefined":8,"s:93:2:93:Infinity":27,"s:93:29:93:Infinity":28,"s:97:13:97:Infinity":29,"s:98:19:98:Infinity":30,"b:99:2:103:Infinity:undefined:undefined:undefined:undefined":9,"s:99:2:103:Infinity":31,"s:100:14:100:Infinity":32,"b:101:4:101:Infinity:undefined:undefined:undefined:undefined":10,"s:101:4:101:Infinity":33,"s:101:25:101:Infinity":34,"s:102:4:102:Infinity":35,"s:105:31:105:Infinity":36,"b:105:56:105:78:105:78:105:Infinity":11,"b:106:2:108:Infinity:undefined:undefined:undefined:undefined":12,"s:106:2:108:Infinity":37,"b:106:6:106:32:106:32:106:52":13,"s:107:4:107:Infinity":38,"b:109:2:113:Infinity:undefined:undefined:undefined:undefined":14,"s:109:2:113:Infinity":39,"s:110:21:110:Infinity":40,"b:111:4:111:Infinity:undefined:undefined:undefined:undefined":15,"s:111:4:111:Infinity":41,"s:111:38:111:Infinity":42,"s:112:4:112:Infinity":43,"s:115:19:115:Infinity":44,"b:116:2:118:Infinity:undefined:undefined:undefined:undefined":16,"s:116:2:118:Infinity":45,"b:116:6:116:32:116:32:116:53:116:53:116:70":17,"s:117:4:117:Infinity":46,"s:119:2:119:Infinity":47,"f:122:9:122:Infinity":2,"b:126:2:126:Infinity:undefined:undefined:undefined:undefined":18,"s:126:2:126:Infinity":48,"s:126:16:126:Infinity":49,"s:127:20:127:Infinity":50,"b:128:2:128:Infinity:undefined:undefined:undefined:undefined":19,"s:128:2:128:Infinity":51,"b:128:6:128:33:128:33:128:69":20,"s:128:69:128:Infinity":52,"b:129:2:129:Infinity:undefined:undefined:undefined:undefined":21,"s:129:2:129:Infinity":53,"s:129:34:129:Infinity":54,"s:131:2:131:Infinity":55}}}
,"/home/user/ProtoPulse/packages/graph/src/store/fs-store.ts": {"path":"/home/user/ProtoPulse/packages/graph/src/store/fs-store.ts","statementMap":{"0":{"start":{"line":24,"column":32},"end":{"line":24,"column":null}},"1":{"start":{"line":26,"column":23},"end":{"line":37,"column":null}},"2":{"start":{"line":49,"column":2},"end":{"line":49,"column":null}},"3":{"start":{"line":53,"column":8},"end":{"line":53,"column":null}},"4":{"start":{"line":54,"column":2},"end":{"line":56,"column":null}},"5":{"start":{"line":55,"column":4},"end":{"line":55,"column":null}},"6":{"start":{"line":57,"column":19},"end":{"line":57,"column":null}},"7":{"start":{"line":59,"column":19},"end":{"line":59,"column":null}},"8":{"start":{"line":60,"column":2},"end":{"line":72,"column":null}},"9":{"start":{"line":61,"column":10},"end":{"line":61,"column":null}},"10":{"start":{"line":62,"column":30},"end":{"line":62,"column":null}},"11":{"start":{"line":63,"column":4},"end":{"line":70,"column":null}},"12":{"start":{"line":64,"column":12},"end":{"line":66,"column":null}},"13":{"start":{"line":65,"column":23},"end":{"line":65,"column":41}},"14":{"start":{"line":67,"column":6},"end":{"line":69,"column":null}},"15":{"start":{"line":68,"column":8},"end":{"line":68,"column":null}},"16":{"start":{"line":71,"column":4},"end":{"line":71,"column":null}},"17":{"start":{"line":73,"column":2},"end":{"line":75,"column":null}},"18":{"start":{"line":74,"column":4},"end":{"line":74,"column":null}},"19":{"start":{"line":76,"column":2},"end":{"line":76,"column":null}},"20":{"start":{"line":80,"column":2},"end":{"line":80,"column":null}},"21":{"start":{"line":81,"column":32},"end":{"line":87,"column":null}},"22":{"start":{"line":88,"column":2},"end":{"line":110,"column":null}},"23":{"start":{"line":89,"column":4},"end":{"line":89,"column":null}},"24":{"start":{"line":90,"column":10},"end":{"line":90,"column":null}},"25":{"start":{"line":91,"column":4},"end":{"line":91,"column":null}},"26":{"start":{"line":93,"column":19},"end":{"line":93,"column":null}},"27":{"start":{"line":94,"column":32},"end":{"line":94,"column":null}},"28":{"start":{"line":95,"column":23},"end":{"line":95,"column":null}},"29":{"start":{"line":96,"column":18},"end":{"line":102,"column":null}},"30":{"start":{"line":97,"column":19},"end":{"line":97,"column":null}},"31":{"start":{"line":98,"column":6},"end":{"line":98,"column":null}},"32":{"start":{"line":99,"column":6},"end":{"line":99,"column":null}},"33":{"start":{"line":100,"column":6},"end":{"line":100,"column":null}},"34":{"start":{"line":101,"column":6},"end":{"line":101,"column":null}},"35":{"start":{"line":103,"column":4},"end":{"line":108,"column":null}},"36":{"start":{"line":104,"column":20},"end":{"line":104,"column":null}},"37":{"start":{"line":105,"column":6},"end":{"line":105,"column":null}},"38":{"start":{"line":105,"column":73},"end":{"line":105,"column":null}},"39":{"start":{"line":106,"column":6},"end":{"line":106,"column":null}},"40":{"start":{"line":107,"column":6},"end":{"line":107,"column":null}},"41":{"start":{"line":109,"column":4},"end":{"line":109,"column":null}},"42":{"start":{"line":111,"column":2},"end":{"line":111,"column":null}},"43":{"start":{"line":112,"column":2},"end":{"line":112,"column":null}}},"fnMap":{"0":{"name":"branchDirName","decl":{"start":{"line":48,"column":9},"end":{"line":48,"column":23}},"loc":{"start":{"line":48,"column":47},"end":{"line":50,"column":null}},"line":48},"1":{"name":"loadDesignDir","decl":{"start":{"line":52,"column":16},"end":{"line":52,"column":30}},"loc":{"start":{"line":52,"column":57},"end":{"line":77,"column":null}},"line":52},"2":{"name":"(anonymous_2)","decl":{"start":{"line":65,"column":16},"end":{"line":65,"column":17}},"loc":{"start":{"line":65,"column":23},"end":{"line":65,"column":41}},"line":65},"3":{"name":"saveDesignDir","decl":{"start":{"line":79,"column":16},"end":{"line":79,"column":30}},"loc":{"start":{"line":79,"column":71},"end":{"line":113,"column":null}},"line":79},"4":{"name":"(anonymous_4)","decl":{"start":{"line":96,"column":18},"end":{"line":96,"column":30}},"loc":{"start":{"line":96,"column":30},"end":{"line":102,"column":null}},"line":96}},"branchMap":{"0":{"loc":{"start":{"line":54,"column":2},"end":{"line":56,"column":null}},"type":"if","locations":[{"start":{"line":54,"column":2},"end":{"line":56,"column":null}},{"start":{},"end":{}}],"line":54},"1":{"loc":{"start":{"line":63,"column":4},"end":{"line":70,"column":null}},"type":"if","locations":[{"start":{"line":63,"column":4},"end":{"line":70,"column":null}},{"start":{},"end":{}}],"line":63},"2":{"loc":{"start":{"line":73,"column":2},"end":{"line":75,"column":null}},"type":"if","locations":[{"start":{"line":73,"column":2},"end":{"line":75,"column":null}},{"start":{},"end":{}}],"line":73},"3":{"loc":{"start":{"line":105,"column":6},"end":{"line":105,"column":null}},"type":"if","locations":[{"start":{"line":105,"column":6},"end":{"line":105,"column":null}},{"start":{},"end":{}}],"line":105},"4":{"loc":{"start":{"line":105,"column":10},"end":{"line":105,"column":73}},"type":"binary-expr","locations":[{"start":{"line":105,"column":10},"end":{"line":105,"column":53}},{"start":{"line":105,"column":53},"end":{"line":105,"column":73}}],"line":105}},"s":{"0":1,"1":1,"2":14,"3":6,"4":6,"5":1,"6":5,"7":5,"8":5,"9":7,"10":7,"11":7,"12":6,"13":7,"14":6,"15":7,"16":7,"17":5,"18":1,"19":4,"20":5,"21":5,"22":5,"23":7,"24":7,"25":7,"26":7,"27":7,"28":7,"29":7,"30":8,"31":8,"32":8,"33":8,"34":8,"35":7,"36":24,"37":24,"38":1,"39":24,"40":24,"41":7,"42":5,"43":5},"f":{"0":14,"1":6,"2":7,"3":5,"4":8},"b":{"0":[1,5],"1":[6,1],"2":[1,4],"3":[1,23],"4":[24,1]},"meta":{"lastBranch":5,"lastFunction":5,"lastStatement":44,"seen":{"s:24:32:24:Infinity":0,"s:26:23:37:Infinity":1,"f:48:9:48:23":0,"s:49:2:49:Infinity":2,"f:52:16:52:30":1,"s:53:8:53:Infinity":3,"b:54:2:56:Infinity:undefined:undefined:undefined:undefined":0,"s:54:2:56:Infinity":4,"s:55:4:55:Infinity":5,"s:57:19:57:Infinity":6,"s:59:19:59:Infinity":7,"s:60:2:72:Infinity":8,"s:61:10:61:Infinity":9,"s:62:30:62:Infinity":10,"b:63:4:70:Infinity:undefined:undefined:undefined:undefined":1,"s:63:4:70:Infinity":11,"s:64:12:66:Infinity":12,"f:65:16:65:17":2,"s:65:23:65:41":13,"s:67:6:69:Infinity":14,"s:68:8:68:Infinity":15,"s:71:4:71:Infinity":16,"b:73:2:75:Infinity:undefined:undefined:undefined:undefined":2,"s:73:2:75:Infinity":17,"s:74:4:74:Infinity":18,"s:76:2:76:Infinity":19,"f:79:16:79:30":3,"s:80:2:80:Infinity":20,"s:81:32:87:Infinity":21,"s:88:2:110:Infinity":22,"s:89:4:89:Infinity":23,"s:90:10:90:Infinity":24,"s:91:4:91:Infinity":25,"s:93:19:93:Infinity":26,"s:94:32:94:Infinity":27,"s:95:23:95:Infinity":28,"s:96:18:102:Infinity":29,"f:96:18:96:30":4,"s:97:19:97:Infinity":30,"s:98:6:98:Infinity":31,"s:99:6:99:Infinity":32,"s:100:6:100:Infinity":33,"s:101:6:101:Infinity":34,"s:103:4:108:Infinity":35,"s:104:20:104:Infinity":36,"b:105:6:105:Infinity:undefined:undefined:undefined:undefined":3,"s:105:6:105:Infinity":37,"b:105:10:105:53:105:53:105:73":4,"s:105:73:105:Infinity":38,"s:106:6:106:Infinity":39,"s:107:6:107:Infinity":40,"s:109:4:109:Infinity":41,"s:111:2:111:Infinity":42,"s:112:2:112:Infinity":43}}}
,"/home/user/ProtoPulse/packages/graph/src/store/serialize.ts": {"path":"/home/user/ProtoPulse/packages/graph/src/store/serialize.ts","statementMap":{"0":{"start":{"line":17,"column":2},"end":{"line":17,"column":null}},"1":{"start":{"line":17,"column":25},"end":{"line":17,"column":43}},"2":{"start":{"line":21,"column":28},"end":{"line":21,"column":null}},"3":{"start":{"line":22,"column":2},"end":{"line":26,"column":null}},"4":{"start":{"line":23,"column":20},"end":{"line":23,"column":null}},"5":{"start":{"line":24,"column":4},"end":{"line":24,"column":null}},"6":{"start":{"line":24,"column":30},"end":{"line":24,"column":null}},"7":{"start":{"line":25,"column":4},"end":{"line":25,"column":null}},"8":{"start":{"line":27,"column":2},"end":{"line":27,"column":null}},"9":{"start":{"line":45,"column":2},"end":{"line":62,"column":null}},"10":{"start":{"line":66,"column":2},"end":{"line":83,"column":null}},"11":{"start":{"line":88,"column":34},"end":{"line":88,"column":null}},"12":{"start":{"line":90,"column":24},"end":{"line":93,"column":null}},"13":{"start":{"line":95,"column":50},"end":{"line":99,"column":null}},"14":{"start":{"line":109,"column":59},"end":{"line":115,"column":null}},"15":{"start":{"line":118,"column":2},"end":{"line":118,"column":null}},"16":{"start":{"line":122,"column":2},"end":{"line":122,"column":null}}},"fnMap":{"0":{"name":"encodeOpl","decl":{"start":{"line":16,"column":16},"end":{"line":16,"column":26}},"loc":{"start":{"line":16,"column":62},"end":{"line":18,"column":null}},"line":16},"1":{"name":"(anonymous_1)","decl":{"start":{"line":17,"column":17},"end":{"line":17,"column":18}},"loc":{"start":{"line":17,"column":25},"end":{"line":17,"column":43}},"line":17},"2":{"name":"decodeOpl","decl":{"start":{"line":20,"column":16},"end":{"line":20,"column":26}},"loc":{"start":{"line":20,"column":54},"end":{"line":28,"column":null}},"line":20},"3":{"name":"graphToJson","decl":{"start":{"line":44,"column":16},"end":{"line":44,"column":28}},"loc":{"start":{"line":44,"column":67},"end":{"line":63,"column":null}},"line":44},"4":{"name":"graphFromJson","decl":{"start":{"line":65,"column":16},"end":{"line":65,"column":30}},"loc":{"start":{"line":65,"column":68},"end":{"line":84,"column":null}},"line":65},"5":{"name":"encodeBundle","decl":{"start":{"line":117,"column":16},"end":{"line":117,"column":29}},"loc":{"start":{"line":117,"column":59},"end":{"line":119,"column":null}},"line":117},"6":{"name":"decodeBundle","decl":{"start":{"line":121,"column":16},"end":{"line":121,"column":29}},"loc":{"start":{"line":121,"column":57},"end":{"line":123,"column":null}},"line":121}},"branchMap":{"0":{"loc":{"start":{"line":17,"column":59},"end":{"line":17,"column":null}},"type":"cond-expr","locations":[{"start":{"line":17,"column":76},"end":{"line":17,"column":83}},{"start":{"line":17,"column":83},"end":{"line":17,"column":null}}],"line":17},"1":{"loc":{"start":{"line":24,"column":4},"end":{"line":24,"column":null}},"type":"if","locations":[{"start":{"line":24,"column":4},"end":{"line":24,"column":null}},{"start":{},"end":{}}],"line":24}},"s":{"0":10,"1":37,"2":11,"3":11,"4":64,"5":64,"6":13,"7":51,"8":10,"9":13,"10":2,"11":2,"12":2,"13":2,"14":2,"15":1,"16":2},"f":{"0":10,"1":37,"2":11,"3":13,"4":2,"5":1,"6":2},"b":{"0":[5,5],"1":[13,51]},"meta":{"lastBranch":2,"lastFunction":7,"lastStatement":17,"seen":{"f:16:16:16:26":0,"s:17:2:17:Infinity":0,"f:17:17:17:18":1,"s:17:25:17:43":1,"b:17:76:17:83:17:83:17:Infinity":0,"f:20:16:20:26":2,"s:21:28:21:Infinity":2,"s:22:2:26:Infinity":3,"s:23:20:23:Infinity":4,"b:24:4:24:Infinity:undefined:undefined:undefined:undefined":1,"s:24:4:24:Infinity":5,"s:24:30:24:Infinity":6,"s:25:4:25:Infinity":7,"s:27:2:27:Infinity":8,"f:44:16:44:28":3,"s:45:2:62:Infinity":9,"f:65:16:65:30":4,"s:66:2:83:Infinity":10,"s:88:34:88:Infinity":11,"s:90:24:93:Infinity":12,"s:95:50:99:Infinity":13,"s:109:59:115:Infinity":14,"f:117:16:117:29":5,"s:118:2:118:Infinity":15,"f:121:16:121:29":6,"s:122:2:122:Infinity":16}}}
}
